#
# There is insufficient memory for the Java Runtime Environment to continue.
# Native memory allocation (mmap) failed to map 40894464 bytes for G1 virtual space
# Possible reasons:
#   The system is out of physical RAM or swap space
#   The process is running with CompressedOops enabled, and the Java Heap may be blocking the growth of the native heap
# Possible solutions:
#   Reduce memory load on the system
#   Increase physical memory or swap space
#   Check if swap backing store is full
#   Decrease Java heap size (-Xmx/-Xms)
#   Decrease number of Java threads
#   Decrease Java thread stack sizes (-Xss)
#   Set larger code cache with -XX:ReservedCodeCacheSize=
#   JVM is running with Unscaled Compressed Oops mode in which the Java heap is
#     placed in the first 4GB address space. The Java Heap base address is the
#     maximum limit for the native heap growth. Please use -XX:HeapBaseMinAddress
#     to set the Java Heap base and to place the Java Heap above 4GB virtual address.
# This output file may be truncated or incomplete.
#
#  Out of Memory Error (os_windows.cpp:3530), pid=15624, tid=42324
#
# JRE version: OpenJDK Runtime Environment (18.0+36) (build 18+36-2087)
# Java VM: OpenJDK 64-Bit Server VM (18+36-2087, mixed mode, sharing, tiered, compressed oops, compressed class ptrs, g1 gc, windows-amd64)
# No core dump will be written. Minidumps are not enabled by default on client versions of Windows
#

---------------  S U M M A R Y ------------

Command Line: -XX:MaxMetaspaceSize=512m --add-opens=java.base/java.util=ALL-UNNAMED --add-opens=java.base/java.lang=ALL-UNNAMED --add-opens=java.base/java.lang.invoke=ALL-UNNAMED --add-opens=java.base/java.util=ALL-UNNAMED --add-opens=java.prefs/java.util.prefs=ALL-UNNAMED --add-opens=java.prefs/java.util.prefs=ALL-UNNAMED --add-opens=java.base/java.nio.charset=ALL-UNNAMED --add-opens=java.base/java.net=ALL-UNNAMED --add-opens=java.base/java.util.concurrent.atomic=ALL-UNNAMED -Xmx2048m -Dfile.encoding=UTF-8 -Duser.country=GB -Duser.language=en -Duser.variant org.gradle.launcher.daemon.bootstrap.GradleDaemon 7.5.1

Host: Intel(R) Core(TM) i7-1065G7 CPU @ 1.30GHz, 8 cores, 15G,  Windows 10 , 64 bit Build 19041 (10.0.19041.2788)
Time: Mon Apr 24 15:55:45 2023 W. Europe Summer Time elapsed time: 70.291479 seconds (0d 0h 1m 10s)

---------------  T H R E A D  ---------------

Current thread (0x000001e2d79a0c90):  VMThread "VM Thread" [stack: 0x000000b113c00000,0x000000b113d00000] [id=42324]

Stack: [0x000000b113c00000,0x000000b113d00000]
Native frames: (J=compiled Java code, j=interpreted, Vv=VM code, C=native code)
V  [jvm.dll+0x69804a]
V  [jvm.dll+0x7f308d]
V  [jvm.dll+0x7f499e]
V  [jvm.dll+0x7f5053]
V  [jvm.dll+0x25ca3f]
V  [jvm.dll+0x694f99]
V  [jvm.dll+0x689aca]
V  [jvm.dll+0x321efb]
V  [jvm.dll+0x3298d6]
V  [jvm.dll+0x37e47e]
V  [jvm.dll+0x37e6af]
V  [jvm.dll+0x2f9c7a]
V  [jvm.dll+0x2f9d27]
V  [jvm.dll+0x33e262]
V  [jvm.dll+0x33c804]
V  [jvm.dll+0x2f9450]
V  [jvm.dll+0x33c0fd]
V  [jvm.dll+0x7f9e3b]
V  [jvm.dll+0x7fabd4]
V  [jvm.dll+0x7fb10c]
V  [jvm.dll+0x7fb564]
V  [jvm.dll+0x7fb627]
V  [jvm.dll+0x79fbba]
V  [jvm.dll+0x696ef5]
C  [ucrtbase.dll+0x21bb2]
C  [KERNEL32.DLL+0x17604]
C  [ntdll.dll+0x526a1]

VM_Operation (0x000000b1165fe4f0): G1TryInitiateConcMark, mode: safepoint, requested by thread 0x000001e2dc6b4a40


---------------  P R O C E S S  ---------------

Threads class SMR info:
_java_thread_list=0x000001e2e0c2daa0, length=137, elements={
0x000001e2b9757c20, 0x000001e2d79a5a50, 0x000001e2d79a6300, 0x000001e2d79ba8c0,
0x000001e2d79bb170, 0x000001e2d79bba20, 0x000001e2d79bc2d0, 0x000001e2d79bceb0,
0x000001e2d79c37c0, 0x000001e2d7a2b120, 0x000001e2dbcd22d0, 0x000001e2dbcd2dc0,
0x000001e2dd26f320, 0x000001e2dbf50c40, 0x000001e2dbf51100, 0x000001e2dbf3d6e0,
0x000001e2dd3250b0, 0x000001e2dccf3010, 0x000001e2dc5cd270, 0x000001e2dc5df4a0,
0x000001e2dc5e1650, 0x000001e2dc5defd0, 0x000001e2dc5dfe40, 0x000001e2dc5e0310,
0x000001e2dc5e0cb0, 0x000001e2dc5e07e0, 0x000001e2dc5e1180, 0x000001e2dc5e1b20,
0x000001e2dc5e1ff0, 0x000001e2dc5de630, 0x000001e2dc5deb00, 0x000001e2dc6ae060,
0x000001e2dc6b4a40, 0x000001e2dc6b2890, 0x000001e2dc6b3230, 0x000001e2dc6b40a0,
0x000001e2dc6b06e0, 0x000001e2dc6aeed0, 0x000001e2dc6b2d60, 0x000001e2dc6b4f10,
0x000001e2dc6b0210, 0x000001e2dc6afd40, 0x000001e2dc6b3700, 0x000001e2dc6b4570,
0x000001e2dc6ae530, 0x000001e2dc6aea00, 0x000001e2dc6b1ef0, 0x000001e2dc6b23c0,
0x000001e2df16a1c0, 0x000001e2df170200, 0x000001e2df16e050, 0x000001e2df16f860,
0x000001e2df16fd30, 0x000001e2df16b030, 0x000001e2df16c840, 0x000001e2df16bea0,
0x000001e2df16ab60, 0x000001e2df1706d0, 0x000001e2df16c370, 0x000001e2df16cd10,
0x000001e2df16d1e0, 0x000001e2df16d6b0, 0x000001e2df16db80, 0x000001e2df170ba0,
0x000001e2df16b500, 0x000001e2df16b9d0, 0x000001e2df16e520, 0x000001e2df171070,
0x000001e2df16e9f0, 0x000001e2df169820, 0x000001e2df16eec0, 0x000001e2df169cf0,
0x000001e2df16f390, 0x000001e2df16a690, 0x000001e2ddc04ae0, 0x000001e2ddc062f0,
0x000001e2ddc04fb0, 0x000001e2ddc04140, 0x000001e2ddc05480, 0x000001e2ddc05e20,
0x000001e2ddc02930, 0x000001e2ddc037a0, 0x000001e2dc6b53e0, 0x000001e2e0efa540,
0x000001e2e0ef7520, 0x000001e2e0ef96d0, 0x000001e2e0efaa10, 0x000001e2e0ef8d30,
0x000001e2e0ef9200, 0x000001e2e0ef8860, 0x000001e2e0efa070, 0x000001e2e0ef7050,
0x000001e2e0ef79f0, 0x000001e2e0ef7ec0, 0x000001e2e0ef8390, 0x000001e2e0ef9ba0,
0x000001e2df78e3c0, 0x000001e2df790570, 0x000001e2df78f230, 0x000001e2df7913e0,
0x000001e2df78aa00, 0x000001e2df78f700, 0x000001e2df78e890, 0x000001e2df78a530,
0x000001e2df7918b0, 0x000001e2df78a060, 0x000001e2df78aed0, 0x000001e2df7900a0,
0x000001e2df78c6e0, 0x000001e2df78ed60, 0x000001e2df78b870, 0x000001e2df78cbb0,
0x000001e2df78d080, 0x000001e2df78d550, 0x000001e2df78da20, 0x000001e2de19a3f0,
0x000001e2de194d50, 0x000001e2de1990b0, 0x000001e2de1956f0, 0x000001e2de193ee0,
0x000001e2de198710, 0x000001e2de195bc0, 0x000001e2de194880, 0x000001e2de195220,
0x000001e2de196090, 0x000001e2de198240, 0x000001e2de196560, 0x000001e2de199f20,
0x000001e2de196a30, 0x000001e2de198be0, 0x000001e2de19a8c0, 0x000001e2de1978a0,
0x000001e2de196f00, 0x000001e2de1973d0, 0x000001e2de197d70, 0x000001e2de199580,
0x000001e2dfbf3390
}

Java Threads: ( => current thread )
  0x000001e2b9757c20 JavaThread "main" [_thread_blocked, id=30028, stack(0x000000b113600000,0x000000b113700000)]
  0x000001e2d79a5a50 JavaThread "Reference Handler" daemon [_thread_blocked, id=30916, stack(0x000000b113d00000,0x000000b113e00000)]
  0x000001e2d79a6300 JavaThread "Finalizer" daemon [_thread_blocked, id=17576, stack(0x000000b113e00000,0x000000b113f00000)]
  0x000001e2d79ba8c0 JavaThread "Signal Dispatcher" daemon [_thread_blocked, id=17800, stack(0x000000b113f00000,0x000000b114000000)]
  0x000001e2d79bb170 JavaThread "Attach Listener" daemon [_thread_blocked, id=23820, stack(0x000000b114000000,0x000000b114100000)]
  0x000001e2d79bba20 JavaThread "Service Thread" daemon [_thread_blocked, id=23236, stack(0x000000b114100000,0x000000b114200000)]
  0x000001e2d79bc2d0 JavaThread "Monitor Deflation Thread" daemon [_thread_blocked, id=40504, stack(0x000000b114200000,0x000000b114300000)]
  0x000001e2d79bceb0 JavaThread "C2 CompilerThread0" daemon [_thread_blocked, id=22156, stack(0x000000b114300000,0x000000b114400000)]
  0x000001e2d79c37c0 JavaThread "C1 CompilerThread0" daemon [_thread_blocked, id=33344, stack(0x000000b114400000,0x000000b114500000)]
  0x000001e2d7a2b120 JavaThread "Sweeper thread" daemon [_thread_blocked, id=3608, stack(0x000000b114500000,0x000000b114600000)]
  0x000001e2dbcd22d0 JavaThread "Common-Cleaner" daemon [_thread_blocked, id=11392, stack(0x000000b114600000,0x000000b114700000)]
  0x000001e2dbcd2dc0 JavaThread "Notification Thread" daemon [_thread_blocked, id=25212, stack(0x000000b114700000,0x000000b114800000)]
  0x000001e2dd26f320 JavaThread "Daemon health stats" [_thread_blocked, id=13648, stack(0x000000b114f00000,0x000000b115000000)]
  0x000001e2dbf50c40 JavaThread "Incoming local TCP Connector on port 59463" [_thread_in_native, id=28312, stack(0x000000b114e00000,0x000000b114f00000)]
  0x000001e2dbf51100 JavaThread "Daemon periodic checks" [_thread_blocked, id=27124, stack(0x000000b115000000,0x000000b115100000)]
  0x000001e2dbf3d6e0 JavaThread "Daemon" [_thread_blocked, id=10264, stack(0x000000b115100000,0x000000b115200000)]
  0x000001e2dd3250b0 JavaThread "Handler for socket connection from /127.0.0.1:59463 to /127.0.0.1:59464" [_thread_in_native, id=24132, stack(0x000000b115200000,0x000000b115300000)]
  0x000001e2dccf3010 JavaThread "Cancel handler" [_thread_blocked, id=20328, stack(0x000000b115300000,0x000000b115400000)]
  0x000001e2dc5cd270 JavaThread "Daemon worker" [_thread_blocked, id=22016, stack(0x000000b115400000,0x000000b115500000)]
  0x000001e2dc5df4a0 JavaThread "Asynchronous log dispatcher for DefaultDaemonConnection: socket connection from /127.0.0.1:59463 to /127.0.0.1:59464" [_thread_blocked, id=20248, stack(0x000000b115500000,0x000000b115600000)]
  0x000001e2dc5e1650 JavaThread "Stdin handler" [_thread_blocked, id=37968, stack(0x000000b115600000,0x000000b115700000)]
  0x000001e2dc5defd0 JavaThread "Daemon client event forwarder" [_thread_blocked, id=20056, stack(0x000000b115700000,0x000000b115800000)]
  0x000001e2dc5dfe40 JavaThread "Cache worker for journal cache (C:\Users\carol\.gradle\caches\journal-1)" [_thread_blocked, id=23388, stack(0x000000b115800000,0x000000b115900000)]
  0x000001e2dc5e0310 JavaThread "File lock request listener" [_thread_in_native, id=31064, stack(0x000000b115900000,0x000000b115a00000)]
  0x000001e2dc5e0cb0 JavaThread "Cache worker for file hash cache (C:\Users\carol\.gradle\caches\7.5.1\fileHashes)" [_thread_blocked, id=12468, stack(0x000000b115b00000,0x000000b115c00000)]
  0x000001e2dc5e07e0 JavaThread "File watcher server" daemon [_thread_blocked, id=36220, stack(0x000000b115a00000,0x000000b115b00000)]
  0x000001e2dc5e1180 JavaThread "File watcher consumer" daemon [_thread_blocked, id=33200, stack(0x000000b115c00000,0x000000b115d00000)]
  0x000001e2dc5e1b20 JavaThread "Cache worker for checksums cache (C:\Users\carol\Documents\6Semester\mobileApp\AwesomeProject\android\.gradle\7.5.1\checksums)" [_thread_blocked, id=41536, stack(0x000000b115d00000,0x000000b115e00000)]
  0x000001e2dc5e1ff0 JavaThread "Cache worker for cache directory md-rule (C:\Users\carol\.gradle\caches\7.5.1\md-rule)" [_thread_blocked, id=14784, stack(0x000000b115e00000,0x000000b115f00000)]
  0x000001e2dc5de630 JavaThread "Cache worker for file content cache (C:\Users\carol\.gradle\caches\7.5.1\fileContent)" [_thread_blocked, id=24752, stack(0x000000b115f00000,0x000000b116000000)]
  0x000001e2dc5deb00 JavaThread "Cache worker for file hash cache (C:\Users\carol\Documents\6Semester\mobileApp\AwesomeProject\android\.gradle\7.5.1\fileHashes)" [_thread_blocked, id=29212, stack(0x000000b116300000,0x000000b116400000)]
  0x000001e2dc6ae060 JavaThread "Cache worker for cache directory md-supplier (C:\Users\carol\.gradle\caches\7.5.1\md-supplier)" [_thread_blocked, id=37148, stack(0x000000b116400000,0x000000b116500000)]
  0x000001e2dc6b4a40 JavaThread "Cache worker for execution history cache (C:\Users\carol\.gradle\caches\7.5.1\executionHistory)" [_thread_blocked, id=976, stack(0x000000b116500000,0x000000b116600000)]
  0x000001e2dc6b2890 JavaThread "jar transforms" [_thread_blocked, id=16888, stack(0x000000b116700000,0x000000b116800000)]
  0x000001e2dc6b3230 JavaThread "jar transforms Thread 2" [_thread_blocked, id=42556, stack(0x000000b116800000,0x000000b116900000)]
  0x000001e2dc6b40a0 JavaThread "jar transforms Thread 3" [_thread_blocked, id=31600, stack(0x000000b116600000,0x000000b116700000)]
  0x000001e2dc6b06e0 JavaThread "jar transforms Thread 4" [_thread_blocked, id=35872, stack(0x000000b116900000,0x000000b116a00000)]
  0x000001e2dc6aeed0 JavaThread "Cache worker for kotlin-dsl (C:\Users\carol\.gradle\caches\7.5.1\kotlin-dsl)" [_thread_blocked, id=41344, stack(0x000000b116a00000,0x000000b116b00000)]
  0x000001e2dc6b2d60 JavaThread "jar transforms Thread 5" [_thread_blocked, id=1412, stack(0x000000b116c00000,0x000000b116d00000)]
  0x000001e2dc6b4f10 JavaThread "jar transforms Thread 6" [_thread_blocked, id=20372, stack(0x000000b116d00000,0x000000b116e00000)]
  0x000001e2dc6b0210 JavaThread "Cache worker for dependencies-accessors (C:\Users\carol\Documents\6Semester\mobileApp\AwesomeProject\android\.gradle\7.5.1\dependencies-accessors)" [_thread_blocked, id=42912, stack(0x000000b116e00000,0x000000b116f00000)]
  0x000001e2dc6afd40 JavaThread "Cache worker for Build Output Cleanup Cache (C:\Users\carol\Documents\6Semester\mobileApp\AwesomeProject\node_modules\react-native-gradle-plugin\.gradle\buildOutputCleanup)" [_thread_blocked, id=35032, stack(0x000000b116b00000,0x000000b116c00000)]
  0x000001e2dc6b3700 JavaThread "jar transforms Thread 7" [_thread_blocked, id=24592, stack(0x000000b116f00000,0x000000b117000000)]
  0x000001e2dc6b4570 JavaThread "Unconstrained build operations" [_thread_blocked, id=4332, stack(0x000000b113300000,0x000000b113400000)]
  0x000001e2dc6ae530 JavaThread "Unconstrained build operations Thread 2" [_thread_blocked, id=39620, stack(0x000000b117000000,0x000000b117100000)]
  0x000001e2dc6aea00 JavaThread "Unconstrained build operations Thread 3" [_thread_blocked, id=5272, stack(0x000000b117100000,0x000000b117200000)]
  0x000001e2dc6b1ef0 JavaThread "Unconstrained build operations Thread 4" [_thread_blocked, id=42208, stack(0x000000b117200000,0x000000b117300000)]
  0x000001e2dc6b23c0 JavaThread "Unconstrained build operations Thread 5" [_thread_blocked, id=24608, stack(0x000000b117300000,0x000000b117400000)]
  0x000001e2df16a1c0 JavaThread "Unconstrained build operations Thread 6" [_thread_blocked, id=31452, stack(0x000000b117400000,0x000000b117500000)]
  0x000001e2df170200 JavaThread "Unconstrained build operations Thread 7" [_thread_blocked, id=37844, stack(0x000000b117500000,0x000000b117600000)]
  0x000001e2df16e050 JavaThread "Unconstrained build operations Thread 8" [_thread_blocked, id=26824, stack(0x000000b117600000,0x000000b117700000)]
  0x000001e2df16f860 JavaThread "Unconstrained build operations Thread 9" [_thread_blocked, id=19628, stack(0x000000b117700000,0x000000b117800000)]
  0x000001e2df16fd30 JavaThread "Unconstrained build operations Thread 10" [_thread_blocked, id=42480, stack(0x000000b117800000,0x000000b117900000)]
  0x000001e2df16b030 JavaThread "Unconstrained build operations Thread 11" [_thread_blocked, id=37364, stack(0x000000b117900000,0x000000b117a00000)]
  0x000001e2df16c840 JavaThread "Unconstrained build operations Thread 12" [_thread_blocked, id=14964, stack(0x000000b117a00000,0x000000b117b00000)]
  0x000001e2df16bea0 JavaThread "Unconstrained build operations Thread 13" [_thread_blocked, id=20492, stack(0x000000b117b00000,0x000000b117c00000)]
  0x000001e2df16ab60 JavaThread "Unconstrained build operations Thread 14" [_thread_blocked, id=33816, stack(0x000000b117c00000,0x000000b117d00000)]
  0x000001e2df1706d0 JavaThread "Unconstrained build operations Thread 15" [_thread_blocked, id=23192, stack(0x000000b117d00000,0x000000b117e00000)]
  0x000001e2df16c370 JavaThread "Unconstrained build operations Thread 16" [_thread_blocked, id=25192, stack(0x000000b117e00000,0x000000b117f00000)]
  0x000001e2df16cd10 JavaThread "Unconstrained build operations Thread 17" [_thread_blocked, id=10996, stack(0x000000b117f00000,0x000000b118000000)]
  0x000001e2df16d1e0 JavaThread "Unconstrained build operations Thread 18" [_thread_blocked, id=34408, stack(0x000000b118000000,0x000000b118100000)]
  0x000001e2df16d6b0 JavaThread "Unconstrained build operations Thread 19" [_thread_blocked, id=14420, stack(0x000000b118100000,0x000000b118200000)]
  0x000001e2df16db80 JavaThread "Unconstrained build operations Thread 20" [_thread_blocked, id=37964, stack(0x000000b118200000,0x000000b118300000)]
  0x000001e2df170ba0 JavaThread "Unconstrained build operations Thread 21" [_thread_blocked, id=29856, stack(0x000000b118300000,0x000000b118400000)]
  0x000001e2df16b500 JavaThread "Unconstrained build operations Thread 22" [_thread_blocked, id=37596, stack(0x000000b118400000,0x000000b118500000)]
  0x000001e2df16b9d0 JavaThread "Unconstrained build operations Thread 23" [_thread_blocked, id=22524, stack(0x000000b118500000,0x000000b118600000)]
  0x000001e2df16e520 JavaThread "Unconstrained build operations Thread 24" [_thread_blocked, id=42492, stack(0x000000b118600000,0x000000b118700000)]
  0x000001e2df171070 JavaThread "Unconstrained build operations Thread 25" [_thread_blocked, id=3832, stack(0x000000b118700000,0x000000b118800000)]
  0x000001e2df16e9f0 JavaThread "Unconstrained build operations Thread 26" [_thread_blocked, id=3236, stack(0x000000b118800000,0x000000b118900000)]
  0x000001e2df169820 JavaThread "Unconstrained build operations Thread 27" [_thread_blocked, id=24468, stack(0x000000b118900000,0x000000b118a00000)]
  0x000001e2df16eec0 JavaThread "Unconstrained build operations Thread 28" [_thread_blocked, id=39760, stack(0x000000b118a00000,0x000000b118b00000)]
  0x000001e2df169cf0 JavaThread "Unconstrained build operations Thread 29" [_thread_blocked, id=9340, stack(0x000000b118b00000,0x000000b118c00000)]
  0x000001e2df16f390 JavaThread "Unconstrained build operations Thread 30" [_thread_blocked, id=12800, stack(0x000000b118c00000,0x000000b118d00000)]
  0x000001e2df16a690 JavaThread "Unconstrained build operations Thread 31" [_thread_blocked, id=31944, stack(0x000000b118d00000,0x000000b118e00000)]
  0x000001e2ddc04ae0 JavaThread "Unconstrained build operations Thread 32" [_thread_blocked, id=8364, stack(0x000000b118e00000,0x000000b118f00000)]
  0x000001e2ddc062f0 JavaThread "Unconstrained build operations Thread 33" [_thread_blocked, id=11292, stack(0x000000b118f00000,0x000000b119000000)]
  0x000001e2ddc04fb0 JavaThread "jar transforms Thread 8" [_thread_blocked, id=28444, stack(0x000000b119000000,0x000000b119100000)]
  0x000001e2ddc04140 JavaThread "build event listener" [_thread_blocked, id=31292, stack(0x000000b119100000,0x000000b119200000)]
  0x000001e2ddc05480 JavaThread "Memory manager" [_thread_blocked, id=15788, stack(0x000000b119200000,0x000000b119300000)]
  0x000001e2ddc05e20 JavaThread "Cache worker for Build Output Cleanup Cache (C:\Users\carol\Documents\6Semester\mobileApp\AwesomeProject\android\.gradle\buildOutputCleanup)" [_thread_blocked, id=36588, stack(0x000000b119600000,0x000000b119700000)]
  0x000001e2ddc02930 JavaThread "included builds" [_thread_blocked, id=21620, stack(0x000000b119700000,0x000000b119800000)]
  0x000001e2ddc037a0 JavaThread "Execution worker" [_thread_blocked, id=33064, stack(0x000000b119800000,0x000000b119900000)]
  0x000001e2dc6b53e0 JavaThread "Execution worker Thread 2" [_thread_blocked, id=16484, stack(0x000000b119900000,0x000000b119a00000)]
  0x000001e2e0efa540 JavaThread "Execution worker Thread 3" [_thread_blocked, id=584, stack(0x000000b119a00000,0x000000b119b00000)]
  0x000001e2e0ef7520 JavaThread "Execution worker Thread 4" [_thread_blocked, id=7660, stack(0x000000b119b00000,0x000000b119c00000)]
  0x000001e2e0ef96d0 JavaThread "Execution worker Thread 5" [_thread_blocked, id=35696, stack(0x000000b119c00000,0x000000b119d00000)]
  0x000001e2e0efaa10 JavaThread "Execution worker Thread 6" [_thread_blocked, id=2484, stack(0x000000b119d00000,0x000000b119e00000)]
  0x000001e2e0ef8d30 JavaThread "Execution worker Thread 7" [_thread_blocked, id=1712, stack(0x000000b119e00000,0x000000b119f00000)]
  0x000001e2e0ef9200 JavaThread "Cache worker for execution history cache (C:\Users\carol\Documents\6Semester\mobileApp\AwesomeProject\node_modules\react-native-gradle-plugin\.gradle\7.5.1\executionHistory)" [_thread_blocked, id=38692, stack(0x000000b119f00000,0x000000b11a000000)]
  0x000001e2e0ef8860 JavaThread "Unconstrained build operations Thread 34" [_thread_blocked, id=33312, stack(0x000000b119500000,0x000000b119600000)]
  0x000001e2e0efa070 JavaThread "Unconstrained build operations Thread 35" [_thread_blocked, id=29592, stack(0x000000b11a000000,0x000000b11a100000)]
  0x000001e2e0ef7050 JavaThread "Unconstrained build operations Thread 36" [_thread_blocked, id=9300, stack(0x000000b11a100000,0x000000b11a200000)]
  0x000001e2e0ef79f0 JavaThread "Unconstrained build operations Thread 37" [_thread_blocked, id=32292, stack(0x000000b11a200000,0x000000b11a300000)]
  0x000001e2e0ef7ec0 JavaThread "Unconstrained build operations Thread 38" [_thread_blocked, id=19224, stack(0x000000b11a300000,0x000000b11a400000)]
  0x000001e2e0ef8390 JavaThread "Unconstrained build operations Thread 39" [_thread_blocked, id=18440, stack(0x000000b11a400000,0x000000b11a500000)]
  0x000001e2e0ef9ba0 JavaThread "Unconstrained build operations Thread 40" [_thread_blocked, id=36840, stack(0x000000b11a500000,0x000000b11a600000)]
  0x000001e2df78e3c0 JavaThread "Unconstrained build operations Thread 41" [_thread_blocked, id=19936, stack(0x000000b11a600000,0x000000b11a700000)]
  0x000001e2df790570 JavaThread "Unconstrained build operations Thread 42" [_thread_blocked, id=4104, stack(0x000000b11a700000,0x000000b11a800000)]
  0x000001e2df78f230 JavaThread "Unconstrained build operations Thread 43" [_thread_blocked, id=22580, stack(0x000000b11a800000,0x000000b11a900000)]
  0x000001e2df7913e0 JavaThread "Unconstrained build operations Thread 44" [_thread_blocked, id=27980, stack(0x000000b11a900000,0x000000b11aa00000)]
  0x000001e2df78aa00 JavaThread "Unconstrained build operations Thread 45" [_thread_blocked, id=34256, stack(0x000000b11aa00000,0x000000b11ab00000)]
  0x000001e2df78f700 JavaThread "Unconstrained build operations Thread 46" [_thread_blocked, id=6632, stack(0x000000b11ab00000,0x000000b11ac00000)]
  0x000001e2df78e890 JavaThread "Unconstrained build operations Thread 47" [_thread_blocked, id=20948, stack(0x000000b11ac00000,0x000000b11ad00000)]
  0x000001e2df78a530 JavaThread "Unconstrained build operations Thread 48" [_thread_blocked, id=37264, stack(0x000000b11ad00000,0x000000b11ae00000)]
  0x000001e2df7918b0 JavaThread "Unconstrained build operations Thread 49" [_thread_blocked, id=13516, stack(0x000000b11ae00000,0x000000b11af00000)]
  0x000001e2df78a060 JavaThread "Unconstrained build operations Thread 50" [_thread_blocked, id=36776, stack(0x000000b11af00000,0x000000b11b000000)]
  0x000001e2df78aed0 JavaThread "Unconstrained build operations Thread 51" [_thread_blocked, id=19916, stack(0x000000b11b000000,0x000000b11b100000)]
  0x000001e2df7900a0 JavaThread "Unconstrained build operations Thread 52" [_thread_blocked, id=35468, stack(0x000000b11b100000,0x000000b11b200000)]
  0x000001e2df78c6e0 JavaThread "Unconstrained build operations Thread 53" [_thread_blocked, id=40860, stack(0x000000b11b200000,0x000000b11b300000)]
  0x000001e2df78ed60 JavaThread "Unconstrained build operations Thread 54" [_thread_blocked, id=29932, stack(0x000000b11b300000,0x000000b11b400000)]
  0x000001e2df78b870 JavaThread "Unconstrained build operations Thread 55" [_thread_blocked, id=2464, stack(0x000000b11b400000,0x000000b11b500000)]
  0x000001e2df78cbb0 JavaThread "Unconstrained build operations Thread 56" [_thread_blocked, id=37228, stack(0x000000b11b500000,0x000000b11b600000)]
  0x000001e2df78d080 JavaThread "Unconstrained build operations Thread 57" [_thread_blocked, id=10480, stack(0x000000b11b600000,0x000000b11b700000)]
  0x000001e2df78d550 JavaThread "Unconstrained build operations Thread 58" [_thread_blocked, id=3420, stack(0x000000b11b700000,0x000000b11b800000)]
  0x000001e2df78da20 JavaThread "Unconstrained build operations Thread 59" [_thread_blocked, id=36236, stack(0x000000b11b800000,0x000000b11b900000)]
  0x000001e2de19a3f0 JavaThread "Unconstrained build operations Thread 60" [_thread_blocked, id=4404, stack(0x000000b11b900000,0x000000b11ba00000)]
  0x000001e2de194d50 JavaThread "Unconstrained build operations Thread 61" [_thread_blocked, id=11272, stack(0x000000b11ba00000,0x000000b11bb00000)]
  0x000001e2de1990b0 JavaThread "Unconstrained build operations Thread 62" [_thread_blocked, id=42956, stack(0x000000b11bb00000,0x000000b11bc00000)]
  0x000001e2de1956f0 JavaThread "Unconstrained build operations Thread 63" [_thread_blocked, id=36060, stack(0x000000b11bc00000,0x000000b11bd00000)]
  0x000001e2de193ee0 JavaThread "Unconstrained build operations Thread 64" [_thread_blocked, id=30356, stack(0x000000b11bd00000,0x000000b11be00000)]
  0x000001e2de198710 JavaThread "Unconstrained build operations Thread 65" [_thread_blocked, id=30944, stack(0x000000b11be00000,0x000000b11bf00000)]
  0x000001e2de195bc0 JavaThread "Unconstrained build operations Thread 66" [_thread_blocked, id=24732, stack(0x000000b11bf00000,0x000000b11c000000)]
  0x000001e2de194880 JavaThread "Unconstrained build operations Thread 67" [_thread_blocked, id=21712, stack(0x000000b11c000000,0x000000b11c100000)]
  0x000001e2de195220 JavaThread "Unconstrained build operations Thread 68" [_thread_blocked, id=25344, stack(0x000000b11c100000,0x000000b11c200000)]
  0x000001e2de196090 JavaThread "Unconstrained build operations Thread 69" [_thread_blocked, id=14328, stack(0x000000b11c200000,0x000000b11c300000)]
  0x000001e2de198240 JavaThread "Unconstrained build operations Thread 70" [_thread_blocked, id=6052, stack(0x000000b11c300000,0x000000b11c400000)]
  0x000001e2de196560 JavaThread "Unconstrained build operations Thread 71" [_thread_blocked, id=17680, stack(0x000000b11c400000,0x000000b11c500000)]
  0x000001e2de199f20 JavaThread "Unconstrained build operations Thread 72" [_thread_blocked, id=39164, stack(0x000000b11c500000,0x000000b11c600000)]
  0x000001e2de196a30 JavaThread "Unconstrained build operations Thread 73" [_thread_blocked, id=37956, stack(0x000000b11c600000,0x000000b11c700000)]
  0x000001e2de198be0 JavaThread "Unconstrained build operations Thread 74" [_thread_blocked, id=23436, stack(0x000000b11c700000,0x000000b11c800000)]
  0x000001e2de19a8c0 JavaThread "Unconstrained build operations Thread 75" [_thread_blocked, id=24988, stack(0x000000b11c800000,0x000000b11c900000)]
  0x000001e2de1978a0 JavaThread "Unconstrained build operations Thread 76" [_thread_blocked, id=20564, stack(0x000000b11c900000,0x000000b11ca00000)]
  0x000001e2de196f00 JavaThread "Unconstrained build operations Thread 77" [_thread_blocked, id=41784, stack(0x000000b11ca00000,0x000000b11cb00000)]
  0x000001e2de1973d0 JavaThread "Unconstrained build operations Thread 78" [_thread_blocked, id=30344, stack(0x000000b11cb00000,0x000000b11cc00000)]
  0x000001e2de197d70 JavaThread "Unconstrained build operations Thread 79" [_thread_blocked, id=23772, stack(0x000000b11cc00000,0x000000b11cd00000)]
  0x000001e2de199580 JavaThread "Unconstrained build operations Thread 80" [_thread_blocked, id=12096, stack(0x000000b11cd00000,0x000000b11ce00000)]
  0x000001e2dfbf3390 JavaThread "Cache worker for execution history cache (C:\Users\carol\Documents\6Semester\mobileApp\AwesomeProject\android\.gradle\7.5.1\executionHistory)" [_thread_blocked, id=26508, stack(0x000000b113400000,0x000000b113500000)]

Other Threads:
=>0x000001e2d79a0c90 VMThread "VM Thread" [stack: 0x000000b113c00000,0x000000b113d00000] [id=42324]
  0x000001e2dbcd3280 WatcherThread "VM Periodic Task Thread" [stack: 0x000000b114800000,0x000000b114900000] [id=28088]
  0x000001e2b97b8a50 WorkerThread "GC Thread#0" [stack: 0x000000b113700000,0x000000b113800000] [id=33340]
  0x000001e2dc6c4fc0 WorkerThread "GC Thread#1" [stack: 0x000000b114900000,0x000000b114a00000] [id=11588]
  0x000001e2dc6407f0 WorkerThread "GC Thread#2" [stack: 0x000000b114a00000,0x000000b114b00000] [id=1896]
  0x000001e2dc640a90 WorkerThread "GC Thread#3" [stack: 0x000000b114b00000,0x000000b114c00000] [id=9612]
  0x000001e2dc640d30 WorkerThread "GC Thread#4" [stack: 0x000000b114c00000,0x000000b114d00000] [id=8388]
  0x000001e2dc640fd0 WorkerThread "GC Thread#5" [stack: 0x000000b114d00000,0x000000b114e00000] [id=19460]
  0x000001e2dcb83aa0 WorkerThread "GC Thread#6" [stack: 0x000000b116000000,0x000000b116100000] [id=25644]
  0x000001e2dcb83800 WorkerThread "GC Thread#7" [stack: 0x000000b116100000,0x000000b116200000] [id=7488]
  0x000001e2b97ca740 ConcurrentGCThread "G1 Main Marker" [stack: 0x000000b113800000,0x000000b113900000] [id=33176]
  0x000001e2b97caee0 WorkerThread "G1 Conc#0" [stack: 0x000000b113900000,0x000000b113a00000] [id=36972]
  0x000001e2dcb83560 WorkerThread "G1 Conc#1" [stack: 0x000000b116200000,0x000000b116300000] [id=29772]
  0x000001e2b981ead0 ConcurrentGCThread "G1 Refine#0" [stack: 0x000000b113a00000,0x000000b113b00000] [id=26000]
  0x000001e2d785d570 ConcurrentGCThread "G1 Service" [stack: 0x000000b113b00000,0x000000b113c00000] [id=14120]

Threads with active compile tasks:
C2 CompilerThread0    70407 12739       4       com.google.common.collect.ImmutableSortedMap::get (27 bytes)

VM state: at safepoint (normal execution)

VM Mutex/Monitor currently owned by a thread:  ([mutex/lock_event])
[0x000001e2b97538c0] Threads_lock - owner thread: 0x000001e2d79a0c90
[0x000001e2b9753dd0] Heap_lock - owner thread: 0x000001e2dc6b4a40

Heap address: 0x0000000080000000, size: 2048 MB, Compressed Oops mode: 32-bit

CDS archive(s) mapped at: [0x0000000800000000-0x0000000800b90000-0x0000000800b90000), size 12124160, SharedBaseAddress: 0x0000000800000000, ArchiveRelocationMode: 0.
Compressed class space mapped at: 0x0000000800c00000-0x000000081a800000, reserved size: 432013312
Narrow klass base: 0x0000000800000000, Narrow klass shift: 0, Narrow klass range: 0x100000000

GC Precious Log:
 CardTable entry size: 512
 Card Set container configuration: InlinePtr #cards 5 size 8 Array Of Cards #cards 12 size 40 Howl #buckets 4 coarsen threshold 1843 Howl Bitmap #cards 512 size 80 coarsen threshold 460 Card regions per heap region 1 cards per card region 2048
 CPUs: 8 total, 8 available
 Memory: 15970M
 Large Page Support: Disabled
 NUMA Support: Disabled
 Compressed Oops: Enabled (32-bit)
 Heap Region Size: 1M
 Heap Min Capacity: 8M
 Heap Initial Capacity: 250M
 Heap Max Capacity: 2G
 Pre-touch: Disabled
 Parallel Workers: 8
 Concurrent Workers: 2
 Concurrent Refinement Workers: 8
 Periodic GC: Disabled

Heap:
 garbage-first heap   total 196608K, used 108030K [0x0000000080000000, 0x0000000100000000)
  region size 1024K, 6 young (6144K), 6 survivors (6144K)
 Metaspace       used 88817K, committed 90816K, reserved 552960K
  class space    used 12272K, committed 13312K, reserved 421888K

Heap Regions: E=young(eden), S=young(survivor), O=old, HS=humongous(starts), HC=humongous(continues), CS=collection set, F=free, OA=open archive, CA=closed archive, TAMS=top-at-mark-start (previous, next)
|   0|0x0000000080000000, 0x0000000080100000, 0x0000000080100000|100%| O|  |TAMS 0x0000000080100000, 0x0000000080100000| Untracked 
|   1|0x0000000080100000, 0x0000000080200000, 0x0000000080200000|100%| O|  |TAMS 0x0000000080200000, 0x0000000080200000| Untracked 
|   2|0x0000000080200000, 0x0000000080300000, 0x0000000080300000|100%| O|  |TAMS 0x0000000080300000, 0x0000000080300000| Untracked 
|   3|0x0000000080300000, 0x0000000080400000, 0x0000000080400000|100%|HS|  |TAMS 0x0000000080400000, 0x0000000080400000| Complete 
|   4|0x0000000080400000, 0x0000000080500000, 0x0000000080500000|100%|HC|  |TAMS 0x0000000080500000, 0x0000000080500000| Complete 
|   5|0x0000000080500000, 0x0000000080600000, 0x0000000080600000|100%|HC|  |TAMS 0x0000000080600000, 0x0000000080600000| Complete 
|   6|0x0000000080600000, 0x0000000080700000, 0x0000000080700000|100%| O|  |TAMS 0x0000000080700000, 0x0000000080700000| Untracked 
|   7|0x0000000080700000, 0x0000000080800000, 0x0000000080800000|100%| O|  |TAMS 0x0000000080800000, 0x0000000080800000| Untracked 
|   8|0x0000000080800000, 0x0000000080900000, 0x0000000080900000|100%| O|  |TAMS 0x0000000080900000, 0x0000000080900000| Untracked 
|   9|0x0000000080900000, 0x0000000080a00000, 0x0000000080a00000|100%| O|  |TAMS 0x0000000080a00000, 0x0000000080a00000| Untracked 
|  10|0x0000000080a00000, 0x0000000080b00000, 0x0000000080b00000|100%| O|  |TAMS 0x0000000080b00000, 0x0000000080b00000| Untracked 
|  11|0x0000000080b00000, 0x0000000080c00000, 0x0000000080c00000|100%| O|  |TAMS 0x0000000080c00000, 0x0000000080c00000| Untracked 
|  12|0x0000000080c00000, 0x0000000080d00000, 0x0000000080d00000|100%| O|  |TAMS 0x0000000080d00000, 0x0000000080d00000| Untracked 
|  13|0x0000000080d00000, 0x0000000080e00000, 0x0000000080e00000|100%| O|  |TAMS 0x0000000080e00000, 0x0000000080e00000| Untracked 
|  14|0x0000000080e00000, 0x0000000080f00000, 0x0000000080f00000|100%| O|  |TAMS 0x0000000080f00000, 0x0000000080f00000| Untracked 
|  15|0x0000000080f00000, 0x0000000081000000, 0x0000000081000000|100%| O|  |TAMS 0x0000000081000000, 0x0000000081000000| Untracked 
|  16|0x0000000081000000, 0x0000000081100000, 0x0000000081100000|100%| O|  |TAMS 0x0000000081100000, 0x0000000081100000| Untracked 
|  17|0x0000000081100000, 0x0000000081200000, 0x0000000081200000|100%| O|  |TAMS 0x0000000081200000, 0x0000000081200000| Untracked 
|  18|0x0000000081200000, 0x0000000081300000, 0x0000000081300000|100%| O|  |TAMS 0x0000000081300000, 0x0000000081300000| Untracked 
|  19|0x0000000081300000, 0x0000000081400000, 0x0000000081400000|100%| O|  |TAMS 0x0000000081400000, 0x0000000081400000| Untracked 
|  20|0x0000000081400000, 0x0000000081500000, 0x0000000081500000|100%| O|  |TAMS 0x0000000081500000, 0x0000000081500000| Untracked 
|  21|0x0000000081500000, 0x0000000081600000, 0x0000000081600000|100%| O|  |TAMS 0x0000000081600000, 0x0000000081600000| Untracked 
|  22|0x0000000081600000, 0x0000000081700000, 0x0000000081700000|100%| O|  |TAMS 0x0000000081700000, 0x0000000081700000| Untracked 
|  23|0x0000000081700000, 0x0000000081800000, 0x0000000081800000|100%|HS|  |TAMS 0x0000000081800000, 0x0000000081800000| Complete 
|  24|0x0000000081800000, 0x0000000081900000, 0x0000000081900000|100%| O|  |TAMS 0x0000000081900000, 0x0000000081900000| Untracked 
|  25|0x0000000081900000, 0x0000000081a00000, 0x0000000081a00000|100%| O|  |TAMS 0x0000000081a00000, 0x0000000081a00000| Untracked 
|  26|0x0000000081a00000, 0x0000000081b00000, 0x0000000081b00000|100%| O|  |TAMS 0x0000000081b00000, 0x0000000081b00000| Untracked 
|  27|0x0000000081b00000, 0x0000000081c00000, 0x0000000081c00000|100%| O|  |TAMS 0x0000000081c00000, 0x0000000081c00000| Untracked 
|  28|0x0000000081c00000, 0x0000000081d00000, 0x0000000081d00000|100%| O|  |TAMS 0x0000000081d00000, 0x0000000081d00000| Untracked 
|  29|0x0000000081d00000, 0x0000000081e00000, 0x0000000081e00000|100%| O|  |TAMS 0x0000000081e00000, 0x0000000081e00000| Untracked 
|  30|0x0000000081e00000, 0x0000000081f00000, 0x0000000081f00000|100%| O|  |TAMS 0x0000000081f00000, 0x0000000081f00000| Untracked 
|  31|0x0000000081f00000, 0x0000000082000000, 0x0000000082000000|100%| O|  |TAMS 0x0000000082000000, 0x0000000082000000| Untracked 
|  32|0x0000000082000000, 0x0000000082100000, 0x0000000082100000|100%| O|  |TAMS 0x0000000082100000, 0x0000000082100000| Untracked 
|  33|0x0000000082100000, 0x0000000082200000, 0x0000000082200000|100%|HS|  |TAMS 0x0000000082200000, 0x0000000082200000| Complete 
|  34|0x0000000082200000, 0x0000000082300000, 0x0000000082300000|100%|HC|  |TAMS 0x0000000082300000, 0x0000000082300000| Complete 
|  35|0x0000000082300000, 0x0000000082400000, 0x0000000082400000|100%|HC|  |TAMS 0x0000000082400000, 0x0000000082400000| Complete 
|  36|0x0000000082400000, 0x0000000082500000, 0x0000000082500000|100%| O|  |TAMS 0x0000000082500000, 0x0000000082500000| Untracked 
|  37|0x0000000082500000, 0x0000000082600000, 0x0000000082600000|100%| O|  |TAMS 0x0000000082600000, 0x0000000082600000| Untracked 
|  38|0x0000000082600000, 0x0000000082700000, 0x0000000082700000|100%| O|  |TAMS 0x0000000082700000, 0x0000000082700000| Untracked 
|  39|0x0000000082700000, 0x0000000082800000, 0x0000000082800000|100%| O|  |TAMS 0x0000000082800000, 0x0000000082800000| Untracked 
|  40|0x0000000082800000, 0x0000000082900000, 0x0000000082900000|100%| O|  |TAMS 0x0000000082900000, 0x0000000082900000| Untracked 
|  41|0x0000000082900000, 0x0000000082a00000, 0x0000000082a00000|100%| O|  |TAMS 0x0000000082a00000, 0x0000000082a00000| Untracked 
|  42|0x0000000082a00000, 0x0000000082b00000, 0x0000000082b00000|100%| O|  |TAMS 0x0000000082b00000, 0x0000000082b00000| Untracked 
|  43|0x0000000082b00000, 0x0000000082c00000, 0x0000000082c00000|100%| O|  |TAMS 0x0000000082c00000, 0x0000000082c00000| Untracked 
|  44|0x0000000082c00000, 0x0000000082d00000, 0x0000000082d00000|100%| O|  |TAMS 0x0000000082d00000, 0x0000000082d00000| Untracked 
|  45|0x0000000082d00000, 0x0000000082e00000, 0x0000000082e00000|100%| O|  |TAMS 0x0000000082e00000, 0x0000000082e00000| Untracked 
|  46|0x0000000082e00000, 0x0000000082f00000, 0x0000000082f00000|100%| O|  |TAMS 0x0000000082f00000, 0x0000000082f00000| Untracked 
|  47|0x0000000082f00000, 0x0000000083000000, 0x0000000083000000|100%| O|  |TAMS 0x0000000083000000, 0x0000000083000000| Untracked 
|  48|0x0000000083000000, 0x0000000083100000, 0x0000000083100000|100%| O|  |TAMS 0x0000000083100000, 0x0000000083100000| Untracked 
|  49|0x0000000083100000, 0x0000000083200000, 0x0000000083200000|100%| O|  |TAMS 0x0000000083200000, 0x0000000083200000| Untracked 
|  50|0x0000000083200000, 0x0000000083300000, 0x0000000083300000|100%|HS|  |TAMS 0x0000000083300000, 0x0000000083300000| Complete 
|  51|0x0000000083300000, 0x0000000083400000, 0x0000000083400000|100%| O|  |TAMS 0x0000000083400000, 0x0000000083400000| Untracked 
|  52|0x0000000083400000, 0x0000000083500000, 0x0000000083500000|100%| O|  |TAMS 0x0000000083500000, 0x0000000083500000| Untracked 
|  53|0x0000000083500000, 0x0000000083600000, 0x0000000083600000|100%|HS|  |TAMS 0x0000000083600000, 0x0000000083600000| Complete 
|  54|0x0000000083600000, 0x0000000083700000, 0x0000000083700000|100%| O|  |TAMS 0x0000000083700000, 0x0000000083700000| Untracked 
|  55|0x0000000083700000, 0x0000000083800000, 0x0000000083800000|100%| O|  |TAMS 0x0000000083800000, 0x0000000083800000| Untracked 
|  56|0x0000000083800000, 0x0000000083900000, 0x0000000083900000|100%| O|  |TAMS 0x0000000083900000, 0x0000000083900000| Untracked 
|  57|0x0000000083900000, 0x0000000083a00000, 0x0000000083a00000|100%| O|  |TAMS 0x0000000083a00000, 0x0000000083a00000| Untracked 
|  58|0x0000000083a00000, 0x0000000083b00000, 0x0000000083b00000|100%| O|  |TAMS 0x0000000083b00000, 0x0000000083b00000| Untracked 
|  59|0x0000000083b00000, 0x0000000083c00000, 0x0000000083c00000|100%|HS|  |TAMS 0x0000000083c00000, 0x0000000083c00000| Complete 
|  60|0x0000000083c00000, 0x0000000083d00000, 0x0000000083d00000|100%|HC|  |TAMS 0x0000000083d00000, 0x0000000083d00000| Complete 
|  61|0x0000000083d00000, 0x0000000083e00000, 0x0000000083e00000|100%| O|  |TAMS 0x0000000083e00000, 0x0000000083e00000| Untracked 
|  62|0x0000000083e00000, 0x0000000083f00000, 0x0000000083f00000|100%| O|  |TAMS 0x0000000083f00000, 0x0000000083f00000| Untracked 
|  63|0x0000000083f00000, 0x0000000084000000, 0x0000000084000000|100%| O|  |TAMS 0x0000000084000000, 0x0000000084000000| Untracked 
|  64|0x0000000084000000, 0x0000000084100000, 0x0000000084100000|100%| O|  |TAMS 0x0000000084100000, 0x0000000084100000| Untracked 
|  65|0x0000000084100000, 0x0000000084200000, 0x0000000084200000|100%| O|  |TAMS 0x0000000084200000, 0x0000000084200000| Untracked 
|  66|0x0000000084200000, 0x0000000084300000, 0x0000000084300000|100%| O|  |TAMS 0x0000000084300000, 0x0000000084300000| Untracked 
|  67|0x0000000084300000, 0x0000000084400000, 0x0000000084400000|100%| O|  |TAMS 0x0000000084400000, 0x0000000084400000| Untracked 
|  68|0x0000000084400000, 0x0000000084500000, 0x0000000084500000|100%| O|  |TAMS 0x0000000084500000, 0x0000000084500000| Untracked 
|  69|0x0000000084500000, 0x0000000084600000, 0x0000000084600000|100%| O|  |TAMS 0x0000000084600000, 0x0000000084600000| Untracked 
|  70|0x0000000084600000, 0x0000000084700000, 0x0000000084700000|100%| O|  |TAMS 0x0000000084700000, 0x0000000084700000| Untracked 
|  71|0x0000000084700000, 0x0000000084800000, 0x0000000084800000|100%| O|  |TAMS 0x0000000084800000, 0x0000000084800000| Untracked 
|  72|0x0000000084800000, 0x0000000084900000, 0x0000000084900000|100%| O|  |TAMS 0x0000000084900000, 0x0000000084900000| Untracked 
|  73|0x0000000084900000, 0x0000000084a00000, 0x0000000084a00000|100%| O|  |TAMS 0x0000000084a00000, 0x0000000084a00000| Untracked 
|  74|0x0000000084a00000, 0x0000000084b00000, 0x0000000084b00000|100%| O|  |TAMS 0x0000000084b00000, 0x0000000084b00000| Untracked 
|  75|0x0000000084b00000, 0x0000000084c00000, 0x0000000084c00000|100%| O|  |TAMS 0x0000000084c00000, 0x0000000084c00000| Untracked 
|  76|0x0000000084c00000, 0x0000000084d00000, 0x0000000084d00000|100%| O|  |TAMS 0x0000000084d00000, 0x0000000084d00000| Untracked 
|  77|0x0000000084d00000, 0x0000000084e00000, 0x0000000084e00000|100%| O|  |TAMS 0x0000000084e00000, 0x0000000084e00000| Untracked 
|  78|0x0000000084e00000, 0x0000000084f00000, 0x0000000084f00000|100%| O|  |TAMS 0x0000000084f00000, 0x0000000084f00000| Untracked 
|  79|0x0000000084f00000, 0x0000000085000000, 0x0000000085000000|100%| O|  |TAMS 0x0000000085000000, 0x0000000085000000| Untracked 
|  80|0x0000000085000000, 0x0000000085100000, 0x0000000085100000|100%| O|  |TAMS 0x0000000085100000, 0x0000000085100000| Untracked 
|  81|0x0000000085100000, 0x0000000085200000, 0x0000000085200000|100%| O|  |TAMS 0x0000000085200000, 0x0000000085200000| Untracked 
|  82|0x0000000085200000, 0x0000000085300000, 0x0000000085300000|100%| O|  |TAMS 0x0000000085300000, 0x0000000085300000| Untracked 
|  83|0x0000000085300000, 0x0000000085400000, 0x0000000085400000|100%| O|  |TAMS 0x0000000085400000, 0x0000000085400000| Untracked 
|  84|0x0000000085400000, 0x0000000085500000, 0x0000000085500000|100%| O|  |TAMS 0x0000000085500000, 0x0000000085500000| Untracked 
|  85|0x0000000085500000, 0x0000000085600000, 0x0000000085600000|100%| O|  |TAMS 0x0000000085600000, 0x0000000085600000| Untracked 
|  86|0x0000000085600000, 0x0000000085700000, 0x0000000085700000|100%| O|  |TAMS 0x0000000085700000, 0x0000000085700000| Untracked 
|  87|0x0000000085700000, 0x0000000085800000, 0x0000000085800000|100%| O|  |TAMS 0x0000000085800000, 0x0000000085800000| Untracked 
|  88|0x0000000085800000, 0x0000000085900000, 0x0000000085900000|100%| O|  |TAMS 0x0000000085900000, 0x0000000085900000| Untracked 
|  89|0x0000000085900000, 0x0000000085a00000, 0x0000000085a00000|100%| O|  |TAMS 0x0000000085a00000, 0x0000000085a00000| Untracked 
|  90|0x0000000085a00000, 0x0000000085a00000, 0x0000000085b00000|  0%| F|  |TAMS 0x0000000085a00000, 0x0000000085a00000| Untracked 
|  91|0x0000000085b00000, 0x0000000085b00000, 0x0000000085c00000|  0%| F|  |TAMS 0x0000000085b00000, 0x0000000085b00000| Untracked 
|  92|0x0000000085c00000, 0x0000000085c00000, 0x0000000085d00000|  0%| F|  |TAMS 0x0000000085c00000, 0x0000000085c00000| Untracked 
|  93|0x0000000085d00000, 0x0000000085d00000, 0x0000000085e00000|  0%| F|  |TAMS 0x0000000085d00000, 0x0000000085d00000| Untracked 
|  94|0x0000000085e00000, 0x0000000085f00000, 0x0000000085f00000|100%|HS|  |TAMS 0x0000000085e00000, 0x0000000085f00000| Complete 
|  95|0x0000000085f00000, 0x0000000086000000, 0x0000000086000000|100%|HC|  |TAMS 0x0000000085f00000, 0x0000000086000000| Complete 
|  96|0x0000000086000000, 0x0000000086100000, 0x0000000086100000|100%| O|  |TAMS 0x0000000086100000, 0x0000000086100000| Untracked 
|  97|0x0000000086100000, 0x0000000086200000, 0x0000000086200000|100%| O|  |TAMS 0x0000000086113200, 0x0000000086200000| Untracked 
|  98|0x0000000086200000, 0x0000000086300000, 0x0000000086300000|100%| O|  |TAMS 0x0000000086200000, 0x0000000086300000| Untracked 
|  99|0x0000000086300000, 0x0000000086400000, 0x0000000086400000|100%| O|  |TAMS 0x0000000086300000, 0x0000000086400000| Untracked 
| 100|0x0000000086400000, 0x0000000086500000, 0x0000000086500000|100%| O|  |TAMS 0x0000000086500000, 0x0000000086500000| Untracked 
| 101|0x0000000086500000, 0x0000000086600000, 0x0000000086600000|100%| O|  |TAMS 0x0000000086600000, 0x0000000086600000| Untracked 
| 102|0x0000000086600000, 0x0000000086700000, 0x0000000086700000|100%| O|  |TAMS 0x0000000086600000, 0x0000000086700000| Untracked 
| 103|0x0000000086700000, 0x0000000086800000, 0x0000000086800000|100%| O|  |TAMS 0x0000000086700000, 0x0000000086800000| Untracked 
| 104|0x0000000086800000, 0x000000008680b200, 0x0000000086900000|  4%| O|  |TAMS 0x0000000086800000, 0x000000008680b200| Untracked 
| 105|0x0000000086900000, 0x0000000086900000, 0x0000000086a00000|  0%| F|  |TAMS 0x0000000086900000, 0x0000000086900000| Untracked 
| 106|0x0000000086a00000, 0x0000000086a00000, 0x0000000086b00000|  0%| F|  |TAMS 0x0000000086a00000, 0x0000000086a00000| Untracked 
| 107|0x0000000086b00000, 0x0000000086b00000, 0x0000000086c00000|  0%| F|  |TAMS 0x0000000086b00000, 0x0000000086b00000| Untracked 
| 108|0x0000000086c00000, 0x0000000086c00000, 0x0000000086d00000|  0%| F|  |TAMS 0x0000000086c00000, 0x0000000086c00000| Untracked 
| 109|0x0000000086d00000, 0x0000000086d00000, 0x0000000086e00000|  0%| F|  |TAMS 0x0000000086d00000, 0x0000000086d00000| Untracked 
| 110|0x0000000086e00000, 0x0000000086e00000, 0x0000000086f00000|  0%| F|  |TAMS 0x0000000086e00000, 0x0000000086e00000| Untracked 
| 111|0x0000000086f00000, 0x0000000086f00000, 0x0000000087000000|  0%| F|  |TAMS 0x0000000086f00000, 0x0000000086f00000| Untracked 
| 112|0x0000000087000000, 0x0000000087000000, 0x0000000087100000|  0%| F|  |TAMS 0x0000000087000000, 0x0000000087000000| Untracked 
| 113|0x0000000087100000, 0x0000000087100000, 0x0000000087200000|  0%| F|  |TAMS 0x0000000087100000, 0x0000000087100000| Untracked 
| 114|0x0000000087200000, 0x0000000087200000, 0x0000000087300000|  0%| F|  |TAMS 0x0000000087200000, 0x0000000087200000| Untracked 
| 115|0x0000000087300000, 0x0000000087300000, 0x0000000087400000|  0%| F|  |TAMS 0x0000000087300000, 0x0000000087300000| Untracked 
| 116|0x0000000087400000, 0x0000000087400000, 0x0000000087500000|  0%| F|  |TAMS 0x0000000087400000, 0x0000000087400000| Untracked 
| 117|0x0000000087500000, 0x0000000087500000, 0x0000000087600000|  0%| F|  |TAMS 0x0000000087500000, 0x0000000087500000| Untracked 
| 118|0x0000000087600000, 0x0000000087600000, 0x0000000087700000|  0%| F|  |TAMS 0x0000000087600000, 0x0000000087600000| Untracked 
| 119|0x0000000087700000, 0x0000000087700000, 0x0000000087800000|  0%| F|  |TAMS 0x0000000087700000, 0x0000000087700000| Untracked 
| 120|0x0000000087800000, 0x0000000087800000, 0x0000000087900000|  0%| F|  |TAMS 0x0000000087800000, 0x0000000087800000| Untracked 
| 121|0x0000000087900000, 0x0000000087900000, 0x0000000087a00000|  0%| F|  |TAMS 0x0000000087900000, 0x0000000087900000| Untracked 
| 122|0x0000000087a00000, 0x0000000087a00000, 0x0000000087b00000|  0%| F|  |TAMS 0x0000000087a00000, 0x0000000087a00000| Untracked 
| 123|0x0000000087b00000, 0x0000000087b00000, 0x0000000087c00000|  0%| F|  |TAMS 0x0000000087b00000, 0x0000000087b00000| Untracked 
| 124|0x0000000087c00000, 0x0000000087c00000, 0x0000000087d00000|  0%| F|  |TAMS 0x0000000087c00000, 0x0000000087c00000| Untracked 
| 125|0x0000000087d00000, 0x0000000087d00000, 0x0000000087e00000|  0%| F|  |TAMS 0x0000000087d00000, 0x0000000087d00000| Untracked 
| 126|0x0000000087e00000, 0x0000000087e00000, 0x0000000087f00000|  0%| F|  |TAMS 0x0000000087e00000, 0x0000000087e00000| Untracked 
| 127|0x0000000087f00000, 0x0000000087f00000, 0x0000000088000000|  0%| F|  |TAMS 0x0000000087f00000, 0x0000000087f00000| Untracked 
| 128|0x0000000088000000, 0x0000000088000000, 0x0000000088100000|  0%| F|  |TAMS 0x0000000088000000, 0x0000000088000000| Untracked 
| 129|0x0000000088100000, 0x0000000088100000, 0x0000000088200000|  0%| F|  |TAMS 0x0000000088100000, 0x0000000088100000| Untracked 
| 130|0x0000000088200000, 0x0000000088200000, 0x0000000088300000|  0%| F|  |TAMS 0x0000000088200000, 0x0000000088200000| Untracked 
| 131|0x0000000088300000, 0x0000000088300000, 0x0000000088400000|  0%| F|  |TAMS 0x0000000088300000, 0x0000000088300000| Untracked 
| 132|0x0000000088400000, 0x0000000088400000, 0x0000000088500000|  0%| F|  |TAMS 0x0000000088400000, 0x0000000088400000| Untracked 
| 133|0x0000000088500000, 0x0000000088500000, 0x0000000088600000|  0%| F|  |TAMS 0x0000000088500000, 0x0000000088500000| Untracked 
| 134|0x0000000088600000, 0x0000000088600000, 0x0000000088700000|  0%| F|  |TAMS 0x0000000088600000, 0x0000000088600000| Untracked 
| 135|0x0000000088700000, 0x0000000088700000, 0x0000000088800000|  0%| F|  |TAMS 0x0000000088700000, 0x0000000088700000| Untracked 
| 136|0x0000000088800000, 0x0000000088800000, 0x0000000088900000|  0%| F|  |TAMS 0x0000000088800000, 0x0000000088800000| Untracked 
| 137|0x0000000088900000, 0x0000000088974750, 0x0000000088a00000| 45%| S|CS|TAMS 0x0000000088900000, 0x0000000088900000| Complete 
| 138|0x0000000088a00000, 0x0000000088b00000, 0x0000000088b00000|100%| S|CS|TAMS 0x0000000088a00000, 0x0000000088a00000| Complete 
| 139|0x0000000088b00000, 0x0000000088c00000, 0x0000000088c00000|100%| S|CS|TAMS 0x0000000088b00000, 0x0000000088b00000| Complete 
| 140|0x0000000088c00000, 0x0000000088d00000, 0x0000000088d00000|100%| S|CS|TAMS 0x0000000088c00000, 0x0000000088c00000| Complete 
| 141|0x0000000088d00000, 0x0000000088e00000, 0x0000000088e00000|100%| S|CS|TAMS 0x0000000088d00000, 0x0000000088d00000| Complete 
| 142|0x0000000088e00000, 0x0000000088f00000, 0x0000000088f00000|100%| S|CS|TAMS 0x0000000088e00000, 0x0000000088e00000| Complete 
| 143|0x0000000088f00000, 0x0000000088f00000, 0x0000000089000000|  0%| F|  |TAMS 0x0000000088f00000, 0x0000000088f00000| Untracked 
| 144|0x0000000089000000, 0x0000000089000000, 0x0000000089100000|  0%| F|  |TAMS 0x0000000089000000, 0x0000000089000000| Untracked 
| 145|0x0000000089100000, 0x0000000089100000, 0x0000000089200000|  0%| F|  |TAMS 0x0000000089100000, 0x0000000089100000| Untracked 
| 146|0x0000000089200000, 0x0000000089200000, 0x0000000089300000|  0%| F|  |TAMS 0x0000000089200000, 0x0000000089200000| Untracked 
| 147|0x0000000089300000, 0x0000000089300000, 0x0000000089400000|  0%| F|  |TAMS 0x0000000089300000, 0x0000000089300000| Untracked 
| 148|0x0000000089400000, 0x0000000089400000, 0x0000000089500000|  0%| F|  |TAMS 0x0000000089400000, 0x0000000089400000| Untracked 
| 149|0x0000000089500000, 0x0000000089500000, 0x0000000089600000|  0%| F|  |TAMS 0x0000000089500000, 0x0000000089500000| Untracked 
| 150|0x0000000089600000, 0x0000000089600000, 0x0000000089700000|  0%| F|  |TAMS 0x0000000089600000, 0x0000000089600000| Untracked 
| 151|0x0000000089700000, 0x0000000089700000, 0x0000000089800000|  0%| F|  |TAMS 0x0000000089700000, 0x0000000089700000| Untracked 
| 152|0x0000000089800000, 0x0000000089800000, 0x0000000089900000|  0%| F|  |TAMS 0x0000000089800000, 0x0000000089800000| Untracked 
| 153|0x0000000089900000, 0x0000000089900000, 0x0000000089a00000|  0%| F|  |TAMS 0x0000000089900000, 0x0000000089900000| Untracked 
| 154|0x0000000089a00000, 0x0000000089a00000, 0x0000000089b00000|  0%| F|  |TAMS 0x0000000089a00000, 0x0000000089a00000| Untracked 
| 155|0x0000000089b00000, 0x0000000089b00000, 0x0000000089c00000|  0%| F|  |TAMS 0x0000000089b00000, 0x0000000089b00000| Untracked 
| 156|0x0000000089c00000, 0x0000000089c00000, 0x0000000089d00000|  0%| F|  |TAMS 0x0000000089c00000, 0x0000000089c00000| Untracked 
| 157|0x0000000089d00000, 0x0000000089d00000, 0x0000000089e00000|  0%| F|  |TAMS 0x0000000089d00000, 0x0000000089d00000| Untracked 
| 158|0x0000000089e00000, 0x0000000089e00000, 0x0000000089f00000|  0%| F|  |TAMS 0x0000000089e00000, 0x0000000089e00000| Untracked 
| 159|0x0000000089f00000, 0x0000000089f00000, 0x000000008a000000|  0%| F|  |TAMS 0x0000000089f00000, 0x0000000089f00000| Untracked 
| 160|0x000000008a000000, 0x000000008a000000, 0x000000008a100000|  0%| F|  |TAMS 0x000000008a000000, 0x000000008a000000| Untracked 
| 161|0x000000008a100000, 0x000000008a100000, 0x000000008a200000|  0%| F|  |TAMS 0x000000008a100000, 0x000000008a100000| Untracked 
| 162|0x000000008a200000, 0x000000008a200000, 0x000000008a300000|  0%| F|  |TAMS 0x000000008a200000, 0x000000008a200000| Untracked 
| 163|0x000000008a300000, 0x000000008a300000, 0x000000008a400000|  0%| F|  |TAMS 0x000000008a300000, 0x000000008a300000| Untracked 
| 164|0x000000008a400000, 0x000000008a400000, 0x000000008a500000|  0%| F|  |TAMS 0x000000008a400000, 0x000000008a400000| Untracked 
| 165|0x000000008a500000, 0x000000008a500000, 0x000000008a600000|  0%| F|  |TAMS 0x000000008a500000, 0x000000008a500000| Untracked 
| 166|0x000000008a600000, 0x000000008a600000, 0x000000008a700000|  0%| F|  |TAMS 0x000000008a600000, 0x000000008a600000| Untracked 
| 167|0x000000008a700000, 0x000000008a700000, 0x000000008a800000|  0%| F|  |TAMS 0x000000008a700000, 0x000000008a700000| Untracked 
| 168|0x000000008a800000, 0x000000008a800000, 0x000000008a900000|  0%| F|  |TAMS 0x000000008a800000, 0x000000008a800000| Untracked 
| 169|0x000000008a900000, 0x000000008a900000, 0x000000008aa00000|  0%| F|  |TAMS 0x000000008a900000, 0x000000008a900000| Untracked 
| 170|0x000000008aa00000, 0x000000008aa00000, 0x000000008ab00000|  0%| F|  |TAMS 0x000000008aa00000, 0x000000008aa00000| Untracked 
| 171|0x000000008ab00000, 0x000000008ab00000, 0x000000008ac00000|  0%| F|  |TAMS 0x000000008ab00000, 0x000000008ab00000| Untracked 
| 172|0x000000008ac00000, 0x000000008ac00000, 0x000000008ad00000|  0%| F|  |TAMS 0x000000008ac00000, 0x000000008ac00000| Untracked 
| 173|0x000000008ad00000, 0x000000008ad00000, 0x000000008ae00000|  0%| F|  |TAMS 0x000000008ad00000, 0x000000008ad00000| Untracked 
| 174|0x000000008ae00000, 0x000000008ae00000, 0x000000008af00000|  0%| F|  |TAMS 0x000000008ae00000, 0x000000008ae00000| Untracked 
| 175|0x000000008af00000, 0x000000008af00000, 0x000000008b000000|  0%| F|  |TAMS 0x000000008af00000, 0x000000008af00000| Untracked 
| 176|0x000000008b000000, 0x000000008b000000, 0x000000008b100000|  0%| F|  |TAMS 0x000000008b000000, 0x000000008b000000| Untracked 
| 177|0x000000008b100000, 0x000000008b100000, 0x000000008b200000|  0%| F|  |TAMS 0x000000008b100000, 0x000000008b100000| Untracked 
| 178|0x000000008b200000, 0x000000008b200000, 0x000000008b300000|  0%| F|  |TAMS 0x000000008b200000, 0x000000008b200000| Untracked 
| 179|0x000000008b300000, 0x000000008b300000, 0x000000008b400000|  0%| F|  |TAMS 0x000000008b300000, 0x000000008b300000| Untracked 
| 180|0x000000008b400000, 0x000000008b400000, 0x000000008b500000|  0%| F|  |TAMS 0x000000008b400000, 0x000000008b400000| Untracked 
| 181|0x000000008b500000, 0x000000008b500000, 0x000000008b600000|  0%| F|  |TAMS 0x000000008b500000, 0x000000008b500000| Untracked 
| 182|0x000000008b600000, 0x000000008b600000, 0x000000008b700000|  0%| F|  |TAMS 0x000000008b600000, 0x000000008b600000| Untracked 
| 183|0x000000008b700000, 0x000000008b700000, 0x000000008b800000|  0%| F|  |TAMS 0x000000008b700000, 0x000000008b700000| Untracked 
| 184|0x000000008b800000, 0x000000008b800000, 0x000000008b900000|  0%| F|  |TAMS 0x000000008b800000, 0x000000008b800000| Untracked 
| 185|0x000000008b900000, 0x000000008b900000, 0x000000008ba00000|  0%| F|  |TAMS 0x000000008b900000, 0x000000008b900000| Untracked 
| 186|0x000000008ba00000, 0x000000008ba00000, 0x000000008bb00000|  0%| F|  |TAMS 0x000000008ba00000, 0x000000008ba00000| Untracked 
| 187|0x000000008bb00000, 0x000000008bb00000, 0x000000008bc00000|  0%| F|  |TAMS 0x000000008bb00000, 0x000000008bb00000| Untracked 
| 188|0x000000008bc00000, 0x000000008bc00000, 0x000000008bd00000|  0%| F|  |TAMS 0x000000008bc00000, 0x000000008bc00000| Untracked 
| 189|0x000000008bd00000, 0x000000008bd00000, 0x000000008be00000|  0%| F|  |TAMS 0x000000008bd00000, 0x000000008bd00000| Untracked 
| 190|0x000000008be00000, 0x000000008be00000, 0x000000008bf00000|  0%| F|  |TAMS 0x000000008be00000, 0x000000008be00000| Untracked 
| 249|0x000000008f900000, 0x000000008f900000, 0x000000008fa00000|  0%| F|  |TAMS 0x000000008f900000, 0x000000008f900000| Untracked 

Card table byte_map: [0x000001e2d07b0000,0x000001e2d0bb0000] _byte_map_base: 0x000001e2d03b0000

Marking Bits (Prev, Next): (CMBitMap*) 0x000001e2b97b8e00, (CMBitMap*) 0x000001e2b97b8e40
 Prev Bits: [0x000001e2d0fb0000, 0x000001e2d2fb0000)
 Next Bits: [0x000001e2d2fb0000, 0x000001e2d4fb0000)

Polling page: 0x000001e2b7730000

Metaspace:

Usage:
  Non-class:     74.75 MB used.
      Class:     11.98 MB used.
       Both:     86.74 MB used.

Virtual space:
  Non-class space:      128.00 MB reserved,      75.69 MB ( 59%) committed,  2 nodes.
      Class space:      412.00 MB reserved,      13.00 MB (  3%) committed,  1 nodes.
             Both:      540.00 MB reserved,      88.69 MB ( 16%) committed. 

Chunk freelists:
   Non-Class:  3.78 MB
       Class:  3.03 MB
        Both:  6.81 MB

MaxMetaspaceSize: 512.00 MB
CompressedClassSpaceSize: 412.00 MB
Initial GC threshold: 21.00 MB
Current GC threshold: 147.62 MB
CDS: on
MetaspaceReclaimPolicy: balanced
 - commit_granule_bytes: 65536.
 - commit_granule_words: 8192.
 - virtual_space_node_default_size: 8388608.
 - enlarge_chunks_in_place: 1.
 - new_chunks_are_fully_committed: 0.
 - uncommit_free_chunks: 1.
 - use_allocation_guard: 0.


Internal statistics:

num_allocs_failed_limit: 6.
num_arena_births: 3452.
num_arena_deaths: 6.
num_vsnodes_births: 3.
num_vsnodes_deaths: 0.
num_space_committed: 1419.
num_space_uncommitted: 0.
num_chunks_returned_to_freelist: 12.
num_chunks_taken_from_freelist: 7467.
num_chunk_merges: 8.
num_chunk_splits: 4908.
num_chunks_enlarged: 3152.
num_inconsistent_stats: 0.

CodeHeap 'non-profiled nmethods': size=120000Kb used=5674Kb max_used=5674Kb free=114325Kb
 bounds [0x000001e2c8b50000, 0x000001e2c90e0000, 0x000001e2d0080000]
CodeHeap 'profiled nmethods': size=120000Kb used=21621Kb max_used=21621Kb free=98378Kb
 bounds [0x000001e2c1620000, 0x000001e2c2b50000, 0x000001e2c8b50000]
CodeHeap 'non-nmethods': size=5760Kb used=2431Kb max_used=2492Kb free=3328Kb
 bounds [0x000001e2c1080000, 0x000001e2c1300000, 0x000001e2c1620000]
 total_blobs=12056 nmethods=11114 adapters=854
 compilation: enabled
              stopped_count=0, restarted_count=0
 full_count=0

Compilation events (20 events):
Event: 70.251 Thread 0x000001e2d79c37c0 12839       2       org.gradle.api.internal.tasks.execution.TaskExecution$$Lambda$1036/0x00000008015069c8::getValue (12 bytes)
Event: 70.251 Thread 0x000001e2d79c37c0 nmethod 12839 0x000001e2c2b40210 code [0x000001e2c2b403a0, 0x000001e2c2b404c8]
Event: 70.251 Thread 0x000001e2d79c37c0 12840       2       org.gradle.api.internal.tasks.execution.TaskExecution::lambda$visitRegularInputs$1 (9 bytes)
Event: 70.252 Thread 0x000001e2d79c37c0 nmethod 12840 0x000001e2c2b40590 code [0x000001e2c2b40720, 0x000001e2c2b40848]
Event: 70.258 Thread 0x000001e2d79c37c0 12841   !   2       org.gradle.api.internal.tasks.properties.ValidationActions::validate (29 bytes)
Event: 70.258 Thread 0x000001e2d79c37c0 nmethod 12841 0x000001e2c2b40910 code [0x000001e2c2b40ae0, 0x000001e2c2b40d48]
Event: 70.258 Thread 0x000001e2d79c37c0 12842       1       org.gradle.internal.execution.fingerprint.InputFingerprinter$FileValueSupplier::getValue (5 bytes)
Event: 70.259 Thread 0x000001e2d79c37c0 nmethod 12842 0x000001e2c90d8410 code [0x000001e2c90d85a0, 0x000001e2c90d8678]
Event: 70.259 Thread 0x000001e2d79c37c0 12843       2       org.gradle.api.internal.tasks.properties.AbstractValidatingProperty::cleanupValue (1 bytes)
Event: 70.259 Thread 0x000001e2d79c37c0 nmethod 12843 0x000001e2c1ee7e90 code [0x000001e2c1ee8020, 0x000001e2c1ee8118]
Event: 70.259 Thread 0x000001e2d79c37c0 12844       1       org.gradle.internal.build.event.types.DefaultTaskDescriptor::getId (5 bytes)
Event: 70.259 Thread 0x000001e2d79c37c0 nmethod 12844 0x000001e2c90d8710 code [0x000001e2c90d88a0, 0x000001e2c90d8978]
Event: 70.259 Thread 0x000001e2d79c37c0 12845       1       org.gradle.tooling.events.internal.DefaultFinishEvent::getResult (5 bytes)
Event: 70.260 Thread 0x000001e2d79c37c0 nmethod 12845 0x000001e2c90d8a10 code [0x000001e2c90d8ba0, 0x000001e2c90d8c78]
Event: 70.260 Thread 0x000001e2d79c37c0 12846       1       org.gradle.api.internal.tasks.properties.InputFilePropertyType::getValidationAction (5 bytes)
Event: 70.260 Thread 0x000001e2d79c37c0 nmethod 12846 0x000001e2c90d8d10 code [0x000001e2c90d8ea0, 0x000001e2c90d8f78]
Event: 70.264 Thread 0x000001e2d79c37c0 12847       1       org.gradle.internal.resources.AbstractResourceLockRegistry$ThreadLockDetails::access$200 (5 bytes)
Event: 70.265 Thread 0x000001e2d79c37c0 nmethod 12847 0x000001e2c90d9010 code [0x000001e2c90d91a0, 0x000001e2c90d9258]
Event: 70.274 Thread 0x000001e2d79bceb0 nmethod 12747 0x000001e2c90d9310 code [0x000001e2c90d9500, 0x000001e2c90da1d8]
Event: 70.274 Thread 0x000001e2d79bceb0 12739       4       com.google.common.collect.ImmutableSortedMap::get (27 bytes)

GC Heap History (20 events):
Event: 63.639 GC heap after
{Heap after GC invocations=45 (full 0):
 garbage-first heap   total 116736K, used 86235K [0x0000000080000000, 0x0000000100000000)
  region size 1024K, 3 young (3072K), 3 survivors (3072K)
 Metaspace       used 87022K, committed 88960K, reserved 552960K
  class space    used 12068K, committed 13056K, reserved 421888K
}
Event: 64.111 GC heap before
{Heap before GC invocations=45 (full 0):
 garbage-first heap   total 116736K, used 98523K [0x0000000080000000, 0x0000000100000000)
  region size 1024K, 16 young (16384K), 3 survivors (3072K)
 Metaspace       used 87534K, committed 89472K, reserved 552960K
  class space    used 12162K, committed 13184K, reserved 421888K
}
Event: 64.118 GC heap after
{Heap after GC invocations=46 (full 0):
 garbage-first heap   total 116736K, used 87566K [0x0000000080000000, 0x0000000100000000)
  region size 1024K, 2 young (2048K), 2 survivors (2048K)
 Metaspace       used 87534K, committed 89472K, reserved 552960K
  class space    used 12162K, committed 13184K, reserved 421888K
}
Event: 64.331 GC heap before
{Heap before GC invocations=46 (full 0):
 garbage-first heap   total 116736K, used 97806K [0x0000000080000000, 0x0000000100000000)
  region size 1024K, 13 young (13312K), 2 survivors (2048K)
 Metaspace       used 87635K, committed 89600K, reserved 552960K
  class space    used 12163K, committed 13184K, reserved 421888K
}
Event: 64.337 GC heap after
{Heap after GC invocations=47 (full 0):
 garbage-first heap   total 140288K, used 88111K [0x0000000080000000, 0x0000000100000000)
  region size 1024K, 1 young (1024K), 1 survivors (1024K)
 Metaspace       used 87635K, committed 89600K, reserved 552960K
  class space    used 12163K, committed 13184K, reserved 421888K
}
Event: 65.272 GC heap before
{Heap before GC invocations=48 (full 0):
 garbage-first heap   total 155648K, used 114735K [0x0000000080000000, 0x0000000100000000)
  region size 1024K, 28 young (28672K), 1 survivors (1024K)
 Metaspace       used 88170K, committed 90048K, reserved 552960K
  class space    used 12231K, committed 13184K, reserved 421888K
}
Event: 65.282 GC heap after
{Heap after GC invocations=49 (full 0):
 garbage-first heap   total 155648K, used 91517K [0x0000000080000000, 0x0000000100000000)
  region size 1024K, 4 young (4096K), 4 survivors (4096K)
 Metaspace       used 88170K, committed 90048K, reserved 552960K
  class space    used 12231K, committed 13184K, reserved 421888K
}
Event: 66.078 GC heap before
{Heap before GC invocations=49 (full 0):
 garbage-first heap   total 155648K, used 127357K [0x0000000080000000, 0x0000000100000000)
  region size 1024K, 40 young (40960K), 4 survivors (4096K)
 Metaspace       used 88339K, committed 90304K, reserved 552960K
  class space    used 12232K, committed 13248K, reserved 421888K
}
Event: 66.086 GC heap after
{Heap after GC invocations=50 (full 0):
 garbage-first heap   total 155648K, used 93737K [0x0000000080000000, 0x0000000100000000)
  region size 1024K, 3 young (3072K), 3 survivors (3072K)
 Metaspace       used 88339K, committed 90304K, reserved 552960K
  class space    used 12232K, committed 13248K, reserved 421888K
}
Event: 67.571 GC heap before
{Heap before GC invocations=50 (full 0):
 garbage-first heap   total 155648K, used 135721K [0x0000000080000000, 0x0000000100000000)
  region size 1024K, 37 young (37888K), 3 survivors (3072K)
 Metaspace       used 88386K, committed 90368K, reserved 552960K
  class space    used 12239K, committed 13312K, reserved 421888K
}
Event: 67.577 GC heap after
{Heap after GC invocations=51 (full 0):
 garbage-first heap   total 155648K, used 99448K [0x0000000080000000, 0x0000000100000000)
  region size 1024K, 4 young (4096K), 4 survivors (4096K)
 Metaspace       used 88386K, committed 90368K, reserved 552960K
  class space    used 12239K, committed 13312K, reserved 421888K
}
Event: 68.122 GC heap before
{Heap before GC invocations=51 (full 0):
 garbage-first heap   total 155648K, used 132216K [0x0000000080000000, 0x0000000100000000)
  region size 1024K, 32 young (32768K), 4 survivors (4096K)
 Metaspace       used 88490K, committed 90432K, reserved 552960K
  class space    used 12244K, committed 13312K, reserved 421888K
}
Event: 68.131 GC heap after
{Heap after GC invocations=52 (full 0):
 garbage-first heap   total 155648K, used 99502K [0x0000000080000000, 0x0000000100000000)
  region size 1024K, 4 young (4096K), 4 survivors (4096K)
 Metaspace       used 88490K, committed 90432K, reserved 552960K
  class space    used 12244K, committed 13312K, reserved 421888K
}
Event: 68.674 GC heap before
{Heap before GC invocations=52 (full 0):
 garbage-first heap   total 155648K, used 132270K [0x0000000080000000, 0x0000000100000000)
  region size 1024K, 32 young (32768K), 4 survivors (4096K)
 Metaspace       used 88578K, committed 90560K, reserved 552960K
  class space    used 12254K, committed 13312K, reserved 421888K
}
Event: 68.685 GC heap after
{Heap after GC invocations=53 (full 0):
 garbage-first heap   total 155648K, used 100428K [0x0000000080000000, 0x0000000100000000)
  region size 1024K, 5 young (5120K), 5 survivors (5120K)
 Metaspace       used 88578K, committed 90560K, reserved 552960K
  class space    used 12254K, committed 13312K, reserved 421888K
}
Event: 69.009 GC heap before
{Heap before GC invocations=53 (full 0):
 garbage-first heap   total 155648K, used 123980K [0x0000000080000000, 0x0000000100000000)
  region size 1024K, 24 young (24576K), 5 survivors (5120K)
 Metaspace       used 88670K, committed 90688K, reserved 552960K
  class space    used 12261K, committed 13312K, reserved 421888K
}
Event: 69.018 GC heap after
{Heap after GC invocations=54 (full 0):
 garbage-first heap   total 155648K, used 104181K [0x0000000080000000, 0x0000000100000000)
  region size 1024K, 2 young (2048K), 2 survivors (2048K)
 Metaspace       used 88670K, committed 90688K, reserved 552960K
  class space    used 12261K, committed 13312K, reserved 421888K
}
Event: 69.493 GC heap before
{Heap before GC invocations=55 (full 0):
 garbage-first heap   total 196608K, used 132853K [0x0000000080000000, 0x0000000100000000)
  region size 1024K, 25 young (25600K), 2 survivors (2048K)
 Metaspace       used 88688K, committed 90688K, reserved 552960K
  class space    used 12260K, committed 13312K, reserved 421888K
}
Event: 69.500 GC heap after
{Heap after GC invocations=56 (full 0):
 garbage-first heap   total 196608K, used 103572K [0x0000000080000000, 0x0000000100000000)
  region size 1024K, 4 young (4096K), 4 survivors (4096K)
 Metaspace       used 88688K, committed 90688K, reserved 552960K
  class space    used 12260K, committed 13312K, reserved 421888K
}
Event: 70.275 GC heap before
{Heap before GC invocations=56 (full 0):
 garbage-first heap   total 196608K, used 153748K [0x0000000080000000, 0x0000000100000000)
  region size 1024K, 49 young (50176K), 4 survivors (4096K)
 Metaspace       used 88817K, committed 90816K, reserved 552960K
  class space    used 12272K, committed 13312K, reserved 421888K
}

Deoptimization events (20 events):
Event: 69.790 Thread 0x000001e2ddc02930 Uncommon trap: trap_request=0xffffff76 fr.pc=0x000001e2c9084930 relative=0x0000000000000ab0
Event: 69.790 Thread 0x000001e2ddc02930 Uncommon trap: reason=predicate action=maybe_recompile pc=0x000001e2c9084930 method=com.google.common.collect.RegularImmutableMap.fromEntryArray(I[Ljava/util/Map$Entry;)Lcom/google/common/collect/ImmutableMap; @ 59 c2
Event: 69.790 Thread 0x000001e2ddc02930 DEOPT PACKING pc=0x000001e2c9084930 sp=0x000000b1197f9040
Event: 69.790 Thread 0x000001e2ddc02930 DEOPT UNPACKING pc=0x000001e2c10d5c23 sp=0x000000b1197f8fd8 mode 2
Event: 69.801 Thread 0x000001e2ddc02930 Uncommon trap: trap_request=0xffffffde fr.pc=0x000001e2c90c9980 relative=0x0000000000000680
Event: 69.801 Thread 0x000001e2ddc02930 Uncommon trap: reason=class_check action=maybe_recompile pc=0x000001e2c90c9980 method=com.google.common.collect.ImmutableSortedMap.get(Ljava/lang/Object;)Ljava/lang/Object; @ 23 c2
Event: 69.801 Thread 0x000001e2ddc02930 DEOPT PACKING pc=0x000001e2c90c9980 sp=0x000000b1197fa210
Event: 69.801 Thread 0x000001e2ddc02930 DEOPT UNPACKING pc=0x000001e2c10d5c23 sp=0x000000b1197fa1d0 mode 2
Event: 69.801 Thread 0x000001e2ddc02930 Uncommon trap: trap_request=0xffffffde fr.pc=0x000001e2c90c9980 relative=0x0000000000000680
Event: 69.801 Thread 0x000001e2ddc02930 Uncommon trap: reason=class_check action=maybe_recompile pc=0x000001e2c90c9980 method=com.google.common.collect.ImmutableSortedMap.get(Ljava/lang/Object;)Ljava/lang/Object; @ 23 c2
Event: 69.801 Thread 0x000001e2ddc02930 DEOPT PACKING pc=0x000001e2c90c9980 sp=0x000000b1197f9f80
Event: 69.801 Thread 0x000001e2ddc02930 DEOPT UNPACKING pc=0x000001e2c10d5c23 sp=0x000000b1197f9f40 mode 2
Event: 69.844 Thread 0x000001e2ddc02930 Uncommon trap: trap_request=0xffffffde fr.pc=0x000001e2c90c9980 relative=0x0000000000000680
Event: 69.844 Thread 0x000001e2ddc02930 Uncommon trap: reason=class_check action=maybe_recompile pc=0x000001e2c90c9980 method=com.google.common.collect.ImmutableSortedMap.get(Ljava/lang/Object;)Ljava/lang/Object; @ 23 c2
Event: 69.844 Thread 0x000001e2ddc02930 DEOPT PACKING pc=0x000001e2c90c9980 sp=0x000000b1197f9f80
Event: 69.844 Thread 0x000001e2ddc02930 DEOPT UNPACKING pc=0x000001e2c10d5c23 sp=0x000000b1197f9f40 mode 2
Event: 70.258 Thread 0x000001e2e0efaa10 Uncommon trap: trap_request=0xffffffc6 fr.pc=0x000001e2c8e30650 relative=0x00000000000000b0
Event: 70.258 Thread 0x000001e2e0efaa10 Uncommon trap: reason=bimorphic_or_optimized_type_check action=maybe_recompile pc=0x000001e2c8e30650 method=com.google.common.collect.RegularImmutableMap.checkNoConflictInKeyBucket(Ljava/lang/Object;Ljava/util/Map$Entry;Lcom/google/common/collect/Immutabl
Event: 70.258 Thread 0x000001e2e0efaa10 DEOPT PACKING pc=0x000001e2c8e30650 sp=0x000000b119dfd0d0
Event: 70.258 Thread 0x000001e2e0efaa10 DEOPT UNPACKING pc=0x000001e2c10d5c23 sp=0x000000b119dfd078 mode 2

Classes loaded (20 events):
Event: 64.934 Loading class java/io/ObjectStreamClass$4
Event: 64.934 Loading class java/io/ObjectStreamClass$4 done
Event: 64.934 Loading class java/io/ObjectStreamClass$5
Event: 64.935 Loading class java/io/ObjectStreamClass$5 done
Event: 64.935 Loading class java/io/ObjectStreamClass$ClassDataSlot
Event: 64.936 Loading class java/io/ObjectStreamClass$ClassDataSlot done
Event: 64.938 Loading class jdk/internal/reflect/MethodHandleLongFieldAccessorImpl
Event: 64.940 Loading class jdk/internal/reflect/MethodHandleLongFieldAccessorImpl done
Event: 65.918 Loading class jdk/internal/access/foreign/MemorySegmentProxy
Event: 65.919 Loading class jdk/internal/access/foreign/MemorySegmentProxy done
Event: 67.715 Loading class java/util/stream/SortedOps
Event: 67.717 Loading class java/util/stream/SortedOps done
Event: 67.717 Loading class java/util/stream/SortedOps$OfRef
Event: 67.718 Loading class java/util/stream/SortedOps$OfRef done
Event: 67.721 Loading class java/util/stream/SortedOps$SizedRefSortingSink
Event: 67.721 Loading class java/util/stream/SortedOps$AbstractRefSortingSink
Event: 67.722 Loading class java/util/stream/SortedOps$AbstractRefSortingSink done
Event: 67.722 Loading class java/util/stream/SortedOps$SizedRefSortingSink done
Event: 68.332 Loading class java/io/ObjectStreamClass$ExceptionInfo
Event: 68.332 Loading class java/io/ObjectStreamClass$ExceptionInfo done

Classes unloaded (3 events):
Event: 69.221 Thread 0x000001e2d79a0c90 Unloading class 0x00000008018d1c00 'java/lang/invoke/LambdaForm$DMH+0x00000008018d1c00'
Event: 69.221 Thread 0x000001e2d79a0c90 Unloading class 0x00000008018d1800 'java/lang/invoke/LambdaForm$DMH+0x00000008018d1800'
Event: 69.221 Thread 0x000001e2d79a0c90 Unloading class 0x00000008018d1400 'java/lang/invoke/LambdaForm$DMH+0x00000008018d1400'

Classes redefined (0 events):
No events

Internal exceptions (20 events):
Event: 64.769 Thread 0x000001e2e0efaa10 Exception <a 'java/lang/ClassNotFoundException'{0x0000000088d07928}: groovy/util/FileTreeBuilderBeanInfo> (0x0000000088d07928) 
thrown [t:\workspace\open\src\hotspot\share\classfile\systemDictionary.cpp, line 255]
Event: 64.770 Thread 0x000001e2e0efaa10 Exception <a 'java/lang/ClassNotFoundException'{0x0000000088d16d78}: groovy/util/FileTreeBuilderCustomizer> (0x0000000088d16d78) 
thrown [t:\workspace\open\src\hotspot\share\classfile\systemDictionary.cpp, line 255]
Event: 64.798 Thread 0x000001e2e0efaa10 Exception <a 'java/lang/ClassNotFoundException'{0x0000000088d5be80}: java/io/BufferedWriterBeanInfo> (0x0000000088d5be80) 
thrown [t:\workspace\open\src\hotspot\share\classfile\systemDictionary.cpp, line 255]
Event: 64.798 Thread 0x000001e2e0efaa10 Exception <a 'java/lang/ClassNotFoundException'{0x0000000088d62160}: java/io/WriterBeanInfo> (0x0000000088d62160) 
thrown [t:\workspace\open\src\hotspot\share\classfile\systemDictionary.cpp, line 255]
Event: 64.799 Thread 0x000001e2e0efaa10 Exception <a 'java/lang/ClassNotFoundException'{0x0000000088d68178}: java/io/WriterCustomizer> (0x0000000088d68178) 
thrown [t:\workspace\open\src\hotspot\share\classfile\systemDictionary.cpp, line 255]
Event: 64.800 Thread 0x000001e2e0efaa10 Exception <a 'java/lang/ClassNotFoundException'{0x0000000088d78738}: java/io/BufferedWriterCustomizer> (0x0000000088d78738) 
thrown [t:\workspace\open\src\hotspot\share\classfile\systemDictionary.cpp, line 255]
Event: 64.934 Thread 0x000001e2e0efa540 Exception <a 'java/lang/NoSuchMethodError'{0x0000000088acc4f0}: static Lcom/android/build/api/variant/BuildConfigField;.<clinit>()V> (0x0000000088acc4f0) 
thrown [t:\workspace\open\src\hotspot\share\prims\jni.cpp, line 1104]
Event: 64.941 Thread 0x000001e2e0efa540 Exception <a 'java/lang/NoSuchMethodError'{0x0000000088acf500}: 'long java.lang.invoke.DirectMethodHandle$Holder.invokeSpecial(java.lang.Object, java.lang.Object)'> (0x0000000088acf500) 
thrown [t:\workspace\open\src\hotspot\share\interpreter\linkResolver.cpp, line 766]
Event: 64.941 Thread 0x000001e2e0efa540 Exception <a 'java/lang/NoSuchMethodError'{0x0000000088ad3350}: 'long java.lang.invoke.Invokers$Holder.invokeExact_MT(java.lang.Object, java.lang.Object)'> (0x0000000088ad3350) 
thrown [t:\workspace\open\src\hotspot\share\interpreter\linkResolver.cpp, line 766]
Event: 67.520 Thread 0x000001e2e0efa540 Exception <a 'java/lang/NoSuchMethodError'{0x0000000087870b50}: static Lcom/android/build/api/variant/impl/ResValueKeyImpl;.<clinit>()V> (0x0000000087870b50) 
thrown [t:\workspace\open\src\hotspot\share\prims\jni.cpp, line 1104]
Event: 67.522 Thread 0x000001e2e0efa540 Exception <a 'java/lang/NoSuchMethodError'{0x000000008787de98}: static Lcom/android/build/api/variant/ResValue;.<clinit>()V> (0x000000008787de98) 
thrown [t:\workspace\open\src\hotspot\share\prims\jni.cpp, line 1104]
Event: 68.331 Thread 0x000001e2ddc02930 Exception <a 'java/lang/NoSuchMethodError'{0x0000000088e0d9b8}: static Lcom/android/build/gradle/internal/scope/InternalArtifactType;.<clinit>()V> (0x0000000088e0d9b8) 
thrown [t:\workspace\open\src\hotspot\share\prims\jni.cpp, line 1104]
Event: 68.331 Thread 0x000001e2ddc02930 Exception <a 'java/lang/NoSuchMethodError'{0x0000000088e0f1f0}: static Lcom/android/build/gradle/internal/scope/InternalArtifactType;.<clinit>()V> (0x0000000088e0f1f0) 
thrown [t:\workspace\open\src\hotspot\share\prims\jni.cpp, line 1104]
Event: 68.332 Thread 0x000001e2ddc02930 Exception <a 'java/lang/NoSuchMethodError'{0x0000000088e123b0}: static Lcom/android/build/api/artifact/Artifact$Single;.<clinit>()V> (0x0000000088e123b0) 
thrown [t:\workspace\open\src\hotspot\share\prims\jni.cpp, line 1104]
Event: 68.332 Thread 0x000001e2ddc02930 Exception <a 'java/lang/NoSuchMethodError'{0x0000000088e14bb0}: static Ljava/lang/Object;.<clinit>()V> (0x0000000088e14bb0) 
thrown [t:\workspace\open\src\hotspot\share\prims\jni.cpp, line 1104]
Event: 68.336 Thread 0x000001e2ddc02930 Exception <a 'java/lang/NoSuchMethodError'{0x0000000088e2d6c0}: static Lcom/android/build/api/artifact/ArtifactKind;.<clinit>()V> (0x0000000088e2d6c0) 
thrown [t:\workspace\open\src\hotspot\share\prims\jni.cpp, line 1104]
Event: 68.336 Thread 0x000001e2ddc02930 Exception <a 'java/lang/NoSuchMethodError'{0x0000000088e2eb28}: static Lcom/android/build/api/artifact/ArtifactKind;.<clinit>()V> (0x0000000088e2eb28) 
thrown [t:\workspace\open\src\hotspot\share\prims\jni.cpp, line 1104]
Event: 68.502 Thread 0x000001e2df78e890 Implicit null exception at 0x000001e2c9079d80 to 0x000001e2c907be44
Event: 68.510 Thread 0x000001e2de198240 Implicit null exception at 0x000001e2c8dc42a5 to 0x000001e2c8dc4384
Event: 68.665 Thread 0x000001e2df790570 Implicit null exception at 0x000001e2c90950db to 0x000001e2c9095170

VM Operations (20 events):
Event: 67.577 Executing VM operation: G1CollectForAllocation done
Event: 67.720 Executing VM operation: HandshakeAllThreads
Event: 67.720 Executing VM operation: HandshakeAllThreads done
Event: 68.122 Executing VM operation: G1TryInitiateConcMark
Event: 68.133 Executing VM operation: G1TryInitiateConcMark done
Event: 68.371 Executing VM operation: HandshakeAllThreads
Event: 68.372 Executing VM operation: HandshakeAllThreads done
Event: 68.674 Executing VM operation: G1TryInitiateConcMark
Event: 68.687 Executing VM operation: G1TryInitiateConcMark done
Event: 69.009 Executing VM operation: G1TryInitiateConcMark
Event: 69.019 Executing VM operation: G1TryInitiateConcMark done
Event: 69.220 Executing VM operation: G1Concurrent
Event: 69.251 Executing VM operation: G1Concurrent done
Event: 69.341 Executing VM operation: G1Concurrent
Event: 69.341 Executing VM operation: G1Concurrent done
Event: 69.493 Executing VM operation: G1CollectForAllocation
Event: 69.501 Executing VM operation: G1CollectForAllocation done
Event: 69.790 Executing VM operation: HandshakeAllThreads
Event: 69.791 Executing VM operation: HandshakeAllThreads done
Event: 70.275 Executing VM operation: G1TryInitiateConcMark

Events (20 events):
Event: 64.044 Thread 0x000001e2d7a2b120 flushing nmethod 0x000001e2c2694990
Event: 64.044 Thread 0x000001e2d7a2b120 flushing nmethod 0x000001e2c2698310
Event: 64.044 Thread 0x000001e2d7a2b120 flushing nmethod 0x000001e2c269a610
Event: 64.044 Thread 0x000001e2d7a2b120 flushing nmethod 0x000001e2c26bf310
Event: 64.044 Thread 0x000001e2d7a2b120 flushing nmethod 0x000001e2c26cae10
Event: 64.045 Thread 0x000001e2d7a2b120 flushing nmethod 0x000001e2c26fe990
Event: 64.045 Thread 0x000001e2d7a2b120 flushing nmethod 0x000001e2c26ff310
Event: 64.046 Thread 0x000001e2d7a2b120 flushing nmethod 0x000001e2c27fbb10
Event: 64.046 Thread 0x000001e2d7a2b120 flushing nmethod 0x000001e2c2807f10
Event: 64.047 Thread 0x000001e2d7a2b120 flushing nmethod 0x000001e2c2816c90
Event: 64.047 Thread 0x000001e2d7a2b120 flushing nmethod 0x000001e2c284a290
Event: 64.047 Thread 0x000001e2d7a2b120 flushing nmethod 0x000001e2c284b110
Event: 64.047 Thread 0x000001e2d7a2b120 flushing nmethod 0x000001e2c28b0a90
Event: 64.047 Thread 0x000001e2d7a2b120 flushing nmethod 0x000001e2c28b1810
Event: 64.048 Thread 0x000001e2d7a2b120 flushing nmethod 0x000001e2c290ef10
Event: 64.048 Thread 0x000001e2d7a2b120 flushing nmethod 0x000001e2c290fe90
Event: 64.048 Thread 0x000001e2d7a2b120 flushing nmethod 0x000001e2c2910390
Event: 64.710 Thread 0x000001e2dfbf3390 Thread added: 0x000001e2dfbf3390
Event: 69.791 Thread 0x000001e2d7a2b120 flushing nmethod 0x000001e2c8be4e90
Event: 69.813 Thread 0x000001e2d7a2b120 flushing nmethod 0x000001e2c243b310


Dynamic libraries:
0x00007ff789480000 - 0x00007ff78948e000 	C:\Users\carol\.jdks\openjdk-18\bin\java.exe
0x00007ffea60b0000 - 0x00007ffea62a8000 	C:\Windows\SYSTEM32\ntdll.dll
0x00007ffea4fe0000 - 0x00007ffea509f000 	C:\Windows\System32\KERNEL32.DLL
0x00007ffea3920000 - 0x00007ffea3bfa000 	C:\Windows\System32\KERNELBASE.dll
0x00007ffea37f0000 - 0x00007ffea38f0000 	C:\Windows\System32\ucrtbase.dll
0x00007ffe7fbe0000 - 0x00007ffe7fbf7000 	C:\Users\carol\.jdks\openjdk-18\bin\jli.dll
0x00007ffea5b70000 - 0x00007ffea5d0d000 	C:\Windows\System32\USER32.dll
0x00007ffea38f0000 - 0x00007ffea3912000 	C:\Windows\System32\win32u.dll
0x00007ffea58b0000 - 0x00007ffea58db000 	C:\Windows\System32\GDI32.dll
0x00007ffea3d60000 - 0x00007ffea3e70000 	C:\Windows\System32\gdi32full.dll
0x00007ffe8ecc0000 - 0x00007ffe8ef5a000 	C:\Windows\WinSxS\amd64_microsoft.windows.common-controls_6595b64144ccf1df_6.0.19041.1110_none_60b5254171f9507e\COMCTL32.dll
0x00007ffea4880000 - 0x00007ffea491e000 	C:\Windows\System32\msvcrt.dll
0x00007ffea3e70000 - 0x00007ffea3f0d000 	C:\Windows\System32\msvcp_win.dll
0x00007ffe80a30000 - 0x00007ffe80a4a000 	C:\Users\carol\.jdks\openjdk-18\bin\VCRUNTIME140.dll
0x00007ffea5a90000 - 0x00007ffea5ac0000 	C:\Windows\System32\IMM32.DLL
0x00007ffe9a720000 - 0x00007ffe9a72c000 	C:\Users\carol\.jdks\openjdk-18\bin\vcruntime140_1.dll
0x00007ffe7fb50000 - 0x00007ffe7fbdd000 	C:\Users\carol\.jdks\openjdk-18\bin\msvcp140.dll
0x00007ffe5b1d0000 - 0x00007ffe5bde1000 	C:\Users\carol\.jdks\openjdk-18\bin\server\jvm.dll
0x00007ffea5ac0000 - 0x00007ffea5b6e000 	C:\Windows\System32\ADVAPI32.dll
0x00007ffea5940000 - 0x00007ffea59dc000 	C:\Windows\System32\sechost.dll
0x00007ffea4eb0000 - 0x00007ffea4fd6000 	C:\Windows\System32\RPCRT4.dll
0x00007ffea4c80000 - 0x00007ffea4c88000 	C:\Windows\System32\PSAPI.DLL
0x00007ffe86e90000 - 0x00007ffe86e99000 	C:\Windows\SYSTEM32\WSOCK32.dll
0x00007ffea5100000 - 0x00007ffea516b000 	C:\Windows\System32\WS2_32.dll
0x00007ffe8f120000 - 0x00007ffe8f147000 	C:\Windows\SYSTEM32\WINMM.dll
0x00007ffe9d090000 - 0x00007ffe9d09a000 	C:\Windows\SYSTEM32\VERSION.dll
0x00007ffea1620000 - 0x00007ffea1632000 	C:\Windows\SYSTEM32\kernel.appcore.dll
0x00007ffe9a690000 - 0x00007ffe9a69a000 	C:\Users\carol\.jdks\openjdk-18\bin\jimage.dll
0x00007ffe90cf0000 - 0x00007ffe90ed4000 	C:\Windows\SYSTEM32\DBGHELP.DLL
0x00007ffe856a0000 - 0x00007ffe856d4000 	C:\Windows\SYSTEM32\dbgcore.DLL
0x00007ffea3f10000 - 0x00007ffea3f92000 	C:\Windows\System32\bcryptPrimitives.dll
0x00007ffe7fb20000 - 0x00007ffe7fb45000 	C:\Users\carol\.jdks\openjdk-18\bin\java.dll
0x00007ffe7b0f0000 - 0x00007ffe7b1c6000 	C:\Users\carol\.jdks\openjdk-18\bin\jsvml.dll
0x00007ffea4110000 - 0x00007ffea4854000 	C:\Windows\System32\SHELL32.dll
0x00007ffea1840000 - 0x00007ffea1fd3000 	C:\Windows\SYSTEM32\windows.storage.dll
0x00007ffea4920000 - 0x00007ffea4c74000 	C:\Windows\System32\combase.dll
0x00007ffea3220000 - 0x00007ffea324e000 	C:\Windows\SYSTEM32\Wldp.dll
0x00007ffea59e0000 - 0x00007ffea5a8d000 	C:\Windows\System32\SHCORE.dll
0x00007ffea4d10000 - 0x00007ffea4d65000 	C:\Windows\System32\shlwapi.dll
0x00007ffea3700000 - 0x00007ffea371f000 	C:\Windows\SYSTEM32\profapi.dll
0x00007ffe7fb00000 - 0x00007ffe7fb13000 	C:\Users\carol\.jdks\openjdk-18\bin\net.dll
0x00007ffe9e8d0000 - 0x00007ffe9e9da000 	C:\Windows\SYSTEM32\WINHTTP.dll
0x00007ffea2f80000 - 0x00007ffea2fea000 	C:\Windows\system32\mswsock.dll
0x00007ffe7fae0000 - 0x00007ffe7faf6000 	C:\Users\carol\.jdks\openjdk-18\bin\nio.dll
0x00007ffe7d370000 - 0x00007ffe7d388000 	C:\Users\carol\.jdks\openjdk-18\bin\zip.dll
0x00007ffe94300000 - 0x00007ffe94310000 	C:\Users\carol\.jdks\openjdk-18\bin\verify.dll
0x00007ffe7b540000 - 0x00007ffe7b567000 	C:\Users\carol\.gradle\native\e1d6ef7f7dcc3fd88c89a11ec53ec762bb8ba0a96d01ffa2cd45eb1d1d8dd5c5\windows-amd64\native-platform.dll
0x00007ffe6b8d0000 - 0x00007ffe6ba14000 	C:\Users\carol\.gradle\native\0d407fdbe67a94daf76414ababcb853783967236a71b16ec16e742cd7a986fd3\windows-amd64\native-platform-file-events.dll
0x00007ffe80fb0000 - 0x00007ffe80fb9000 	C:\Users\carol\.jdks\openjdk-18\bin\management.dll
0x00007ffe80b50000 - 0x00007ffe80b5b000 	C:\Users\carol\.jdks\openjdk-18\bin\management_ext.dll
0x00007ffea3170000 - 0x00007ffea3188000 	C:\Windows\SYSTEM32\CRYPTSP.dll
0x00007ffea2800000 - 0x00007ffea2834000 	C:\Windows\system32\rsaenh.dll
0x00007ffea37c0000 - 0x00007ffea37e7000 	C:\Windows\System32\bcrypt.dll
0x00007ffea36c0000 - 0x00007ffea36ee000 	C:\Windows\SYSTEM32\USERENV.dll
0x00007ffea3190000 - 0x00007ffea319c000 	C:\Windows\SYSTEM32\CRYPTBASE.dll
0x00007ffea2c20000 - 0x00007ffea2c5c000 	C:\Windows\SYSTEM32\IPHLPAPI.DLL
0x00007ffea5e20000 - 0x00007ffea5e28000 	C:\Windows\System32\NSI.dll
0x00007ffe9d140000 - 0x00007ffe9d157000 	C:\Windows\SYSTEM32\dhcpcsvc6.DLL
0x00007ffe9d100000 - 0x00007ffe9d11d000 	C:\Windows\SYSTEM32\dhcpcsvc.DLL
0x00007ffea2c70000 - 0x00007ffea2d3b000 	C:\Windows\SYSTEM32\DNSAPI.dll

dbghelp: loaded successfully - version: 4.0.5 - missing functions: none
symbol engine: initialized successfully - sym options: 0x614 - pdb path: .;C:\Users\carol\.jdks\openjdk-18\bin;C:\Windows\SYSTEM32;C:\Windows\WinSxS\amd64_microsoft.windows.common-controls_6595b64144ccf1df_6.0.19041.1110_none_60b5254171f9507e;C:\Users\carol\.jdks\openjdk-18\bin\server;C:\Users\carol\.gradle\native\e1d6ef7f7dcc3fd88c89a11ec53ec762bb8ba0a96d01ffa2cd45eb1d1d8dd5c5\windows-amd64;C:\Users\carol\.gradle\native\0d407fdbe67a94daf76414ababcb853783967236a71b16ec16e742cd7a986fd3\windows-amd64

VM Arguments:
jvm_args: -XX:MaxMetaspaceSize=512m --add-opens=java.base/java.util=ALL-UNNAMED --add-opens=java.base/java.lang=ALL-UNNAMED --add-opens=java.base/java.lang.invoke=ALL-UNNAMED --add-opens=java.base/java.util=ALL-UNNAMED --add-opens=java.prefs/java.util.prefs=ALL-UNNAMED --add-opens=java.prefs/java.util.prefs=ALL-UNNAMED --add-opens=java.base/java.nio.charset=ALL-UNNAMED --add-opens=java.base/java.net=ALL-UNNAMED --add-opens=java.base/java.util.concurrent.atomic=ALL-UNNAMED -Xmx2048m -Dfile.encoding=UTF-8 -Duser.country=GB -Duser.language=en -Duser.variant 
java_command: org.gradle.launcher.daemon.bootstrap.GradleDaemon 7.5.1
java_class_path (initial): C:\Users\carol\.gradle\wrapper\dists\gradle-7.5.1-all\1ehga6e77gqps5uk2kc5kf1vc\gradle-7.5.1\lib\gradle-launcher-7.5.1.jar
Launcher Type: SUN_STANDARD

[Global flags]
     intx CICompilerCount                          = 4                                         {product} {ergonomic}
   size_t CompressedClassSpaceSize                 = 432013312                                 {product} {ergonomic}
     uint ConcGCThreads                            = 2                                         {product} {ergonomic}
     uint G1ConcRefinementThreads                  = 8                                         {product} {ergonomic}
   size_t G1HeapRegionSize                         = 1048576                                   {product} {ergonomic}
    uintx GCDrainStackTargetSize                   = 64                                        {product} {ergonomic}
   size_t InitialHeapSize                          = 262144000                                 {product} {ergonomic}
   size_t MarkStackSize                            = 4194304                                   {product} {ergonomic}
   size_t MaxHeapSize                              = 2147483648                                {product} {command line}
   size_t MaxMetaspaceSize                         = 536870912                                 {product} {command line}
   size_t MaxNewSize                               = 1287651328                                {product} {ergonomic}
   size_t MinHeapDeltaBytes                        = 1048576                                   {product} {ergonomic}
   size_t MinHeapSize                              = 8388608                                   {product} {ergonomic}
    uintx NonNMethodCodeHeapSize                   = 5839372                                {pd product} {ergonomic}
    uintx NonProfiledCodeHeapSize                  = 122909434                              {pd product} {ergonomic}
    uintx ProfiledCodeHeapSize                     = 122909434                              {pd product} {ergonomic}
    uintx ReservedCodeCacheSize                    = 251658240                              {pd product} {ergonomic}
     bool SegmentedCodeCache                       = true                                      {product} {ergonomic}
   size_t SoftMaxHeapSize                          = 2147483648                             {manageable} {ergonomic}
     bool UseCompressedClassPointers               = true                           {product lp64_product} {ergonomic}
     bool UseCompressedOops                        = true                           {product lp64_product} {ergonomic}
     bool UseG1GC                                  = true                                      {product} {ergonomic}
     bool UseLargePagesIndividualAllocation        = false                                  {pd product} {ergonomic}

Logging:
Log output configuration:
 #0: stdout all=warning uptime,level,tags foldmultilines=false
 #1: stderr all=off uptime,level,tags foldmultilines=false

Environment Variables:
JAVA_HOME=C:\Users\carol\.jdks\openjdk-18
CLASSPATH=C:\Users\carol\Documents\6Semester\mobileApp\AwesomeProject\android\\gradle\wrapper\gradle-wrapper.jar
PATH=C:\Users\carol\Documents\6Semester\mobileApp\AwesomeProject\android\node_modules\.bin;C:\Users\carol\Documents\6Semester\mobileApp\AwesomeProject\node_modules\.bin;C:\Users\carol\Documents\6Semester\mobileApp\node_modules\.bin;C:\Users\carol\Documents\6Semester\node_modules\.bin;C:\Users\carol\Documents\node_modules\.bin;C:\Users\carol\node_modules\.bin;C:\Users\node_modules\.bin;C:\node_modules\.bin;C:\Program Files\nodejs;C:\Users\carol\Documents\6Semester\mobileApp\AwesomeProject\node_modules\.bin;C:\Users\carol\Documents\6Semester\mobileApp\AwesomeProject\node_modules\.bin;C:\Users\carol\Documents\6Semester\mobileApp\node_modules\.bin;C:\Users\carol\Documents\6Semester\node_modules\.bin;C:\Users\carol\Documents\node_modules\.bin;C:\Users\carol\node_modules\.bin;C:\Users\node_modules\.bin;C:\node_modules\.bin;C:\Program Files\nodejs\node_modules\npm\node_modules\@npmcli\run-script\lib\node-gyp-bin;C:\Program Files\Microsoft\jdk-11.0.18.10-hotspot\bin;C:\Users\carol\maven\apache-maven-3.8.5;C:\Program Files\dotnet\;C:\Windows\System32\OpenSSH\;C:\Program Files\Go\bin;C:\ProgramData\chocolatey\bin;C:\Program Files\nodejs\;C:\Program Files\Docker\Docker\resources\bin;C:\Users\carol\AppData\Local\Microsoft\WindowsApps;C:\Users\carol\maven\apache-maven-3.8.5\bin;C:\Program Files\JetBrains\CLion 2022.1.1\bin;;C:\Users\carol\.dotnet\tools;C:\Windows\System32\OpenSSH\;C:\Windows\System32;C:Windows;C:\Program Files\Git\bin;C:\Users\carol\go\bin;C:\Users\carol\.jdks\openjdk-18\bin;C:\Program Files\JetBrains\GoLand 2022.3.4\bin;;C:\Users\carol\AppData\Roaming\npm;C:\Users\carol\AppData\Local\Android\Sdk\platform-tools;;C:\Users\carol\Documents\6Semester\mobileApp\AwesomeProject\node_modules\.bin
USERNAME=carol
OS=Windows_NT
PROCESSOR_IDENTIFIER=Intel64 Family 6 Model 126 Stepping 5, GenuineIntel



---------------  S Y S T E M  ---------------

OS:
 Windows 10 , 64 bit Build 19041 (10.0.19041.2788)
OS uptime: 3 days 1:11 hours
Hyper-V role detected

CPU: total 8 (initial active 8) (4 cores per cpu, 2 threads per core) family 6 model 126 stepping 5 microcode 0xb0, cx8, cmov, fxsr, ht, mmx, 3dnowpref, sse, sse2, sse3, ssse3, sse4.1, sse4.2, popcnt, lzcnt, tsc, tscinvbit, avx, avx2, aes, erms, clmul, bmi1, bmi2, adx, avx512f, avx512dq, avx512cd, avx512bw, avx512vl, sha, fma, vzeroupper, avx512_vpopcntdq, avx512_vpclmulqdq, avx512_vaes, avx512_vnni, clflush, clflushopt, avx512_vbmi2, avx512_vbmi, hv

Memory: 4k page, system-wide physical 15970M (285M free)
TotalPageFile size 16994M (AvailPageFile size 38M)
current process WorkingSet (physical memory assigned to process): 435M, peak: 435M
current process commit charge ("private bytes"): 486M, peak: 525M

vm_info: OpenJDK 64-Bit Server VM (18+36-2087) for windows-amd64 JRE (18+36-2087), built on Feb 15 2022 09:37:35 by "mach5one" with MS VC++ 16.8 / 16.9 (VS2019)

END.
