#
# There is insufficient memory for the Java Runtime Environment to continue.
# Native memory allocation (malloc) failed to allocate 387216 bytes for Chunk::new
# Possible reasons:
#   The system is out of physical RAM or swap space
#   The process is running with CompressedOops enabled, and the Java Heap may be blocking the growth of the native heap
# Possible solutions:
#   Reduce memory load on the system
#   Increase physical memory or swap space
#   Check if swap backing store is full
#   Decrease Java heap size (-Xmx/-Xms)
#   Decrease number of Java threads
#   Decrease Java thread stack sizes (-Xss)
#   Set larger code cache with -XX:ReservedCodeCacheSize=
#   JVM is running with Unscaled Compressed Oops mode in which the Java heap is
#     placed in the first 4GB address space. The Java Heap base address is the
#     maximum limit for the native heap growth. Please use -XX:HeapBaseMinAddress
#     to set the Java Heap base and to place the Java Heap above 4GB virtual address.
# This output file may be truncated or incomplete.
#
#  Out of Memory Error (arena.cpp:184), pid=32776, tid=12536
#
# JRE version: OpenJDK Runtime Environment (18.0+36) (build 18+36-2087)
# Java VM: OpenJDK 64-Bit Server VM (18+36-2087, mixed mode, sharing, tiered, compressed oops, compressed class ptrs, g1 gc, windows-amd64)
# No core dump will be written. Minidumps are not enabled by default on client versions of Windows
#

---------------  S U M M A R Y ------------

Command Line: -XX:MaxMetaspaceSize=512m --add-opens=java.base/java.util=ALL-UNNAMED --add-opens=java.base/java.lang=ALL-UNNAMED --add-opens=java.base/java.lang.invoke=ALL-UNNAMED --add-opens=java.base/java.util=ALL-UNNAMED --add-opens=java.prefs/java.util.prefs=ALL-UNNAMED --add-opens=java.prefs/java.util.prefs=ALL-UNNAMED --add-opens=java.base/java.nio.charset=ALL-UNNAMED --add-opens=java.base/java.net=ALL-UNNAMED --add-opens=java.base/java.util.concurrent.atomic=ALL-UNNAMED -Xmx2048m -Dfile.encoding=UTF-8 -Duser.country=GB -Duser.language=en -Duser.variant org.gradle.launcher.daemon.bootstrap.GradleDaemon 7.5.1

Host: Intel(R) Core(TM) i7-1065G7 CPU @ 1.30GHz, 8 cores, 15G,  Windows 10 , 64 bit Build 19041 (10.0.19041.2788)
Time: Mon Apr 24 15:46:54 2023 W. Europe Summer Time elapsed time: 36.415898 seconds (0d 0h 0m 36s)

---------------  T H R E A D  ---------------

Current thread (0x00000265075222c0):  JavaThread "C2 CompilerThread0" daemon [_thread_in_native, id=12536, stack(0x0000009051f00000,0x0000009052000000)]


Current CompileTask:
C2:  36416 4215       4       groovy.lang.MetaClassImpl$1MOPIter::methodNameAction (325 bytes)

Stack: [0x0000009051f00000,0x0000009052000000]
Native frames: (J=compiled Java code, j=interpreted, Vv=VM code, C=native code)
V  [jvm.dll+0x69804a]
V  [jvm.dll+0x7f308d]
V  [jvm.dll+0x7f499e]
V  [jvm.dll+0x7f5053]
V  [jvm.dll+0x25ca3f]
V  [jvm.dll+0xb8c2f]
V  [jvm.dll+0xb8fa5]
V  [jvm.dll+0x385a6b]
V  [jvm.dll+0x1d29a8]
V  [jvm.dll+0x22fd79]
V  [jvm.dll+0x22eff1]
V  [jvm.dll+0x1b9cfc]
V  [jvm.dll+0x23e8ca]
V  [jvm.dll+0x23cbac]
V  [jvm.dll+0x7a5781]
V  [jvm.dll+0x79fbba]
V  [jvm.dll+0x696ef5]
C  [ucrtbase.dll+0x21bb2]
C  [KERNEL32.DLL+0x17604]
C  [ntdll.dll+0x526a1]


---------------  P R O C E S S  ---------------

Threads class SMR info:
_java_thread_list=0x000002650c5fd3c0, length=38, elements={
0x00000265691d1640, 0x00000265074e7f10, 0x00000265074e8dd0, 0x00000265074fdb70,
0x000002650751e430, 0x000002650751ece0, 0x00000265075216e0, 0x00000265075222c0,
0x000002650752a200, 0x000002650752aaf0, 0x000002650b8fb5d0, 0x000002650b8fbf60,
0x000002650cb35080, 0x000002650cb34bb0, 0x000002650cb33870, 0x000002650cb35ef0,
0x000002650cb33d40, 0x000002650cb35a20, 0x000002650cb32a00, 0x000002650cb32ed0,
0x000002650cb35550, 0x000002650cb32530, 0x000002650cb34210, 0x000002650cf70f00,
0x000002650cf70560, 0x000002650cf718a0, 0x000002650cf6f220, 0x000002650cf6aec0,
0x000002650cf70a30, 0x000002650cf713d0, 0x000002650cf70090, 0x000002650cf71d70,
0x000002650cf6d070, 0x000002650cf6a520, 0x000002650cf6e880, 0x000002650cf6bd30,
0x000002650cf6ed50, 0x000002650cfb16f0
}

Java Threads: ( => current thread )
  0x00000265691d1640 JavaThread "main" [_thread_blocked, id=7956, stack(0x0000009051200000,0x0000009051300000)]
  0x00000265074e7f10 JavaThread "Reference Handler" daemon [_thread_blocked, id=22900, stack(0x0000009051900000,0x0000009051a00000)]
  0x00000265074e8dd0 JavaThread "Finalizer" daemon [_thread_blocked, id=13728, stack(0x0000009051a00000,0x0000009051b00000)]
  0x00000265074fdb70 JavaThread "Signal Dispatcher" daemon [_thread_blocked, id=36020, stack(0x0000009051b00000,0x0000009051c00000)]
  0x000002650751e430 JavaThread "Attach Listener" daemon [_thread_blocked, id=27876, stack(0x0000009051c00000,0x0000009051d00000)]
  0x000002650751ece0 JavaThread "Service Thread" daemon [_thread_blocked, id=10384, stack(0x0000009051d00000,0x0000009051e00000)]
  0x00000265075216e0 JavaThread "Monitor Deflation Thread" daemon [_thread_blocked, id=16724, stack(0x0000009051e00000,0x0000009051f00000)]
=>0x00000265075222c0 JavaThread "C2 CompilerThread0" daemon [_thread_in_native, id=12536, stack(0x0000009051f00000,0x0000009052000000)]
  0x000002650752a200 JavaThread "C1 CompilerThread0" daemon [_thread_blocked, id=42052, stack(0x0000009052000000,0x0000009052100000)]
  0x000002650752aaf0 JavaThread "Sweeper thread" daemon [_thread_blocked, id=21376, stack(0x0000009052100000,0x0000009052200000)]
  0x000002650b8fb5d0 JavaThread "Common-Cleaner" daemon [_thread_blocked, id=30976, stack(0x0000009052200000,0x0000009052300000)]
  0x000002650b8fbf60 JavaThread "Notification Thread" daemon [_thread_blocked, id=23504, stack(0x0000009052300000,0x0000009052400000)]
  0x000002650cb35080 JavaThread "Daemon health stats" [_thread_blocked, id=30376, stack(0x0000009052a00000,0x0000009052b00000)]
  0x000002650cb34bb0 JavaThread "Incoming local TCP Connector on port 58473" [_thread_in_native, id=8432, stack(0x0000009052b00000,0x0000009052c00000)]
  0x000002650cb33870 JavaThread "Daemon periodic checks" [_thread_blocked, id=24908, stack(0x0000009052c00000,0x0000009052d00000)]
  0x000002650cb35ef0 JavaThread "Daemon" [_thread_blocked, id=21708, stack(0x0000009052d00000,0x0000009052e00000)]
  0x000002650cb33d40 JavaThread "Handler for socket connection from /127.0.0.1:58473 to /127.0.0.1:58474" [_thread_in_native, id=27896, stack(0x0000009052e00000,0x0000009052f00000)]
  0x000002650cb35a20 JavaThread "Cancel handler" [_thread_blocked, id=20244, stack(0x0000009052f00000,0x0000009053000000)]
  0x000002650cb32a00 JavaThread "Daemon worker" [_thread_in_vm, id=26732, stack(0x0000009053000000,0x0000009053100000)]
  0x000002650cb32ed0 JavaThread "Asynchronous log dispatcher for DefaultDaemonConnection: socket connection from /127.0.0.1:58473 to /127.0.0.1:58474" [_thread_blocked, id=41652, stack(0x0000009053100000,0x0000009053200000)]
  0x000002650cb35550 JavaThread "Stdin handler" [_thread_blocked, id=12532, stack(0x0000009053200000,0x0000009053300000)]
  0x000002650cb32530 JavaThread "Daemon client event forwarder" [_thread_blocked, id=31748, stack(0x0000009053300000,0x0000009053400000)]
  0x000002650cb34210 JavaThread "Cache worker for journal cache (C:\Users\carol\.gradle\caches\journal-1)" [_thread_blocked, id=15708, stack(0x0000009053400000,0x0000009053500000)]
  0x000002650cf70f00 JavaThread "File lock request listener" [_thread_in_native, id=40440, stack(0x0000009053500000,0x0000009053600000)]
  0x000002650cf70560 JavaThread "Cache worker for file hash cache (C:\Users\carol\.gradle\caches\7.5.1\fileHashes)" [_thread_blocked, id=37308, stack(0x0000009053600000,0x0000009053700000)]
  0x000002650cf718a0 JavaThread "File watcher server" daemon [_thread_in_native, id=33328, stack(0x0000009053700000,0x0000009053800000)]
  0x000002650cf6f220 JavaThread "File watcher consumer" daemon [_thread_blocked, id=28368, stack(0x0000009053800000,0x0000009053900000)]
  0x000002650cf6aec0 JavaThread "Cache worker for checksums cache (C:\Users\carol\Documents\6Semester\mobileApp\AwesomeProject\android\.gradle\7.5.1\checksums)" [_thread_blocked, id=28320, stack(0x0000009053a00000,0x0000009053b00000)]
  0x000002650cf70a30 JavaThread "Cache worker for cache directory md-rule (C:\Users\carol\.gradle\caches\7.5.1\md-rule)" [_thread_blocked, id=26460, stack(0x0000009053b00000,0x0000009053c00000)]
  0x000002650cf713d0 JavaThread "Cache worker for file content cache (C:\Users\carol\.gradle\caches\7.5.1\fileContent)" [_thread_blocked, id=28156, stack(0x0000009053c00000,0x0000009053d00000)]
  0x000002650cf70090 JavaThread "Cache worker for file hash cache (C:\Users\carol\Documents\6Semester\mobileApp\AwesomeProject\android\.gradle\7.5.1\fileHashes)" [_thread_blocked, id=17532, stack(0x0000009054000000,0x0000009054100000)]
  0x000002650cf71d70 JavaThread "Cache worker for cache directory md-supplier (C:\Users\carol\.gradle\caches\7.5.1\md-supplier)" [_thread_blocked, id=35920, stack(0x0000009054100000,0x0000009054200000)]
  0x000002650cf6d070 JavaThread "Cache worker for execution history cache (C:\Users\carol\.gradle\caches\7.5.1\executionHistory)" [_thread_blocked, id=29104, stack(0x0000009053900000,0x0000009053a00000)]
  0x000002650cf6a520 JavaThread "jar transforms" [_thread_blocked, id=10252, stack(0x0000009054300000,0x0000009054400000)]
  0x000002650cf6e880 JavaThread "jar transforms Thread 2" [_thread_blocked, id=42164, stack(0x0000009054400000,0x0000009054500000)]
  0x000002650cf6bd30 JavaThread "jar transforms Thread 3" [_thread_blocked, id=316, stack(0x0000009054200000,0x0000009054300000)]
  0x000002650cf6ed50 JavaThread "jar transforms Thread 4" [_thread_blocked, id=13548, stack(0x0000009054500000,0x0000009054600000)]
  0x000002650cfb16f0 JavaThread "C2 CompilerThread1" daemon [_thread_blocked, id=35268, stack(0x0000009054600000,0x0000009054700000)]

Other Threads:
  0x00000265074e3150 VMThread "VM Thread" [stack: 0x0000009051800000,0x0000009051900000] [id=37224]
  0x000002650b910450 WatcherThread "VM Periodic Task Thread" [stack: 0x0000009052400000,0x0000009052500000] [id=4728]
  0x0000026569231450 WorkerThread "GC Thread#0" [stack: 0x0000009051300000,0x0000009051400000] [id=34472]
  0x000002650c1d81e0 WorkerThread "GC Thread#1" [stack: 0x0000009052500000,0x0000009052600000] [id=20936]
  0x000002650c1d8480 WorkerThread "GC Thread#2" [stack: 0x0000009052600000,0x0000009052700000] [id=41036]
  0x000002650c1d8720 WorkerThread "GC Thread#3" [stack: 0x0000009052700000,0x0000009052800000] [id=3888]
  0x000002650c1d89c0 WorkerThread "GC Thread#4" [stack: 0x0000009052800000,0x0000009052900000] [id=9720]
  0x000002650c1d9470 WorkerThread "GC Thread#5" [stack: 0x0000009052900000,0x0000009052a00000] [id=24856]
  0x000002650d99cd20 WorkerThread "GC Thread#6" [stack: 0x0000009053d00000,0x0000009053e00000] [id=40232]
  0x000002650ef956f0 WorkerThread "GC Thread#7" [stack: 0x0000009053e00000,0x0000009053f00000] [id=268]
  0x0000026569242190 ConcurrentGCThread "G1 Main Marker" [stack: 0x0000009051400000,0x0000009051500000] [id=17360]
  0x00000265692439a0 WorkerThread "G1 Conc#0" [stack: 0x0000009051500000,0x0000009051600000] [id=34220]
  0x000002650dbaf450 WorkerThread "G1 Conc#1" [stack: 0x0000009053f00000,0x0000009054000000] [id=41276]
  0x000002656928ecc0 ConcurrentGCThread "G1 Refine#0" [stack: 0x0000009051600000,0x0000009051700000] [id=28592]
  0x000002650739a6b0 ConcurrentGCThread "G1 Service" [stack: 0x0000009051700000,0x0000009051800000] [id=20100]

Threads with active compile tasks:
C2 CompilerThread0    36510 4215       4       groovy.lang.MetaClassImpl$1MOPIter::methodNameAction (325 bytes)

VM state: not at safepoint (normal execution)

VM Mutex/Monitor currently owned by a thread: None

Heap address: 0x0000000080000000, size: 2048 MB, Compressed Oops mode: 32-bit

CDS archive(s) mapped at: [0x0000000800000000-0x0000000800b90000-0x0000000800b90000), size 12124160, SharedBaseAddress: 0x0000000800000000, ArchiveRelocationMode: 0.
Compressed class space mapped at: 0x0000000800c00000-0x000000081a800000, reserved size: 432013312
Narrow klass base: 0x0000000800000000, Narrow klass shift: 0, Narrow klass range: 0x100000000

GC Precious Log:
 CardTable entry size: 512
 Card Set container configuration: InlinePtr #cards 5 size 8 Array Of Cards #cards 12 size 40 Howl #buckets 4 coarsen threshold 1843 Howl Bitmap #cards 512 size 80 coarsen threshold 460 Card regions per heap region 1 cards per card region 2048
 CPUs: 8 total, 8 available
 Memory: 15970M
 Large Page Support: Disabled
 NUMA Support: Disabled
 Compressed Oops: Enabled (32-bit)
 Heap Region Size: 1M
 Heap Min Capacity: 8M
 Heap Initial Capacity: 250M
 Heap Max Capacity: 2G
 Pre-touch: Disabled
 Parallel Workers: 8
 Concurrent Workers: 2
 Concurrent Refinement Workers: 8
 Periodic GC: Disabled

Heap:
 garbage-first heap   total 78848K, used 32137K [0x0000000080000000, 0x0000000100000000)
  region size 1024K, 6 young (6144K), 4 survivors (4096K)
 Metaspace       used 33514K, committed 34688K, reserved 487424K
  class space    used 4646K, committed 5248K, reserved 421888K

Heap Regions: E=young(eden), S=young(survivor), O=old, HS=humongous(starts), HC=humongous(continues), CS=collection set, F=free, OA=open archive, CA=closed archive, TAMS=top-at-mark-start (previous, next)
|   0|0x0000000080000000, 0x0000000080100000, 0x0000000080100000|100%| O|  |TAMS 0x0000000080000000, 0x0000000080000000| Untracked 
|   1|0x0000000080100000, 0x0000000080200000, 0x0000000080200000|100%| O|  |TAMS 0x0000000080200000, 0x0000000080100000| Untracked 
|   2|0x0000000080200000, 0x0000000080300000, 0x0000000080300000|100%| O|  |TAMS 0x0000000080300000, 0x0000000080200000| Untracked 
|   3|0x0000000080300000, 0x0000000080400000, 0x0000000080400000|100%|HS|  |TAMS 0x0000000080400000, 0x0000000080300000| Complete 
|   4|0x0000000080400000, 0x0000000080500000, 0x0000000080500000|100%|HC|  |TAMS 0x0000000080500000, 0x0000000080400000| Complete 
|   5|0x0000000080500000, 0x0000000080600000, 0x0000000080600000|100%|HC|  |TAMS 0x0000000080600000, 0x0000000080500000| Complete 
|   6|0x0000000080600000, 0x0000000080700000, 0x0000000080700000|100%| O|  |TAMS 0x0000000080700000, 0x0000000080600000| Untracked 
|   7|0x0000000080700000, 0x0000000080800000, 0x0000000080800000|100%| O|  |TAMS 0x0000000080800000, 0x0000000080700000| Untracked 
|   8|0x0000000080800000, 0x0000000080900000, 0x0000000080900000|100%| O|  |TAMS 0x0000000080900000, 0x0000000080800000| Untracked 
|   9|0x0000000080900000, 0x0000000080a00000, 0x0000000080a00000|100%| O|  |TAMS 0x0000000080a00000, 0x0000000080900000| Untracked 
|  10|0x0000000080a00000, 0x0000000080a0dc00, 0x0000000080b00000|  5%| O|  |TAMS 0x0000000080a0dc00, 0x0000000080a00000| Untracked 
|  11|0x0000000080b00000, 0x0000000080c00000, 0x0000000080c00000|100%| O|  |TAMS 0x0000000080b00000, 0x0000000080b00000| Untracked 
|  12|0x0000000080c00000, 0x0000000080d00000, 0x0000000080d00000|100%| O|  |TAMS 0x0000000080c00000, 0x0000000080c00000| Untracked 
|  13|0x0000000080d00000, 0x0000000080e00000, 0x0000000080e00000|100%| O|  |TAMS 0x0000000080d00000, 0x0000000080d00000| Untracked 
|  14|0x0000000080e00000, 0x0000000080f00000, 0x0000000080f00000|100%| O|  |TAMS 0x0000000080e00000, 0x0000000080e00000| Untracked 
|  15|0x0000000080f00000, 0x0000000081000000, 0x0000000081000000|100%| O|  |TAMS 0x0000000080f00000, 0x0000000080f00000| Untracked 
|  16|0x0000000081000000, 0x0000000081100000, 0x0000000081100000|100%| O|  |TAMS 0x0000000081000000, 0x0000000081000000| Untracked 
|  17|0x0000000081100000, 0x0000000081200000, 0x0000000081200000|100%| O|  |TAMS 0x0000000081100000, 0x0000000081100000| Untracked 
|  18|0x0000000081200000, 0x0000000081300000, 0x0000000081300000|100%| O|  |TAMS 0x0000000081200000, 0x0000000081200000| Untracked 
|  19|0x0000000081300000, 0x0000000081400000, 0x0000000081400000|100%| O|  |TAMS 0x0000000081300000, 0x0000000081300000| Untracked 
|  20|0x0000000081400000, 0x0000000081500000, 0x0000000081500000|100%| O|  |TAMS 0x0000000081400000, 0x0000000081400000| Untracked 
|  21|0x0000000081500000, 0x0000000081600000, 0x0000000081600000|100%| O|  |TAMS 0x0000000081500000, 0x0000000081500000| Untracked 
|  22|0x0000000081600000, 0x0000000081700000, 0x0000000081700000|100%| O|  |TAMS 0x0000000081600000, 0x0000000081600000| Untracked 
|  23|0x0000000081700000, 0x0000000081700000, 0x0000000081800000|  0%| F|  |TAMS 0x0000000081700000, 0x0000000081700000| Untracked 
|  24|0x0000000081800000, 0x0000000081800000, 0x0000000081900000|  0%| F|  |TAMS 0x0000000081800000, 0x0000000081800000| Untracked 
|  25|0x0000000081900000, 0x0000000081900000, 0x0000000081a00000|  0%| F|  |TAMS 0x0000000081900000, 0x0000000081900000| Untracked 
|  26|0x0000000081a00000, 0x0000000081b00000, 0x0000000081b00000|100%| O|  |TAMS 0x0000000081a00000, 0x0000000081a00000| Untracked 
|  27|0x0000000081b00000, 0x0000000081c00000, 0x0000000081c00000|100%| O|  |TAMS 0x0000000081b00000, 0x0000000081b00000| Untracked 
|  28|0x0000000081c00000, 0x0000000081d00000, 0x0000000081d00000|100%| O|  |TAMS 0x0000000081c00000, 0x0000000081c00000| Untracked 
|  29|0x0000000081d00000, 0x0000000081e00000, 0x0000000081e00000|100%| O|  |TAMS 0x0000000081d00000, 0x0000000081d00000| Untracked 
|  30|0x0000000081e00000, 0x0000000081e8c000, 0x0000000081f00000| 54%| O|  |TAMS 0x0000000081e00000, 0x0000000081e00000| Untracked 
|  31|0x0000000081f00000, 0x0000000081f00000, 0x0000000082000000|  0%| F|  |TAMS 0x0000000081f00000, 0x0000000081f00000| Untracked 
|  32|0x0000000082000000, 0x0000000082000000, 0x0000000082100000|  0%| F|  |TAMS 0x0000000082000000, 0x0000000082000000| Untracked 
|  33|0x0000000082100000, 0x0000000082100000, 0x0000000082200000|  0%| F|  |TAMS 0x0000000082100000, 0x0000000082100000| Untracked 
|  34|0x0000000082200000, 0x0000000082200000, 0x0000000082300000|  0%| F|  |TAMS 0x0000000082200000, 0x0000000082200000| Untracked 
|  35|0x0000000082300000, 0x0000000082300000, 0x0000000082400000|  0%| F|  |TAMS 0x0000000082300000, 0x0000000082300000| Untracked 
|  36|0x0000000082400000, 0x0000000082400000, 0x0000000082500000|  0%| F|  |TAMS 0x0000000082400000, 0x0000000082400000| Untracked 
|  37|0x0000000082500000, 0x0000000082500000, 0x0000000082600000|  0%| F|  |TAMS 0x0000000082500000, 0x0000000082500000| Untracked 
|  38|0x0000000082600000, 0x0000000082600000, 0x0000000082700000|  0%| F|  |TAMS 0x0000000082600000, 0x0000000082600000| Untracked 
|  39|0x0000000082700000, 0x0000000082700000, 0x0000000082800000|  0%| F|  |TAMS 0x0000000082700000, 0x0000000082700000| Untracked 
|  40|0x0000000082800000, 0x00000000828c8a28, 0x0000000082900000| 78%| S|CS|TAMS 0x0000000082800000, 0x0000000082800000| Complete 
|  41|0x0000000082900000, 0x0000000082a00000, 0x0000000082a00000|100%| S|CS|TAMS 0x0000000082900000, 0x0000000082900000| Complete 
|  42|0x0000000082a00000, 0x0000000082a00000, 0x0000000082b00000|  0%| F|  |TAMS 0x0000000082a00000, 0x0000000082a00000| Untracked 
|  43|0x0000000082b00000, 0x0000000082b00000, 0x0000000082c00000|  0%| F|  |TAMS 0x0000000082b00000, 0x0000000082b00000| Untracked 
|  44|0x0000000082c00000, 0x0000000082c00000, 0x0000000082d00000|  0%| F|  |TAMS 0x0000000082c00000, 0x0000000082c00000| Untracked 
|  45|0x0000000082d00000, 0x0000000082d00000, 0x0000000082e00000|  0%| F|  |TAMS 0x0000000082d00000, 0x0000000082d00000| Untracked 
|  46|0x0000000082e00000, 0x0000000082e00000, 0x0000000082f00000|  0%| F|  |TAMS 0x0000000082e00000, 0x0000000082e00000| Untracked 
|  47|0x0000000082f00000, 0x0000000083000000, 0x0000000083000000|100%| S|CS|TAMS 0x0000000082f00000, 0x0000000082f00000| Complete 
|  48|0x0000000083000000, 0x0000000083100000, 0x0000000083100000|100%| S|CS|TAMS 0x0000000083000000, 0x0000000083000000| Complete 
|  49|0x0000000083100000, 0x0000000083100000, 0x0000000083200000|  0%| F|  |TAMS 0x0000000083100000, 0x0000000083100000| Untracked 
|  50|0x0000000083200000, 0x0000000083200000, 0x0000000083300000|  0%| F|  |TAMS 0x0000000083200000, 0x0000000083200000| Untracked 
|  51|0x0000000083300000, 0x0000000083300000, 0x0000000083400000|  0%| F|  |TAMS 0x0000000083300000, 0x0000000083300000| Untracked 
|  52|0x0000000083400000, 0x0000000083400000, 0x0000000083500000|  0%| F|  |TAMS 0x0000000083400000, 0x0000000083400000| Untracked 
|  53|0x0000000083500000, 0x0000000083500000, 0x0000000083600000|  0%| F|  |TAMS 0x0000000083500000, 0x0000000083500000| Untracked 
|  54|0x0000000083600000, 0x0000000083600000, 0x0000000083700000|  0%| F|  |TAMS 0x0000000083600000, 0x0000000083600000| Untracked 
|  55|0x0000000083700000, 0x0000000083700000, 0x0000000083800000|  0%| F|  |TAMS 0x0000000083700000, 0x0000000083700000| Untracked 
|  56|0x0000000083800000, 0x0000000083800000, 0x0000000083900000|  0%| F|  |TAMS 0x0000000083800000, 0x0000000083800000| Untracked 
|  57|0x0000000083900000, 0x0000000083900000, 0x0000000083a00000|  0%| F|  |TAMS 0x0000000083900000, 0x0000000083900000| Untracked 
|  58|0x0000000083a00000, 0x0000000083a00000, 0x0000000083b00000|  0%| F|  |TAMS 0x0000000083a00000, 0x0000000083a00000| Untracked 
|  59|0x0000000083b00000, 0x0000000083b00000, 0x0000000083c00000|  0%| F|  |TAMS 0x0000000083b00000, 0x0000000083b00000| Untracked 
|  60|0x0000000083c00000, 0x0000000083c00000, 0x0000000083d00000|  0%| F|  |TAMS 0x0000000083c00000, 0x0000000083c00000| Untracked 
|  61|0x0000000083d00000, 0x0000000083d00000, 0x0000000083e00000|  0%| F|  |TAMS 0x0000000083d00000, 0x0000000083d00000| Untracked 
|  62|0x0000000083e00000, 0x0000000083e00000, 0x0000000083f00000|  0%| F|  |TAMS 0x0000000083e00000, 0x0000000083e00000| Untracked 
|  63|0x0000000083f00000, 0x0000000083f00000, 0x0000000084000000|  0%| F|  |TAMS 0x0000000083f00000, 0x0000000083f00000| Untracked 
| 143|0x0000000088f00000, 0x0000000088f00000, 0x0000000089000000|  0%| F|  |TAMS 0x0000000088f00000, 0x0000000088f00000| Untracked 
| 144|0x0000000089000000, 0x0000000089000000, 0x0000000089100000|  0%| F|  |TAMS 0x0000000089000000, 0x0000000089000000| Untracked 
| 145|0x0000000089100000, 0x0000000089100000, 0x0000000089200000|  0%| F|  |TAMS 0x0000000089100000, 0x0000000089100000| Untracked 
| 146|0x0000000089200000, 0x0000000089200000, 0x0000000089300000|  0%| F|  |TAMS 0x0000000089200000, 0x0000000089200000| Untracked 
| 147|0x0000000089300000, 0x0000000089300000, 0x0000000089400000|  0%| F|  |TAMS 0x0000000089300000, 0x0000000089300000| Untracked 
| 148|0x0000000089400000, 0x0000000089400000, 0x0000000089500000|  0%| F|  |TAMS 0x0000000089400000, 0x0000000089400000| Untracked 
| 149|0x0000000089500000, 0x0000000089500000, 0x0000000089600000|  0%| F|  |TAMS 0x0000000089500000, 0x0000000089500000| Untracked 
| 150|0x0000000089600000, 0x0000000089600000, 0x0000000089700000|  0%| F|  |TAMS 0x0000000089600000, 0x0000000089600000| Untracked 
| 151|0x0000000089700000, 0x0000000089700000, 0x0000000089800000|  0%| F|  |TAMS 0x0000000089700000, 0x0000000089700000| Untracked 
| 152|0x0000000089800000, 0x0000000089800000, 0x0000000089900000|  0%| F|  |TAMS 0x0000000089800000, 0x0000000089800000| Untracked 
| 153|0x0000000089900000, 0x0000000089900000, 0x0000000089a00000|  0%| F|  |TAMS 0x0000000089900000, 0x0000000089900000| Untracked 
| 154|0x0000000089a00000, 0x0000000089a7d8d8, 0x0000000089b00000| 49%| E|  |TAMS 0x0000000089a00000, 0x0000000089a00000| Complete 
| 249|0x000000008f900000, 0x000000008fa00000, 0x000000008fa00000|100%| E|CS|TAMS 0x000000008f900000, 0x000000008f900000| Complete 

Card table byte_map: [0x0000026500400000,0x0000026500800000] _byte_map_base: 0x0000026500000000

Marking Bits (Prev, Next): (CMBitMap*) 0x00000265692318a0, (CMBitMap*) 0x0000026569231860
 Prev Bits: [0x0000026502c00000, 0x0000026504c00000)
 Next Bits: [0x0000026500c00000, 0x0000026502c00000)

Polling page: 0x0000026568990000

Metaspace:

Usage:
  Non-class:     28.20 MB used.
      Class:      4.54 MB used.
       Both:     32.74 MB used.

Virtual space:
  Non-class space:       64.00 MB reserved,      28.75 MB ( 45%) committed,  1 nodes.
      Class space:      412.00 MB reserved,       5.12 MB (  1%) committed,  1 nodes.
             Both:      476.00 MB reserved,      33.88 MB (  7%) committed. 

Chunk freelists:
   Non-Class:  3.21 MB
       Class:  2.78 MB
        Both:  5.99 MB

MaxMetaspaceSize: 512.00 MB
CompressedClassSpaceSize: 412.00 MB
Initial GC threshold: 21.00 MB
Current GC threshold: 35.12 MB
CDS: on
MetaspaceReclaimPolicy: balanced
 - commit_granule_bytes: 65536.
 - commit_granule_words: 8192.
 - virtual_space_node_default_size: 8388608.
 - enlarge_chunks_in_place: 1.
 - new_chunks_are_fully_committed: 0.
 - uncommit_free_chunks: 1.
 - use_allocation_guard: 0.


Internal statistics:

num_allocs_failed_limit: 3.
num_arena_births: 1948.
num_arena_deaths: 0.
num_vsnodes_births: 2.
num_vsnodes_deaths: 0.
num_space_committed: 542.
num_space_uncommitted: 0.
num_chunks_returned_to_freelist: 3.
num_chunks_taken_from_freelist: 3384.
num_chunk_merges: 3.
num_chunk_splits: 2204.
num_chunks_enlarged: 1389.
num_inconsistent_stats: 0.

CodeHeap 'non-profiled nmethods': size=120000Kb used=2203Kb max_used=2203Kb free=117796Kb
 bounds [0x00000265785c0000, 0x0000026578830000, 0x000002657faf0000]
CodeHeap 'profiled nmethods': size=120000Kb used=8856Kb max_used=8856Kb free=111143Kb
 bounds [0x0000026571090000, 0x0000026571940000, 0x00000265785c0000]
CodeHeap 'non-nmethods': size=5760Kb used=2312Kb max_used=2347Kb free=3447Kb
 bounds [0x0000026570af0000, 0x0000026570d60000, 0x0000026571090000]
 total_blobs=5035 nmethods=4238 adapters=709
 compilation: enabled
              stopped_count=0, restarted_count=0
 full_count=0

Compilation events (20 events):
Event: 36.337 Thread 0x000002650752a200 4229       3       java.lang.invoke.InvokerBytecodeGenerator::emitStoreInsn (21 bytes)
Event: 36.338 Thread 0x000002650752a200 nmethod 4229 0x0000026571928e10 code [0x0000026571928fc0, 0x0000026571929218]
Event: 36.340 Thread 0x000002650752a200 4230       3       org.codehaus.groovy.util.ComplexKeyHashMap::getEntrySetIterator (9 bytes)
Event: 36.340 Thread 0x000002650752a200 nmethod 4230 0x0000026571929390 code [0x0000026571929540, 0x00000265719296e8]
Event: 36.340 Thread 0x000002650752a200 4231       3       org.codehaus.groovy.util.ComplexKeyHashMap$1::<init> (64 bytes)
Event: 36.341 Thread 0x000002650752a200 nmethod 4231 0x0000026571929790 code [0x0000026571929940, 0x0000026571929c98]
Event: 36.343 Thread 0x000002650752a200 4232       3       org.codehaus.groovy.reflection.CachedField::getModifiers (8 bytes)
Event: 36.344 Thread 0x000002650752a200 nmethod 4232 0x0000026571929e10 code [0x0000026571929fa0, 0x000002657192a0d8]
Event: 36.361 Thread 0x000002650752a200 4233       1       org.codehaus.groovy.reflection.stdclasses.ObjectCachedClass::isAssignableFrom (2 bytes)
Event: 36.361 Thread 0x000002650752a200 nmethod 4233 0x00000265787e5290 code [0x00000265787e5420, 0x00000265787e54f8]
Event: 36.362 Thread 0x000002650752a200 4234       3       groovy.lang.MetaClassImpl$$Lambda$328/0x000000080104f1e8::apply (8 bytes)
Event: 36.363 Thread 0x000002650752a200 nmethod 4234 0x000002657192a190 code [0x000002657192a360, 0x000002657192a768]
Event: 36.364 Thread 0x000002650752a200 4235       3       java.util.stream.SpinedBuffer::<init> (18 bytes)
Event: 36.364 Thread 0x000002650752a200 nmethod 4235 0x000002657192a910 code [0x000002657192aac0, 0x000002657192ad98]
Event: 36.364 Thread 0x000002650752a200 4236       3       java.util.stream.AbstractSpinedBuffer::<init> (10 bytes)
Event: 36.365 Thread 0x000002650752a200 nmethod 4236 0x000002657192ae90 code [0x000002657192b020, 0x000002657192b198]
Event: 36.380 Thread 0x000002650752a200 4237       3       java.lang.invoke.BoundMethodHandle$Species_LLLL::make (16 bytes)
Event: 36.380 Thread 0x000002650752a200 nmethod 4237 0x000002657192b290 code [0x000002657192b440, 0x000002657192b7e8]
Event: 36.380 Thread 0x000002650752a200 4238       3       java.lang.invoke.BoundMethodHandle$Species_LLLL::<init> (30 bytes)
Event: 36.381 Thread 0x000002650752a200 nmethod 4238 0x000002657192b910 code [0x000002657192bac0, 0x000002657192be28]

GC Heap History (10 events):
Event: 3.158 GC heap before
{Heap before GC invocations=0 (full 0):
 garbage-first heap   total 256000K, used 28672K [0x0000000080000000, 0x0000000100000000)
  region size 1024K, 23 young (23552K), 0 survivors (0K)
 Metaspace       used 3006K, committed 3200K, reserved 487424K
  class space    used 374K, committed 448K, reserved 421888K
}
Event: 3.176 GC heap after
{Heap after GC invocations=1 (full 0):
 garbage-first heap   total 256000K, used 8882K [0x0000000080000000, 0x0000000100000000)
  region size 1024K, 3 young (3072K), 3 survivors (3072K)
 Metaspace       used 3006K, committed 3200K, reserved 487424K
  class space    used 374K, committed 448K, reserved 421888K
}
Event: 5.123 GC heap before
{Heap before GC invocations=1 (full 0):
 garbage-first heap   total 256000K, used 38578K [0x0000000080000000, 0x0000000100000000)
  region size 1024K, 32 young (32768K), 3 survivors (3072K)
 Metaspace       used 3955K, committed 4096K, reserved 487424K
  class space    used 473K, committed 576K, reserved 421888K
}
Event: 5.130 GC heap after
{Heap after GC invocations=2 (full 0):
 garbage-first heap   total 256000K, used 13367K [0x0000000080000000, 0x0000000100000000)
  region size 1024K, 4 young (4096K), 4 survivors (4096K)
 Metaspace       used 3955K, committed 4096K, reserved 487424K
  class space    used 473K, committed 576K, reserved 421888K
}
Event: 14.376 GC heap before
{Heap before GC invocations=2 (full 0):
 garbage-first heap   total 256000K, used 105527K [0x0000000080000000, 0x0000000100000000)
  region size 1024K, 95 young (97280K), 4 survivors (4096K)
 Metaspace       used 20768K, committed 21504K, reserved 487424K
  class space    used 3059K, committed 3456K, reserved 421888K
}
Event: 14.399 GC heap after
{Heap after GC invocations=3 (full 0):
 garbage-first heap   total 256000K, used 20996K [0x0000000080000000, 0x0000000100000000)
  region size 1024K, 12 young (12288K), 12 survivors (12288K)
 Metaspace       used 20768K, committed 21504K, reserved 487424K
  class space    used 3059K, committed 3456K, reserved 421888K
}
Event: 17.561 GC heap before
{Heap before GC invocations=4 (full 0):
 garbage-first heap   total 78848K, used 55812K [0x0000000080000000, 0x0000000100000000)
  region size 1024K, 46 young (47104K), 12 survivors (12288K)
 Metaspace       used 25867K, committed 26944K, reserved 487424K
  class space    used 3826K, committed 4352K, reserved 421888K
}
Event: 17.579 GC heap after
{Heap after GC invocations=5 (full 0):
 garbage-first heap   total 78848K, used 23824K [0x0000000080000000, 0x0000000100000000)
  region size 1024K, 3 young (3072K), 3 survivors (3072K)
 Metaspace       used 25867K, committed 26944K, reserved 487424K
  class space    used 3826K, committed 4352K, reserved 421888K
}
Event: 19.690 GC heap before
{Heap before GC invocations=5 (full 0):
 garbage-first heap   total 78848K, used 54544K [0x0000000080000000, 0x0000000100000000)
  region size 1024K, 33 young (33792K), 3 survivors (3072K)
 Metaspace       used 30528K, committed 31552K, reserved 487424K
  class space    used 4327K, committed 4864K, reserved 421888K
}
Event: 19.700 GC heap after
{Heap after GC invocations=6 (full 0):
 garbage-first heap   total 78848K, used 27290K [0x0000000080000000, 0x0000000100000000)
  region size 1024K, 5 young (5120K), 5 survivors (5120K)
 Metaspace       used 30528K, committed 31552K, reserved 487424K
  class space    used 4327K, committed 4864K, reserved 421888K
}

Deoptimization events (20 events):
Event: 27.190 Thread 0x000002650cb32a00 Uncommon trap: trap_request=0xffffff45 fr.pc=0x00000265787cba30 relative=0x00000000000007b0
Event: 27.190 Thread 0x000002650cb32a00 Uncommon trap: reason=unstable_if action=reinterpret pc=0x00000265787cba30 method=java.io.BufferedInputStream.read([BII)I @ 56 c2
Event: 27.190 Thread 0x000002650cb32a00 DEOPT PACKING pc=0x00000265787cba30 sp=0x00000090530f89c0
Event: 27.190 Thread 0x000002650cb32a00 DEOPT UNPACKING pc=0x0000026570b45c23 sp=0x00000090530f8998 mode 2
Event: 27.205 Thread 0x000002650cb32a00 Uncommon trap: trap_request=0xffffffde fr.pc=0x0000026578784614 relative=0x00000000000003b4
Event: 27.205 Thread 0x000002650cb32a00 Uncommon trap: reason=class_check action=maybe_recompile pc=0x0000026578784614 method=java.util.regex.Pattern$Start.match(Ljava/util/regex/Matcher;ILjava/lang/CharSequence;)Z @ 44 c2
Event: 27.206 Thread 0x000002650cb32a00 DEOPT PACKING pc=0x0000026578784614 sp=0x00000090530f8160
Event: 27.206 Thread 0x000002650cb32a00 DEOPT UNPACKING pc=0x0000026570b45c23 sp=0x00000090530f80b0 mode 2
Event: 36.065 Thread 0x000002650cb32a00 Uncommon trap: trap_request=0xffffff45 fr.pc=0x00000265785e8064 relative=0x0000000000000064
Event: 36.065 Thread 0x000002650cb32a00 Uncommon trap: reason=unstable_if action=reinterpret pc=0x00000265785e8064 method=java.io.WinNTFileSystem.isSlash(C)Z @ 9 c2
Event: 36.065 Thread 0x000002650cb32a00 DEOPT PACKING pc=0x00000265785e8064 sp=0x00000090530f7a10
Event: 36.065 Thread 0x000002650cb32a00 DEOPT UNPACKING pc=0x0000026570b45c23 sp=0x00000090530f7988 mode 2
Event: 36.081 Thread 0x000002650cb32a00 Uncommon trap: trap_request=0xffffff45 fr.pc=0x00000265786f3024 relative=0x00000000000000a4
Event: 36.081 Thread 0x000002650cb32a00 Uncommon trap: reason=unstable_if action=reinterpret pc=0x00000265786f3024 method=java.lang.Integer.stringSize(I)I @ 3 c2
Event: 36.081 Thread 0x000002650cb32a00 DEOPT PACKING pc=0x00000265786f3024 sp=0x00000090530f7be0
Event: 36.081 Thread 0x000002650cb32a00 DEOPT UNPACKING pc=0x0000026570b45c23 sp=0x00000090530f7b68 mode 2
Event: 36.081 Thread 0x000002650cb32a00 Uncommon trap: trap_request=0xffffff45 fr.pc=0x00000265786f3538 relative=0x0000000000000298
Event: 36.081 Thread 0x000002650cb32a00 Uncommon trap: reason=unstable_if action=reinterpret pc=0x00000265786f3538 method=java.lang.Integer.getChars(II[B)I @ 4 c2
Event: 36.081 Thread 0x000002650cb32a00 DEOPT PACKING pc=0x00000265786f3538 sp=0x00000090530f7bc0
Event: 36.081 Thread 0x000002650cb32a00 DEOPT UNPACKING pc=0x0000026570b45c23 sp=0x00000090530f7b50 mode 2

Classes loaded (20 events):
Event: 21.479 Loading class java/lang/AbstractStringBuilderBeanInfo
Event: 21.479 Loading class java/lang/AbstractStringBuilderBeanInfo done
Event: 21.479 Loading class java/lang/AbstractStringBuilderBeanInfo
Event: 21.479 Loading class java/lang/AbstractStringBuilderBeanInfo done
Event: 21.480 Loading class java/lang/AbstractStringBuilderCustomizer
Event: 21.480 Loading class java/lang/AbstractStringBuilderCustomizer done
Event: 21.480 Loading class java/lang/AbstractStringBuilderCustomizer
Event: 21.480 Loading class java/lang/AbstractStringBuilderCustomizer done
Event: 21.516 Loading class java/lang/StringBufferCustomizer
Event: 21.516 Loading class java/lang/StringBufferCustomizer done
Event: 21.516 Loading class java/lang/StringBufferCustomizer
Event: 21.516 Loading class java/lang/StringBufferCustomizer done
Event: 27.202 Loading class java/lang/StringBeanInfo
Event: 27.202 Loading class java/lang/StringBeanInfo done
Event: 27.203 Loading class java/lang/StringBeanInfo
Event: 27.203 Loading class java/lang/StringBeanInfo done
Event: 27.204 Loading class java/lang/StringCustomizer
Event: 27.204 Loading class java/lang/StringCustomizer done
Event: 27.204 Loading class java/lang/StringCustomizer
Event: 27.204 Loading class java/lang/StringCustomizer done

Classes unloaded (0 events):
No events

Classes redefined (0 events):
No events

Internal exceptions (20 events):
Event: 21.479 Thread 0x000002650cb32a00 Exception <a 'java/lang/ClassNotFoundException'{0x00000000838f4338}: java/lang/StringBufferBeanInfo> (0x00000000838f4338) 
thrown [t:\workspace\open\src\hotspot\share\classfile\systemDictionary.cpp, line 255]
Event: 21.479 Thread 0x000002650cb32a00 Exception <a 'java/lang/ClassNotFoundException'{0x00000000838f99d8}: java/lang/AbstractStringBuilderBeanInfo> (0x00000000838f99d8) 
thrown [t:\workspace\open\src\hotspot\share\classfile\systemDictionary.cpp, line 255]
Event: 21.480 Thread 0x000002650cb32a00 Exception <a 'java/lang/ClassNotFoundException'{0x00000000838ff198}: java/lang/AbstractStringBuilderCustomizer> (0x00000000838ff198) 
thrown [t:\workspace\open\src\hotspot\share\classfile\systemDictionary.cpp, line 255]
Event: 21.516 Thread 0x000002650cb32a00 Exception <a 'java/lang/ClassNotFoundException'{0x00000000837d2e80}: java/lang/StringBufferCustomizer> (0x00000000837d2e80) 
thrown [t:\workspace\open\src\hotspot\share\classfile\systemDictionary.cpp, line 255]
Event: 27.203 Thread 0x000002650cb32a00 Exception <a 'java/lang/ClassNotFoundException'{0x0000000083402448}: java/lang/StringBeanInfo> (0x0000000083402448) 
thrown [t:\workspace\open\src\hotspot\share\classfile\systemDictionary.cpp, line 255]
Event: 27.204 Thread 0x000002650cb32a00 Exception <a 'java/lang/ClassNotFoundException'{0x0000000083407530}: java/lang/StringCustomizer> (0x0000000083407530) 
thrown [t:\workspace\open\src\hotspot\share\classfile\systemDictionary.cpp, line 255]
Event: 36.042 Thread 0x000002650cb32a00 Exception <a 'java/lang/ClassNotFoundException'{0x00000000834a3f50}: groovy/json/JsonSlurperBeanInfo> (0x00000000834a3f50) 
thrown [t:\workspace\open\src\hotspot\share\classfile\systemDictionary.cpp, line 255]
Event: 36.045 Thread 0x000002650cb32a00 Exception <a 'java/lang/ClassNotFoundException'{0x00000000834b3080}: groovy/json/JsonSlurperCustomizer> (0x00000000834b3080) 
thrown [t:\workspace\open\src\hotspot\share\classfile\systemDictionary.cpp, line 255]
Event: 36.089 Thread 0x000002650cb32a00 Exception <a 'java/lang/ClassNotFoundException'{0x0000000083388ea0}: org/apache/groovy/json/internal/LazyMapBeanInfo> (0x0000000083388ea0) 
thrown [t:\workspace\open\src\hotspot\share\classfile\systemDictionary.cpp, line 255]
Event: 36.090 Thread 0x000002650cb32a00 Exception <a 'java/lang/ClassNotFoundException'{0x0000000083391da8}: org/apache/groovy/json/internal/LazyMapCustomizer> (0x0000000083391da8) 
thrown [t:\workspace\open\src\hotspot\share\classfile\systemDictionary.cpp, line 255]
Event: 36.252 Thread 0x000002650cb32a00 Exception <a 'java/lang/ClassNotFoundException'{0x00000000833f74e8}: groovy/text/SimpleTemplateEngineBeanInfo> (0x00000000833f74e8) 
thrown [t:\workspace\open\src\hotspot\share\classfile\systemDictionary.cpp, line 255]
Event: 36.255 Thread 0x000002650cb32a00 Exception <a 'java/lang/ClassNotFoundException'{0x0000000083207b08}: groovy/text/TemplateEngineBeanInfo> (0x0000000083207b08) 
thrown [t:\workspace\open\src\hotspot\share\classfile\systemDictionary.cpp, line 255]
Event: 36.257 Thread 0x000002650cb32a00 Exception <a 'java/lang/ClassNotFoundException'{0x0000000083217c70}: groovy/text/TemplateEngineCustomizer> (0x0000000083217c70) 
thrown [t:\workspace\open\src\hotspot\share\classfile\systemDictionary.cpp, line 255]
Event: 36.262 Thread 0x000002650cb32a00 Exception <a 'java/lang/ClassNotFoundException'{0x000000008322cab8}: groovy/text/SimpleTemplateEngineCustomizer> (0x000000008322cab8) 
thrown [t:\workspace\open\src\hotspot\share\classfile\systemDictionary.cpp, line 255]
Event: 36.289 Thread 0x000002650cb32a00 Exception <a 'java/lang/ClassNotFoundException'{0x0000000083269ad8}: groovy/lang/GroovyShellBeanInfo> (0x0000000083269ad8) 
thrown [t:\workspace\open\src\hotspot\share\classfile\systemDictionary.cpp, line 255]
Event: 36.290 Thread 0x000002650cb32a00 Exception <a 'java/lang/ClassNotFoundException'{0x000000008327abd0}: groovy/lang/GroovyShellCustomizer> (0x000000008327abd0) 
thrown [t:\workspace\open\src\hotspot\share\classfile\systemDictionary.cpp, line 255]
Event: 36.322 Thread 0x000002650cb32a00 Exception <a 'java/lang/ClassNotFoundException'{0x00000000832d4310}: groovy/lang/Closure$1BeanInfo> (0x00000000832d4310) 
thrown [t:\workspace\open\src\hotspot\share\classfile\systemDictionary.cpp, line 255]
Event: 36.325 Thread 0x000002650cb32a00 Exception <a 'java/lang/ClassNotFoundException'{0x00000000832e4870}: groovy/lang/ClosureBeanInfo> (0x00000000832e4870) 
thrown [t:\workspace\open\src\hotspot\share\classfile\systemDictionary.cpp, line 255]
Event: 36.327 Thread 0x000002650cb32a00 Exception <a 'java/lang/ClassNotFoundException'{0x00000000832f4b28}: groovy/lang/ClosureCustomizer> (0x00000000832f4b28) 
thrown [t:\workspace\open\src\hotspot\share\classfile\systemDictionary.cpp, line 255]
Event: 36.334 Thread 0x000002650cb32a00 Exception <a 'java/lang/ClassNotFoundException'{0x00000000831276e0}: groovy/lang/Closure$1Customizer> (0x00000000831276e0) 
thrown [t:\workspace\open\src\hotspot\share\classfile\systemDictionary.cpp, line 255]

VM Operations (20 events):
Event: 19.747 Executing VM operation: HandshakeAllThreads
Event: 19.747 Executing VM operation: HandshakeAllThreads done
Event: 20.755 Executing VM operation: Cleanup
Event: 20.755 Executing VM operation: Cleanup done
Event: 21.758 Executing VM operation: Cleanup
Event: 21.758 Executing VM operation: Cleanup done
Event: 22.767 Executing VM operation: Cleanup
Event: 22.768 Executing VM operation: Cleanup done
Event: 23.771 Executing VM operation: Cleanup
Event: 23.771 Executing VM operation: Cleanup done
Event: 27.212 Executing VM operation: HandshakeAllThreads
Event: 27.212 Executing VM operation: HandshakeAllThreads done
Event: 27.212 Executing VM operation: Cleanup
Event: 27.213 Executing VM operation: Cleanup done
Event: 28.216 Executing VM operation: Cleanup
Event: 28.216 Executing VM operation: Cleanup done
Event: 29.222 Executing VM operation: Cleanup
Event: 29.222 Executing VM operation: Cleanup done
Event: 36.279 Executing VM operation: Cleanup
Event: 36.279 Executing VM operation: Cleanup done

Events (20 events):
Event: 9.496 Thread 0x000002650cf70f00 Thread added: 0x000002650cf70f00
Event: 10.159 Thread 0x000002650cf70560 Thread added: 0x000002650cf70560
Event: 13.336 Thread 0x000002650cf718a0 Thread added: 0x000002650cf718a0
Event: 13.358 Thread 0x000002650cf6f220 Thread added: 0x000002650cf6f220
Event: 13.719 Thread 0x000002650e7d9aa0 Thread added: 0x000002650e7d9aa0
Event: 14.009 Thread 0x000002650cf6aec0 Thread added: 0x000002650cf6aec0
Event: 14.143 Thread 0x000002650cf70a30 Thread added: 0x000002650cf70a30
Event: 14.266 Thread 0x000002650cf713d0 Thread added: 0x000002650cf713d0
Event: 14.863 Thread 0x000002650cf70090 Thread added: 0x000002650cf70090
Event: 15.008 Thread 0x000002650cf71d70 Thread added: 0x000002650cf71d70
Event: 15.764 Thread 0x000002650e7d9aa0 Thread exited: 0x000002650e7d9aa0
Event: 16.223 Thread 0x000002650cf6d070 Thread added: 0x000002650cf6d070
Event: 16.448 Thread 0x000002650e017630 Thread added: 0x000002650e017630
Event: 17.038 Thread 0x000002650e017630 Thread exited: 0x000002650e017630
Event: 18.974 Thread 0x000002650cfb07c0 Thread added: 0x000002650cfb07c0
Event: 19.654 Thread 0x000002650cf6a520 Thread added: 0x000002650cf6a520
Event: 19.826 Thread 0x000002650cf6e880 Thread added: 0x000002650cf6e880
Event: 20.398 Thread 0x000002650cfb07c0 Thread exited: 0x000002650cfb07c0
Event: 20.767 Thread 0x000002650cf6bd30 Thread added: 0x000002650cf6bd30
Event: 20.987 Thread 0x000002650cf6ed50 Thread added: 0x000002650cf6ed50


Dynamic libraries:
0x00007ff789480000 - 0x00007ff78948e000 	C:\Users\carol\.jdks\openjdk-18\bin\java.exe
0x00007ffea60b0000 - 0x00007ffea62a8000 	C:\Windows\SYSTEM32\ntdll.dll
0x00007ffea4fe0000 - 0x00007ffea509f000 	C:\Windows\System32\KERNEL32.DLL
0x00007ffea3920000 - 0x00007ffea3bfa000 	C:\Windows\System32\KERNELBASE.dll
0x00007ffe747c0000 - 0x00007ffe747d7000 	C:\Users\carol\.jdks\openjdk-18\bin\jli.dll
0x00007ffea37f0000 - 0x00007ffea38f0000 	C:\Windows\System32\ucrtbase.dll
0x00007ffea5b70000 - 0x00007ffea5d0d000 	C:\Windows\System32\USER32.dll
0x00007ffea38f0000 - 0x00007ffea3912000 	C:\Windows\System32\win32u.dll
0x00007ffea58b0000 - 0x00007ffea58db000 	C:\Windows\System32\GDI32.dll
0x00007ffe8ecc0000 - 0x00007ffe8ef5a000 	C:\Windows\WinSxS\amd64_microsoft.windows.common-controls_6595b64144ccf1df_6.0.19041.1110_none_60b5254171f9507e\COMCTL32.dll
0x00007ffea3d60000 - 0x00007ffea3e70000 	C:\Windows\System32\gdi32full.dll
0x00007ffea3e70000 - 0x00007ffea3f0d000 	C:\Windows\System32\msvcp_win.dll
0x00007ffea4880000 - 0x00007ffea491e000 	C:\Windows\System32\msvcrt.dll
0x00007ffe73410000 - 0x00007ffe7342a000 	C:\Users\carol\.jdks\openjdk-18\bin\VCRUNTIME140.dll
0x00007ffea5a90000 - 0x00007ffea5ac0000 	C:\Windows\System32\IMM32.DLL
0x00007ffe80fb0000 - 0x00007ffe80fbc000 	C:\Users\carol\.jdks\openjdk-18\bin\vcruntime140_1.dll
0x00007ffe611b0000 - 0x00007ffe6123d000 	C:\Users\carol\.jdks\openjdk-18\bin\msvcp140.dll
0x00007ffdfc8b0000 - 0x00007ffdfd4c1000 	C:\Users\carol\.jdks\openjdk-18\bin\server\jvm.dll
0x00007ffea5ac0000 - 0x00007ffea5b6e000 	C:\Windows\System32\ADVAPI32.dll
0x00007ffea5940000 - 0x00007ffea59dc000 	C:\Windows\System32\sechost.dll
0x00007ffea4eb0000 - 0x00007ffea4fd6000 	C:\Windows\System32\RPCRT4.dll
0x00007ffea4c80000 - 0x00007ffea4c88000 	C:\Windows\System32\PSAPI.DLL
0x00007ffe8f120000 - 0x00007ffe8f147000 	C:\Windows\SYSTEM32\WINMM.dll
0x00007ffe9d090000 - 0x00007ffe9d09a000 	C:\Windows\SYSTEM32\VERSION.dll
0x00007ffe86e90000 - 0x00007ffe86e99000 	C:\Windows\SYSTEM32\WSOCK32.dll
0x00007ffea5100000 - 0x00007ffea516b000 	C:\Windows\System32\ws2_32.DLL
0x00007ffea1620000 - 0x00007ffea1632000 	C:\Windows\SYSTEM32\kernel.appcore.dll
0x00007ffe796c0000 - 0x00007ffe796ca000 	C:\Users\carol\.jdks\openjdk-18\bin\jimage.dll
0x00007ffe90cf0000 - 0x00007ffe90ed4000 	C:\Windows\SYSTEM32\DBGHELP.DLL
0x00007ffe856a0000 - 0x00007ffe856d4000 	C:\Windows\SYSTEM32\dbgcore.DLL
0x00007ffea3f10000 - 0x00007ffea3f92000 	C:\Windows\System32\bcryptPrimitives.dll
0x00007ffe696e0000 - 0x00007ffe69705000 	C:\Users\carol\.jdks\openjdk-18\bin\java.dll
0x00007ffe601f0000 - 0x00007ffe602c6000 	C:\Users\carol\.jdks\openjdk-18\bin\jsvml.dll
0x00007ffea4110000 - 0x00007ffea4854000 	C:\Windows\System32\SHELL32.dll
0x00007ffea1840000 - 0x00007ffea1fd3000 	C:\Windows\SYSTEM32\windows.storage.dll
0x00007ffea4920000 - 0x00007ffea4c74000 	C:\Windows\System32\combase.dll
0x00007ffea3220000 - 0x00007ffea324e000 	C:\Windows\SYSTEM32\Wldp.dll
0x00007ffea59e0000 - 0x00007ffea5a8d000 	C:\Windows\System32\SHCORE.dll
0x00007ffea4d10000 - 0x00007ffea4d65000 	C:\Windows\System32\shlwapi.dll
0x00007ffea3700000 - 0x00007ffea371f000 	C:\Windows\SYSTEM32\profapi.dll
0x00007ffe69df0000 - 0x00007ffe69e03000 	C:\Users\carol\.jdks\openjdk-18\bin\net.dll
0x00007ffe9e8d0000 - 0x00007ffe9e9da000 	C:\Windows\SYSTEM32\WINHTTP.dll
0x00007ffea2f80000 - 0x00007ffea2fea000 	C:\Windows\system32\mswsock.dll
0x00007ffe696c0000 - 0x00007ffe696d6000 	C:\Users\carol\.jdks\openjdk-18\bin\nio.dll
0x00007ffe68280000 - 0x00007ffe68298000 	C:\Users\carol\.jdks\openjdk-18\bin\zip.dll
0x00007ffe7b170000 - 0x00007ffe7b180000 	C:\Users\carol\.jdks\openjdk-18\bin\verify.dll
0x00007ffe7b140000 - 0x00007ffe7b167000 	C:\Users\carol\.gradle\native\e1d6ef7f7dcc3fd88c89a11ec53ec762bb8ba0a96d01ffa2cd45eb1d1d8dd5c5\windows-amd64\native-platform.dll
0x00007ffe5d2f0000 - 0x00007ffe5d434000 	C:\Users\carol\.gradle\native\0d407fdbe67a94daf76414ababcb853783967236a71b16ec16e742cd7a986fd3\windows-amd64\native-platform-file-events.dll
0x00007ffe7b120000 - 0x00007ffe7b129000 	C:\Users\carol\.jdks\openjdk-18\bin\management.dll
0x00007ffe7b110000 - 0x00007ffe7b11b000 	C:\Users\carol\.jdks\openjdk-18\bin\management_ext.dll
0x00007ffea3170000 - 0x00007ffea3188000 	C:\Windows\SYSTEM32\CRYPTSP.dll
0x00007ffea2800000 - 0x00007ffea2834000 	C:\Windows\system32\rsaenh.dll
0x00007ffea37c0000 - 0x00007ffea37e7000 	C:\Windows\System32\bcrypt.dll
0x00007ffea36c0000 - 0x00007ffea36ee000 	C:\Windows\SYSTEM32\USERENV.dll
0x00007ffea3190000 - 0x00007ffea319c000 	C:\Windows\SYSTEM32\CRYPTBASE.dll
0x00007ffea2c20000 - 0x00007ffea2c5c000 	C:\Windows\SYSTEM32\IPHLPAPI.DLL
0x00007ffea5e20000 - 0x00007ffea5e28000 	C:\Windows\System32\NSI.dll
0x00007ffe9d140000 - 0x00007ffe9d157000 	C:\Windows\SYSTEM32\dhcpcsvc6.DLL
0x00007ffe9d100000 - 0x00007ffe9d11d000 	C:\Windows\SYSTEM32\dhcpcsvc.DLL
0x00007ffea2c70000 - 0x00007ffea2d3b000 	C:\Windows\SYSTEM32\DNSAPI.dll

dbghelp: loaded successfully - version: 4.0.5 - missing functions: none
symbol engine: initialized successfully - sym options: 0x614 - pdb path: .;C:\Users\carol\.jdks\openjdk-18\bin;C:\Windows\SYSTEM32;C:\Windows\WinSxS\amd64_microsoft.windows.common-controls_6595b64144ccf1df_6.0.19041.1110_none_60b5254171f9507e;C:\Users\carol\.jdks\openjdk-18\bin\server;C:\Users\carol\.gradle\native\e1d6ef7f7dcc3fd88c89a11ec53ec762bb8ba0a96d01ffa2cd45eb1d1d8dd5c5\windows-amd64;C:\Users\carol\.gradle\native\0d407fdbe67a94daf76414ababcb853783967236a71b16ec16e742cd7a986fd3\windows-amd64

VM Arguments:
jvm_args: -XX:MaxMetaspaceSize=512m --add-opens=java.base/java.util=ALL-UNNAMED --add-opens=java.base/java.lang=ALL-UNNAMED --add-opens=java.base/java.lang.invoke=ALL-UNNAMED --add-opens=java.base/java.util=ALL-UNNAMED --add-opens=java.prefs/java.util.prefs=ALL-UNNAMED --add-opens=java.prefs/java.util.prefs=ALL-UNNAMED --add-opens=java.base/java.nio.charset=ALL-UNNAMED --add-opens=java.base/java.net=ALL-UNNAMED --add-opens=java.base/java.util.concurrent.atomic=ALL-UNNAMED -Xmx2048m -Dfile.encoding=UTF-8 -Duser.country=GB -Duser.language=en -Duser.variant 
java_command: org.gradle.launcher.daemon.bootstrap.GradleDaemon 7.5.1
java_class_path (initial): C:\Users\carol\.gradle\wrapper\dists\gradle-7.5.1-all\1ehga6e77gqps5uk2kc5kf1vc\gradle-7.5.1\lib\gradle-launcher-7.5.1.jar
Launcher Type: SUN_STANDARD

[Global flags]
     intx CICompilerCount                          = 4                                         {product} {ergonomic}
   size_t CompressedClassSpaceSize                 = 432013312                                 {product} {ergonomic}
     uint ConcGCThreads                            = 2                                         {product} {ergonomic}
     uint G1ConcRefinementThreads                  = 8                                         {product} {ergonomic}
   size_t G1HeapRegionSize                         = 1048576                                   {product} {ergonomic}
    uintx GCDrainStackTargetSize                   = 64                                        {product} {ergonomic}
   size_t InitialHeapSize                          = 262144000                                 {product} {ergonomic}
   size_t MarkStackSize                            = 4194304                                   {product} {ergonomic}
   size_t MaxHeapSize                              = 2147483648                                {product} {command line}
   size_t MaxMetaspaceSize                         = 536870912                                 {product} {command line}
   size_t MaxNewSize                               = 1287651328                                {product} {ergonomic}
   size_t MinHeapDeltaBytes                        = 1048576                                   {product} {ergonomic}
   size_t MinHeapSize                              = 8388608                                   {product} {ergonomic}
    uintx NonNMethodCodeHeapSize                   = 5839372                                {pd product} {ergonomic}
    uintx NonProfiledCodeHeapSize                  = 122909434                              {pd product} {ergonomic}
    uintx ProfiledCodeHeapSize                     = 122909434                              {pd product} {ergonomic}
    uintx ReservedCodeCacheSize                    = 251658240                              {pd product} {ergonomic}
     bool SegmentedCodeCache                       = true                                      {product} {ergonomic}
   size_t SoftMaxHeapSize                          = 2147483648                             {manageable} {ergonomic}
     bool UseCompressedClassPointers               = true                           {product lp64_product} {ergonomic}
     bool UseCompressedOops                        = true                           {product lp64_product} {ergonomic}
     bool UseG1GC                                  = true                                      {product} {ergonomic}
     bool UseLargePagesIndividualAllocation        = false                                  {pd product} {ergonomic}

Logging:
Log output configuration:
 #0: stdout all=warning uptime,level,tags foldmultilines=false
 #1: stderr all=off uptime,level,tags foldmultilines=false

Environment Variables:
JAVA_HOME=C:\Users\carol\.jdks\openjdk-18
CLASSPATH=C:\Users\carol\Documents\6Semester\mobileApp\AwesomeProject\android\\gradle\wrapper\gradle-wrapper.jar
PATH=C:\Users\carol\Documents\6Semester\mobileApp\AwesomeProject\android\node_modules\.bin;C:\Users\carol\Documents\6Semester\mobileApp\AwesomeProject\node_modules\.bin;C:\Users\carol\Documents\6Semester\mobileApp\node_modules\.bin;C:\Users\carol\Documents\6Semester\node_modules\.bin;C:\Users\carol\Documents\node_modules\.bin;C:\Users\carol\node_modules\.bin;C:\Users\node_modules\.bin;C:\node_modules\.bin;C:\Program Files\nodejs;C:\Users\carol\Documents\6Semester\mobileApp\AwesomeProject\node_modules\.bin;C:\Users\carol\Documents\6Semester\mobileApp\AwesomeProject\node_modules\.bin;C:\Users\carol\Documents\6Semester\mobileApp\node_modules\.bin;C:\Users\carol\Documents\6Semester\node_modules\.bin;C:\Users\carol\Documents\node_modules\.bin;C:\Users\carol\node_modules\.bin;C:\Users\node_modules\.bin;C:\node_modules\.bin;C:\Program Files\nodejs\node_modules\npm\node_modules\@npmcli\run-script\lib\node-gyp-bin;C:\Users\carol\Documents\6Semester\mobileApp\AwesomeProject\node_modules\.bin;C:\Users\carol\Documents\6Semester\mobileApp\node_modules\.bin;C:\Users\carol\Documents\6Semester\node_modules\.bin;C:\Users\carol\Documents\node_modules\.bin;C:\Users\carol\node_modules\.bin;C:\Users\node_modules\.bin;C:\node_modules\.bin;C:\Program Files\nodejs;C:\Users\carol\Documents\6Semester\mobileApp\AwesomeProject\node_modules\react-native\scripts\node_modules\.bin;C:\Users\carol\Documents\6Semester\mobileApp\AwesomeProject\node_modules\react-native\node_modules\.bin;C:\Users\carol\Documents\6Semester\mobileApp\AwesomeProject\node_modules\node_modules\.bin;C:\Users\carol\Documents\6Semester\mobileApp\AwesomeProject\node_modules\.bin;C:\Users\carol\Documents\6Semester\mobileApp\node_modules\.bin;C:\Users\carol\Documents\6Semester\node_modules\.bin;C:\Users\carol\Documents\node_modules\.bin;C:\Users\carol\node_modules\.bin;C:\Users\node_modules\.bin;C:\node_modules\.bin;C:\Program Files\nodejs;C:\Users\carol\Documents\6Semester\mobileApp\AwesomeProject\node_modules\.bin;C:\Users\carol\Documents\6Semester\mobileApp\AwesomeProject\node_modules\.bin;C:\Users\carol\Documents\6Semester\mobileApp\node_modules\.bin;C:\Users\carol\Documents\6Semester\node_modules\.bin;C:\Users\carol\Documents\node_modules\.bin;C:\Users\carol\node_modules\.bin;C:\Users\node_modules\.bin;C:\node_modules\.bin;C:\Program Files\nodejs\node_modules\npm\node_modules\@npmcli\run-script\lib\node-gyp-bin;C:\Program Files\Microsoft\jdk-11.0.18.10-hotspot\bin;C:\Users\carol\maven\apache-maven-3.8.5;C:\Program Files\dotnet\;C:\Windows\System32\OpenSSH\;C:\Program Files\Go\bin;C:\ProgramData\chocolatey\bin;C:\Program Files\nodejs\;C:\Program Files\Docker\Docker\resources\bin;C:\Users\carol\AppData\Local\Microsoft\WindowsApps;C:\Users\carol\maven\apache-maven-3.8.5\bin;C:\Program Files\JetBrains\CLion 2022.1.1\bin;;C:\Users\carol\.dotnet\tools;C:\Windows\System32\OpenSSH\;C:\Windows\System32;C:Windows;C:\Program Files\Git\bin;C:\Users\carol\go\bin;C:\Users\carol\.jdks\openjdk-18\bin;C:\Program Files\JetBrains\GoLand 2022.3.4\bin;;C:\Users\carol\AppData\Roaming\npm;C:\Users\carol\AppData\Local\Android\Sdk\platform-tools;;C:\Users\carol\Documents\6Semester\mobileApp\AwesomeProject\node_modules\.bin
USERNAME=carol
OS=Windows_NT
PROCESSOR_IDENTIFIER=Intel64 Family 6 Model 126 Stepping 5, GenuineIntel



---------------  S Y S T E M  ---------------

OS:
 Windows 10 , 64 bit Build 19041 (10.0.19041.2788)
OS uptime: 3 days 1:02 hours
Hyper-V role detected

CPU: total 8 (initial active 8) (4 cores per cpu, 2 threads per core) family 6 model 126 stepping 5 microcode 0xb0, cx8, cmov, fxsr, ht, mmx, 3dnowpref, sse, sse2, sse3, ssse3, sse4.1, sse4.2, popcnt, lzcnt, tsc, tscinvbit, avx, avx2, aes, erms, clmul, bmi1, bmi2, adx, avx512f, avx512dq, avx512cd, avx512bw, avx512vl, sha, fma, vzeroupper, avx512_vpopcntdq, avx512_vpclmulqdq, avx512_vaes, avx512_vnni, clflush, clflushopt, avx512_vbmi2, avx512_vbmi, hv

Memory: 4k page, system-wide physical 15970M (404M free)
TotalPageFile size 16994M (AvailPageFile size 2M)
current process WorkingSet (physical memory assigned to process): 197M, peak: 226M
current process commit charge ("private bytes"): 250M, peak: 412M

vm_info: OpenJDK 64-Bit Server VM (18+36-2087) for windows-amd64 JRE (18+36-2087), built on Feb 15 2022 09:37:35 by "mach5one" with MS VC++ 16.8 / 16.9 (VS2019)

END.
