#
# There is insufficient memory for the Java Runtime Environment to continue.
# Native memory allocation (mmap) failed to map 492830720 bytes for G1 virtual space
# Possible reasons:
#   The system is out of physical RAM or swap space
#   The process is running with CompressedOops enabled, and the Java Heap may be blocking the growth of the native heap
# Possible solutions:
#   Reduce memory load on the system
#   Increase physical memory or swap space
#   Check if swap backing store is full
#   Decrease Java heap size (-Xmx/-Xms)
#   Decrease number of Java threads
#   Decrease Java thread stack sizes (-Xss)
#   Set larger code cache with -XX:ReservedCodeCacheSize=
#   JVM is running with Unscaled Compressed Oops mode in which the Java heap is
#     placed in the first 4GB address space. The Java Heap base address is the
#     maximum limit for the native heap growth. Please use -XX:HeapBaseMinAddress
#     to set the Java Heap base and to place the Java Heap above 4GB virtual address.
# This output file may be truncated or incomplete.
#
#  Out of Memory Error (os_windows.cpp:3530), pid=40416, tid=38140
#
# JRE version: OpenJDK Runtime Environment (18.0+36) (build 18+36-2087)
# Java VM: OpenJDK 64-Bit Server VM (18+36-2087, mixed mode, sharing, tiered, compressed oops, compressed class ptrs, g1 gc, windows-amd64)
# No core dump will be written. Minidumps are not enabled by default on client versions of Windows
#

---------------  S U M M A R Y ------------

Command Line: -XX:MaxMetaspaceSize=512m --add-opens=java.base/java.util=ALL-UNNAMED --add-opens=java.base/java.lang=ALL-UNNAMED --add-opens=java.base/java.lang.invoke=ALL-UNNAMED --add-opens=java.base/java.util=ALL-UNNAMED --add-opens=java.prefs/java.util.prefs=ALL-UNNAMED --add-opens=java.prefs/java.util.prefs=ALL-UNNAMED --add-opens=java.base/java.nio.charset=ALL-UNNAMED --add-opens=java.base/java.net=ALL-UNNAMED --add-opens=java.base/java.util.concurrent.atomic=ALL-UNNAMED -Xmx2048m -Dfile.encoding=UTF-8 -Duser.country=GB -Duser.language=en -Duser.variant org.gradle.launcher.daemon.bootstrap.GradleDaemon 7.5.1

Host: Intel(R) Core(TM) i7-1065G7 CPU @ 1.30GHz, 8 cores, 15G,  Windows 10 , 64 bit Build 19041 (10.0.19041.2788)
Time: Mon Apr 24 15:52:54 2023 W. Europe Summer Time elapsed time: 2503.625650 seconds (0d 0h 41m 43s)

---------------  T H R E A D  ---------------

Current thread (0x000001db7a5265d0):  VMThread "VM Thread" [stack: 0x00000085a7100000,0x00000085a7200000] [id=38140]

Stack: [0x00000085a7100000,0x00000085a7200000]
Native frames: (J=compiled Java code, j=interpreted, Vv=VM code, C=native code)
V  [jvm.dll+0x69804a]
V  [jvm.dll+0x7f308d]
V  [jvm.dll+0x7f499e]
V  [jvm.dll+0x7f5053]
V  [jvm.dll+0x25ca3f]
V  [jvm.dll+0x694f99]
V  [jvm.dll+0x689aca]
V  [jvm.dll+0x321efb]
V  [jvm.dll+0x3298d6]
V  [jvm.dll+0x37e47e]
V  [jvm.dll+0x37e6af]
V  [jvm.dll+0x2f9c7a]
V  [jvm.dll+0x2f9d27]
V  [jvm.dll+0x33e262]
V  [jvm.dll+0x33c804]
V  [jvm.dll+0x2f9450]
V  [jvm.dll+0x33bddb]
V  [jvm.dll+0x7f9e3b]
V  [jvm.dll+0x7fabd4]
V  [jvm.dll+0x7fb10c]
V  [jvm.dll+0x7fb564]
V  [jvm.dll+0x7fb627]
V  [jvm.dll+0x79fbba]
V  [jvm.dll+0x696ef5]
C  [ucrtbase.dll+0x21bb2]
C  [KERNEL32.DLL+0x17604]
C  [ntdll.dll+0x526a1]

VM_Operation (0x00000085a8dfe990): G1CollectForAllocation, mode: safepoint, requested by thread 0x000001db1e3b2a70


---------------  P R O C E S S  ---------------

Threads class SMR info:
_java_thread_list=0x000001db226cc4f0, length=81, elements={
0x000001db7a4abfb0, 0x000001db7fe984e0, 0x000001db7fe98d90, 0x000001db7feace10,
0x000001db7fead6c0, 0x000001db7feadf70, 0x000001db7feae820, 0x000001db7feb2f10,
0x000001db7febb810, 0x000001db7fecece0, 0x000001db1ccd5890, 0x000001db1cce0190,
0x000001db1e256080, 0x000001db1e751830, 0x000001db1d7f3120, 0x000001db1e3b2a70,
0x000001db1e3b3410, 0x000001db1e3b38e0, 0x000001db1e3b5f60, 0x000001db1e3b4750,
0x000001db1e3b3db0, 0x000001db1ed19d00, 0x000001db1ed18020, 0x000001db1ed19360,
0x000001db1ed1c380, 0x000001db1ed1a1d0, 0x000001db1ed1d1f0, 0x000001db1ed1f870,
0x000001db1ed1ab70, 0x000001db1ed1c850, 0x000001db1d6cd5e0, 0x000001db1d6c88e0,
0x000001db217b95a0, 0x000001db225c0b70, 0x000001db225c01d0, 0x000001db21fa4f00,
0x000001db211e8250, 0x000001db211e78b0, 0x000001db22dbeeb0, 0x000001db225c06a0,
0x000001db21bae070, 0x000001db21babec0, 0x000001db21baeee0, 0x000001db21fa53d0,
0x000001db21fa9730, 0x000001db21fa5d70, 0x000001db21fa58a0, 0x000001db21fa88c0,
0x000001db21fa9260, 0x000001db21fa36f0, 0x000001db21fa3bc0, 0x000001db21fa8d90,
0x000001db21faa5a0, 0x000001db21fa4090, 0x000001db21fa4560, 0x000001db21faaa70,
0x000001db21fa3220, 0x000001db21fa6240, 0x000001db21fa83f0, 0x000001db21fa6710,
0x000001db21fa7580, 0x000001db21fa6be0, 0x000001db21fa70b0, 0x000001db21fa7a50,
0x000001db21fa7f20, 0x000001db21ad3700, 0x000001db21ad1ef0, 0x000001db21ad3230,
0x000001db21bdec90, 0x000001db21bdfb00, 0x000001db21bde7c0, 0x000001db21bdf160,
0x000001db21bdf630, 0x000001db21bdffd0, 0x000001db22776960, 0x000001db22777ca0,
0x000001db22777300, 0x000001db22775af0, 0x000001db22774c80, 0x000001db227777d0,
0x000001db21bad6d0
}

Java Threads: ( => current thread )
  0x000001db7a4abfb0 JavaThread "main" [_thread_blocked, id=26416, stack(0x00000085a6b00000,0x00000085a6c00000)]
  0x000001db7fe984e0 JavaThread "Reference Handler" daemon [_thread_blocked, id=25440, stack(0x00000085a7200000,0x00000085a7300000)]
  0x000001db7fe98d90 JavaThread "Finalizer" daemon [_thread_blocked, id=24628, stack(0x00000085a7300000,0x00000085a7400000)]
  0x000001db7feace10 JavaThread "Signal Dispatcher" daemon [_thread_blocked, id=39960, stack(0x00000085a7400000,0x00000085a7500000)]
  0x000001db7fead6c0 JavaThread "Attach Listener" daemon [_thread_blocked, id=8560, stack(0x00000085a7500000,0x00000085a7600000)]
  0x000001db7feadf70 JavaThread "Service Thread" daemon [_thread_blocked, id=21136, stack(0x00000085a7600000,0x00000085a7700000)]
  0x000001db7feae820 JavaThread "Monitor Deflation Thread" daemon [_thread_blocked, id=3372, stack(0x00000085a7700000,0x00000085a7800000)]
  0x000001db7feb2f10 JavaThread "C2 CompilerThread0" daemon [_thread_blocked, id=39416, stack(0x00000085a7800000,0x00000085a7900000)]
  0x000001db7febb810 JavaThread "C1 CompilerThread0" daemon [_thread_blocked, id=22932, stack(0x00000085a7900000,0x00000085a7a00000)]
  0x000001db7fecece0 JavaThread "Sweeper thread" daemon [_thread_blocked, id=29792, stack(0x00000085a7a00000,0x00000085a7b00000)]
  0x000001db1ccd5890 JavaThread "Common-Cleaner" daemon [_thread_blocked, id=17372, stack(0x00000085a7b00000,0x00000085a7c00000)]
  0x000001db1cce0190 JavaThread "Notification Thread" daemon [_thread_blocked, id=17180, stack(0x00000085a7c00000,0x00000085a7d00000)]
  0x000001db1e256080 JavaThread "Daemon health stats" [_thread_blocked, id=38948, stack(0x00000085a8400000,0x00000085a8500000)]
  0x000001db1e751830 JavaThread "Incoming local TCP Connector on port 54988" [_thread_in_native, id=13388, stack(0x00000085a8500000,0x00000085a8600000)]
  0x000001db1d7f3120 JavaThread "Daemon periodic checks" [_thread_blocked, id=12580, stack(0x00000085a7e00000,0x00000085a7f00000)]
  0x000001db1e3b2a70 JavaThread "Cache worker for journal cache (C:\Users\carol\.gradle\caches\journal-1)" [_thread_blocked, id=19580, stack(0x00000085a8d00000,0x00000085a8e00000)]
  0x000001db1e3b3410 JavaThread "File lock request listener" [_thread_in_native, id=26864, stack(0x00000085a8e00000,0x00000085a8f00000)]
  0x000001db1e3b38e0 JavaThread "Cache worker for file hash cache (C:\Users\carol\.gradle\caches\7.5.1\fileHashes)" [_thread_blocked, id=26044, stack(0x00000085a9000000,0x00000085a9100000)]
  0x000001db1e3b5f60 JavaThread "File watcher server" daemon [_thread_blocked, id=3784, stack(0x00000085a8f00000,0x00000085a9000000)]
  0x000001db1e3b4750 JavaThread "File watcher consumer" daemon [_thread_blocked, id=19044, stack(0x00000085a9100000,0x00000085a9200000)]
  0x000001db1e3b3db0 JavaThread "Cache worker for file content cache (C:\Users\carol\.gradle\caches\7.5.1\fileContent)" [_thread_blocked, id=5332, stack(0x00000085a9400000,0x00000085a9500000)]
  0x000001db1ed19d00 JavaThread "Cache worker for execution history cache (C:\Users\carol\.gradle\caches\7.5.1\executionHistory)" [_thread_blocked, id=19412, stack(0x00000085a9b00000,0x00000085a9c00000)]
  0x000001db1ed18020 JavaThread "jar transforms" [_thread_blocked, id=20572, stack(0x00000085a9d00000,0x00000085a9e00000)]
  0x000001db1ed19360 JavaThread "jar transforms Thread 2" [_thread_blocked, id=10564, stack(0x00000085a9e00000,0x00000085a9f00000)]
  0x000001db1ed1c380 JavaThread "jar transforms Thread 3" [_thread_blocked, id=35068, stack(0x00000085a9f00000,0x00000085aa000000)]
  0x000001db1ed1a1d0 JavaThread "jar transforms Thread 4" [_thread_blocked, id=15372, stack(0x00000085a9c00000,0x00000085a9d00000)]
  0x000001db1ed1d1f0 JavaThread "Cache worker for kotlin-dsl (C:\Users\carol\.gradle\caches\7.5.1\kotlin-dsl)" [_thread_blocked, id=8308, stack(0x00000085aa000000,0x00000085aa100000)]
  0x000001db1ed1f870 JavaThread "jar transforms Thread 5" [_thread_blocked, id=22760, stack(0x00000085aa100000,0x00000085aa200000)]
  0x000001db1ed1ab70 JavaThread "jar transforms Thread 6" [_thread_blocked, id=9312, stack(0x00000085aa300000,0x00000085aa400000)]
  0x000001db1ed1c850 JavaThread "jar transforms Thread 7" [_thread_blocked, id=24984, stack(0x00000085aa600000,0x00000085aa700000)]
  0x000001db1d6cd5e0 JavaThread "jar transforms Thread 8" [_thread_blocked, id=5808, stack(0x00000085ac800000,0x00000085ac900000)]
  0x000001db1d6c88e0 JavaThread "Memory manager" [_thread_blocked, id=41780, stack(0x00000085aca00000,0x00000085acb00000)]
  0x000001db217b95a0 JavaThread "Monitor" [_thread_in_native, id=38048, stack(0x00000085b0800000,0x00000085b0900000)]
  0x000001db225c0b70 JavaThread "JdwpProxyConnection" [_thread_in_native, id=34620, stack(0x00000085b0500000,0x00000085b0600000)]
  0x000001db225c01d0 JavaThread "Device List Monitor" [_thread_in_native, id=27012, stack(0x00000085b0600000,0x00000085b0700000)]
  0x000001db21fa4f00 JavaThread "Daemon Thread 5" [_thread_blocked, id=11716, stack(0x00000085a6800000,0x00000085a6900000)]
  0x000001db211e8250 JavaThread "Handler for socket connection from /127.0.0.1:54988 to /127.0.0.1:59170" [_thread_in_native, id=33976, stack(0x00000085a6900000,0x00000085a6a00000)]
  0x000001db211e78b0 JavaThread "Cancel handler" [_thread_blocked, id=23908, stack(0x00000085a6a00000,0x00000085a6b00000)]
  0x000001db22dbeeb0 JavaThread "Daemon worker Thread 5" [_thread_blocked, id=16708, stack(0x00000085a8600000,0x00000085a8700000)]
  0x000001db225c06a0 JavaThread "Asynchronous log dispatcher for DefaultDaemonConnection: socket connection from /127.0.0.1:54988 to /127.0.0.1:59170" [_thread_blocked, id=30584, stack(0x00000085a8700000,0x00000085a8800000)]
  0x000001db21bae070 JavaThread "Stdin handler" [_thread_blocked, id=2952, stack(0x00000085a8800000,0x00000085a8900000)]
  0x000001db21babec0 JavaThread "Daemon client event forwarder" [_thread_blocked, id=9816, stack(0x00000085a8900000,0x00000085a8a00000)]
  0x000001db21baeee0 JavaThread "Cache worker for checksums cache (C:\Users\carol\Documents\6Semester\mobileApp\AwesomeProject\android\.gradle\7.5.1\checksums)" [_thread_blocked, id=29960, stack(0x00000085a8a00000,0x00000085a8b00000)]
  0x000001db21fa53d0 JavaThread "Cache worker for cache directory md-rule (C:\Users\carol\.gradle\caches\7.5.1\md-rule)" [_thread_blocked, id=4932, stack(0x00000085a8b00000,0x00000085a8c00000)]
  0x000001db21fa9730 JavaThread "Cache worker for file hash cache (C:\Users\carol\Documents\6Semester\mobileApp\AwesomeProject\android\.gradle\7.5.1\fileHashes)" [_thread_blocked, id=29376, stack(0x00000085a8c00000,0x00000085a8d00000)]
  0x000001db21fa5d70 JavaThread "Cache worker for cache directory md-supplier (C:\Users\carol\.gradle\caches\7.5.1\md-supplier)" [_thread_blocked, id=13524, stack(0x00000085a9200000,0x00000085a9300000)]
  0x000001db21fa58a0 JavaThread "Cache worker for dependencies-accessors (C:\Users\carol\Documents\6Semester\mobileApp\AwesomeProject\android\.gradle\7.5.1\dependencies-accessors)" [_thread_blocked, id=32852, stack(0x00000085a9300000,0x00000085a9400000)]
  0x000001db21fa88c0 JavaThread "Cache worker for Build Output Cleanup Cache (C:\Users\carol\Documents\6Semester\mobileApp\AwesomeProject\node_modules\react-native-gradle-plugin\.gradle\buildOutputCleanup)" [_thread_blocked, id=16940, stack(0x00000085a9500000,0x00000085a9600000)]
  0x000001db21fa9260 JavaThread "Unconstrained build operations" [_thread_blocked, id=32864, stack(0x00000085a9900000,0x00000085a9a00000)]
  0x000001db21fa36f0 JavaThread "Unconstrained build operations Thread 2" [_thread_blocked, id=34584, stack(0x00000085a9a00000,0x00000085a9b00000)]
  0x000001db21fa3bc0 JavaThread "Unconstrained build operations Thread 3" [_thread_blocked, id=1548, stack(0x00000085aa200000,0x00000085aa300000)]
  0x000001db21fa8d90 JavaThread "Unconstrained build operations Thread 4" [_thread_blocked, id=3644, stack(0x00000085aa400000,0x00000085aa500000)]
  0x000001db21faa5a0 JavaThread "Unconstrained build operations Thread 5" [_thread_blocked, id=38752, stack(0x00000085aa500000,0x00000085aa600000)]
  0x000001db21fa4090 JavaThread "Unconstrained build operations Thread 6" [_thread_blocked, id=17932, stack(0x00000085aa700000,0x00000085aa800000)]
  0x000001db21fa4560 JavaThread "Unconstrained build operations Thread 7" [_thread_blocked, id=33836, stack(0x00000085aa800000,0x00000085aa900000)]
  0x000001db21faaa70 JavaThread "Unconstrained build operations Thread 8" [_thread_blocked, id=27320, stack(0x00000085aa900000,0x00000085aaa00000)]
  0x000001db21fa3220 JavaThread "Unconstrained build operations Thread 9" [_thread_blocked, id=8228, stack(0x00000085aaa00000,0x00000085aab00000)]
  0x000001db21fa6240 JavaThread "Unconstrained build operations Thread 10" [_thread_blocked, id=29532, stack(0x00000085aab00000,0x00000085aac00000)]
  0x000001db21fa83f0 JavaThread "Unconstrained build operations Thread 11" [_thread_blocked, id=24704, stack(0x00000085aac00000,0x00000085aad00000)]
  0x000001db21fa6710 JavaThread "Unconstrained build operations Thread 12" [_thread_blocked, id=27432, stack(0x00000085aad00000,0x00000085aae00000)]
  0x000001db21fa7580 JavaThread "Unconstrained build operations Thread 13" [_thread_blocked, id=18080, stack(0x00000085aae00000,0x00000085aaf00000)]
  0x000001db21fa6be0 JavaThread "Unconstrained build operations Thread 14" [_thread_blocked, id=12480, stack(0x00000085aaf00000,0x00000085ab000000)]
  0x000001db21fa70b0 JavaThread "Unconstrained build operations Thread 15" [_thread_blocked, id=23200, stack(0x00000085ab000000,0x00000085ab100000)]
  0x000001db21fa7a50 JavaThread "Unconstrained build operations Thread 16" [_thread_blocked, id=11356, stack(0x00000085ab100000,0x00000085ab200000)]
  0x000001db21fa7f20 JavaThread "Unconstrained build operations Thread 17" [_thread_blocked, id=35664, stack(0x00000085ab200000,0x00000085ab300000)]
  0x000001db21ad3700 JavaThread "Unconstrained build operations Thread 18" [_thread_blocked, id=39244, stack(0x00000085ab300000,0x00000085ab400000)]
  0x000001db21ad1ef0 JavaThread "Unconstrained build operations Thread 19" [_thread_blocked, id=9568, stack(0x00000085ab400000,0x00000085ab500000)]
  0x000001db21ad3230 JavaThread "Unconstrained build operations Thread 20" [_thread_blocked, id=40372, stack(0x00000085ab500000,0x00000085ab600000)]
  0x000001db21bdec90 JavaThread "Unconstrained build operations Thread 21" [_thread_blocked, id=18452, stack(0x00000085ab600000,0x00000085ab700000)]
  0x000001db21bdfb00 JavaThread "Unconstrained build operations Thread 22" [_thread_blocked, id=42420, stack(0x00000085ab700000,0x00000085ab800000)]
  0x000001db21bde7c0 JavaThread "Unconstrained build operations Thread 23" [_thread_blocked, id=13232, stack(0x00000085ab800000,0x00000085ab900000)]
  0x000001db21bdf160 JavaThread "Unconstrained build operations Thread 24" [_thread_blocked, id=27292, stack(0x00000085ab900000,0x00000085aba00000)]
  0x000001db21bdf630 JavaThread "Unconstrained build operations Thread 25" [_thread_blocked, id=19476, stack(0x00000085aba00000,0x00000085abb00000)]
  0x000001db21bdffd0 JavaThread "Unconstrained build operations Thread 26" [_thread_blocked, id=7784, stack(0x00000085abb00000,0x00000085abc00000)]
  0x000001db22776960 JavaThread "Unconstrained build operations Thread 27" [_thread_blocked, id=23968, stack(0x00000085abc00000,0x00000085abd00000)]
  0x000001db22777ca0 JavaThread "Unconstrained build operations Thread 28" [_thread_blocked, id=28828, stack(0x00000085abd00000,0x00000085abe00000)]
  0x000001db22777300 JavaThread "Unconstrained build operations Thread 29" [_thread_blocked, id=16276, stack(0x00000085abe00000,0x00000085abf00000)]
  0x000001db22775af0 JavaThread "Unconstrained build operations Thread 30" [_thread_blocked, id=31568, stack(0x00000085abf00000,0x00000085ac000000)]
  0x000001db22774c80 JavaThread "Unconstrained build operations Thread 31" [_thread_blocked, id=40048, stack(0x00000085ac000000,0x00000085ac100000)]
  0x000001db227777d0 JavaThread "Unconstrained build operations Thread 32" [_thread_blocked, id=14124, stack(0x00000085ac100000,0x00000085ac200000)]
  0x000001db21bad6d0 JavaThread "Unconstrained build operations Thread 33" [_thread_blocked, id=11220, stack(0x00000085ac200000,0x00000085ac300000)]

Other Threads:
=>0x000001db7a5265d0 VMThread "VM Thread" [stack: 0x00000085a7100000,0x00000085a7200000] [id=38140]
  0x000001db1cce0a60 WatcherThread "VM Periodic Task Thread" [stack: 0x00000085a7d00000,0x00000085a7e00000] [id=27708]
  0x000001db7a507d40 WorkerThread "GC Thread#0" [stack: 0x00000085a6c00000,0x00000085a6d00000] [id=30388]
  0x000001db1d7e74a0 WorkerThread "GC Thread#1" [stack: 0x00000085a7f00000,0x00000085a8000000] [id=29052]
  0x000001db1d696640 WorkerThread "GC Thread#2" [stack: 0x00000085a8000000,0x00000085a8100000] [id=40772]
  0x000001db1d6968e0 WorkerThread "GC Thread#3" [stack: 0x00000085a8100000,0x00000085a8200000] [id=22176]
  0x000001db1cffe590 WorkerThread "GC Thread#4" [stack: 0x00000085a8200000,0x00000085a8300000] [id=17900]
  0x000001db1d6a0cb0 WorkerThread "GC Thread#5" [stack: 0x00000085a8300000,0x00000085a8400000] [id=2960]
  0x000001db1f79d600 WorkerThread "GC Thread#6" [stack: 0x00000085a9600000,0x00000085a9700000] [id=22152]
  0x000001db1f79ce20 WorkerThread "GC Thread#7" [stack: 0x00000085a9700000,0x00000085a9800000] [id=42244]
  0x000001db7a519a30 ConcurrentGCThread "G1 Main Marker" [stack: 0x00000085a6d00000,0x00000085a6e00000] [id=27236]
  0x000001db7a51a970 WorkerThread "G1 Conc#0" [stack: 0x00000085a6e00000,0x00000085a6f00000] [id=19012]
  0x000001db1f79c640 WorkerThread "G1 Conc#1" [stack: 0x00000085a9800000,0x00000085a9900000] [id=13932]
  0x000001db7a56e560 ConcurrentGCThread "G1 Refine#0" [stack: 0x00000085a6f00000,0x00000085a7000000] [id=42096]
  0x000001db214b7f50 ConcurrentGCThread "G1 Refine#1" [stack: 0x00000085b0100000,0x00000085b0200000] [id=22800]
  0x000001db214b8220 ConcurrentGCThread "G1 Refine#2" [stack: 0x00000085b0200000,0x00000085b0300000] [id=36048]
  0x000001db214b8d60 ConcurrentGCThread "G1 Refine#3" [stack: 0x00000085b0300000,0x00000085b0400000] [id=21904]
  0x000001db7a56ec20 ConcurrentGCThread "G1 Service" [stack: 0x00000085a7000000,0x00000085a7100000] [id=12556]

Threads with active compile tasks:
C2 CompilerThread0  2503713 18213       4       org.gradle.cache.internal.filelock.LockStateAccess::writeState (90 bytes)

VM state: at safepoint (normal execution)

VM Mutex/Monitor currently owned by a thread:  ([mutex/lock_event])
[0x000001db7a4aa170] Threads_lock - owner thread: 0x000001db7a5265d0
[0x000001db7a4aacb0] Heap_lock - owner thread: 0x000001db1e3b2a70

Heap address: 0x0000000080000000, size: 2048 MB, Compressed Oops mode: 32-bit

CDS archive(s) mapped at: [0x0000000800000000-0x0000000800b90000-0x0000000800b90000), size 12124160, SharedBaseAddress: 0x0000000800000000, ArchiveRelocationMode: 0.
Compressed class space mapped at: 0x0000000800c00000-0x000000081a800000, reserved size: 432013312
Narrow klass base: 0x0000000800000000, Narrow klass shift: 0, Narrow klass range: 0x100000000

GC Precious Log:
 CardTable entry size: 512
 Card Set container configuration: InlinePtr #cards 5 size 8 Array Of Cards #cards 12 size 40 Howl #buckets 4 coarsen threshold 1843 Howl Bitmap #cards 512 size 80 coarsen threshold 460 Card regions per heap region 1 cards per card region 2048
 CPUs: 8 total, 8 available
 Memory: 15970M
 Large Page Support: Disabled
 NUMA Support: Disabled
 Compressed Oops: Enabled (32-bit)
 Heap Region Size: 1M
 Heap Min Capacity: 8M
 Heap Initial Capacity: 250M
 Heap Max Capacity: 2G
 Pre-touch: Disabled
 Parallel Workers: 8
 Concurrent Workers: 2
 Concurrent Refinement Workers: 8
 Periodic GC: Disabled

Heap:
 garbage-first heap   total 256000K, used 117321K [0x0000000080000000, 0x0000000100000000)
  region size 1024K, 9 young (9216K), 9 survivors (9216K)
 Metaspace       used 97249K, committed 100224K, reserved 552960K
  class space    used 12859K, committed 14272K, reserved 421888K

Heap Regions: E=young(eden), S=young(survivor), O=old, HS=humongous(starts), HC=humongous(continues), CS=collection set, F=free, OA=open archive, CA=closed archive, TAMS=top-at-mark-start (previous, next)
|   0|0x0000000080000000, 0x0000000080100000, 0x0000000080100000|100%| O|  |TAMS 0x0000000080100000, 0x0000000080100000| Untracked 
|   1|0x0000000080100000, 0x0000000080200000, 0x0000000080200000|100%| O|  |TAMS 0x0000000080200000, 0x0000000080200000| Untracked 
|   2|0x0000000080200000, 0x0000000080300000, 0x0000000080300000|100%| O|  |TAMS 0x0000000080300000, 0x0000000080300000| Untracked 
|   3|0x0000000080300000, 0x0000000080400000, 0x0000000080400000|100%|HS|  |TAMS 0x0000000080400000, 0x0000000080400000| Complete 
|   4|0x0000000080400000, 0x0000000080500000, 0x0000000080500000|100%|HC|  |TAMS 0x0000000080500000, 0x0000000080500000| Complete 
|   5|0x0000000080500000, 0x0000000080600000, 0x0000000080600000|100%|HC|  |TAMS 0x0000000080600000, 0x0000000080600000| Complete 
|   6|0x0000000080600000, 0x0000000080700000, 0x0000000080700000|100%| O|  |TAMS 0x0000000080700000, 0x0000000080700000| Untracked 
|   7|0x0000000080700000, 0x0000000080800000, 0x0000000080800000|100%| O|  |TAMS 0x0000000080800000, 0x0000000080800000| Untracked 
|   8|0x0000000080800000, 0x0000000080900000, 0x0000000080900000|100%| O|  |TAMS 0x0000000080900000, 0x0000000080900000| Untracked 
|   9|0x0000000080900000, 0x0000000080a00000, 0x0000000080a00000|100%| O|  |TAMS 0x0000000080a00000, 0x0000000080a00000| Untracked 
|  10|0x0000000080a00000, 0x0000000080b00000, 0x0000000080b00000|100%| O|  |TAMS 0x0000000080b00000, 0x0000000080b00000| Untracked 
|  11|0x0000000080b00000, 0x0000000080c00000, 0x0000000080c00000|100%| O|  |TAMS 0x0000000080c00000, 0x0000000080c00000| Untracked 
|  12|0x0000000080c00000, 0x0000000080d00000, 0x0000000080d00000|100%| O|  |TAMS 0x0000000080d00000, 0x0000000080d00000| Untracked 
|  13|0x0000000080d00000, 0x0000000080e00000, 0x0000000080e00000|100%| O|  |TAMS 0x0000000080e00000, 0x0000000080e00000| Untracked 
|  14|0x0000000080e00000, 0x0000000080f00000, 0x0000000080f00000|100%| O|  |TAMS 0x0000000080f00000, 0x0000000080f00000| Untracked 
|  15|0x0000000080f00000, 0x0000000081000000, 0x0000000081000000|100%| O|  |TAMS 0x0000000081000000, 0x0000000081000000| Untracked 
|  16|0x0000000081000000, 0x0000000081100000, 0x0000000081100000|100%| O|  |TAMS 0x0000000081100000, 0x0000000081100000| Untracked 
|  17|0x0000000081100000, 0x0000000081200000, 0x0000000081200000|100%| O|  |TAMS 0x0000000081200000, 0x0000000081200000| Untracked 
|  18|0x0000000081200000, 0x0000000081300000, 0x0000000081300000|100%| O|  |TAMS 0x0000000081300000, 0x0000000081300000| Untracked 
|  19|0x0000000081300000, 0x0000000081400000, 0x0000000081400000|100%| O|  |TAMS 0x0000000081400000, 0x0000000081400000| Untracked 
|  20|0x0000000081400000, 0x0000000081500000, 0x0000000081500000|100%| O|  |TAMS 0x0000000081500000, 0x0000000081500000| Untracked 
|  21|0x0000000081500000, 0x0000000081600000, 0x0000000081600000|100%| O|  |TAMS 0x0000000081600000, 0x0000000081600000| Untracked 
|  22|0x0000000081600000, 0x0000000081700000, 0x0000000081700000|100%| O|  |TAMS 0x0000000081700000, 0x0000000081700000| Untracked 
|  23|0x0000000081700000, 0x0000000081800000, 0x0000000081800000|100%| O|  |TAMS 0x0000000081800000, 0x0000000081800000| Untracked 
|  24|0x0000000081800000, 0x0000000081900000, 0x0000000081900000|100%| O|  |TAMS 0x0000000081900000, 0x0000000081900000| Untracked 
|  25|0x0000000081900000, 0x0000000081900000, 0x0000000081a00000|  0%| F|  |TAMS 0x0000000081900000, 0x0000000081900000| Untracked 
|  26|0x0000000081a00000, 0x0000000081a00000, 0x0000000081b00000|  0%| F|  |TAMS 0x0000000081a00000, 0x0000000081a00000| Untracked 
|  27|0x0000000081b00000, 0x0000000081c00000, 0x0000000081c00000|100%| O|  |TAMS 0x0000000081c00000, 0x0000000081c00000| Untracked 
|  28|0x0000000081c00000, 0x0000000081d00000, 0x0000000081d00000|100%| O|  |TAMS 0x0000000081d00000, 0x0000000081d00000| Untracked 
|  29|0x0000000081d00000, 0x0000000081e00000, 0x0000000081e00000|100%| O|  |TAMS 0x0000000081d00000, 0x0000000081e00000| Untracked 
|  30|0x0000000081e00000, 0x0000000081e00000, 0x0000000081f00000|  0%| F|  |TAMS 0x0000000081e00000, 0x0000000081e00000| Untracked 
|  31|0x0000000081f00000, 0x0000000082000000, 0x0000000082000000|100%| O|  |TAMS 0x0000000082000000, 0x0000000082000000| Untracked 
|  32|0x0000000082000000, 0x0000000082100000, 0x0000000082100000|100%| O|  |TAMS 0x0000000082000000, 0x0000000082100000| Untracked 
|  33|0x0000000082100000, 0x0000000082100000, 0x0000000082200000|  0%| F|  |TAMS 0x0000000082100000, 0x0000000082100000| Untracked 
|  34|0x0000000082200000, 0x0000000082300000, 0x0000000082300000|100%| O|  |TAMS 0x0000000082300000, 0x0000000082300000| Untracked 
|  35|0x0000000082300000, 0x0000000082400000, 0x0000000082400000|100%| O|  |TAMS 0x0000000082400000, 0x0000000082400000| Untracked 
|  36|0x0000000082400000, 0x0000000082500000, 0x0000000082500000|100%| O|  |TAMS 0x0000000082500000, 0x0000000082500000| Untracked 
|  37|0x0000000082500000, 0x0000000082600000, 0x0000000082600000|100%| O|  |TAMS 0x0000000082600000, 0x0000000082600000| Untracked 
|  38|0x0000000082600000, 0x0000000082700000, 0x0000000082700000|100%|HS|  |TAMS 0x0000000082700000, 0x0000000082700000| Complete 
|  39|0x0000000082700000, 0x0000000082800000, 0x0000000082800000|100%|HS|  |TAMS 0x0000000082800000, 0x0000000082800000| Complete 
|  40|0x0000000082800000, 0x0000000082900000, 0x0000000082900000|100%|HC|  |TAMS 0x0000000082900000, 0x0000000082900000| Complete 
|  41|0x0000000082900000, 0x0000000082a00000, 0x0000000082a00000|100%|HC|  |TAMS 0x0000000082a00000, 0x0000000082a00000| Complete 
|  42|0x0000000082a00000, 0x0000000082b00000, 0x0000000082b00000|100%| O|  |TAMS 0x0000000082b00000, 0x0000000082b00000| Untracked 
|  43|0x0000000082b00000, 0x0000000082c00000, 0x0000000082c00000|100%| O|  |TAMS 0x0000000082c00000, 0x0000000082c00000| Untracked 
|  44|0x0000000082c00000, 0x0000000082d00000, 0x0000000082d00000|100%| O|  |TAMS 0x0000000082d00000, 0x0000000082d00000| Untracked 
|  45|0x0000000082d00000, 0x0000000082e00000, 0x0000000082e00000|100%| O|  |TAMS 0x0000000082e00000, 0x0000000082e00000| Untracked 
|  46|0x0000000082e00000, 0x0000000082f00000, 0x0000000082f00000|100%| O|  |TAMS 0x0000000082e00000, 0x0000000082f00000| Untracked 
|  47|0x0000000082f00000, 0x0000000083000000, 0x0000000083000000|100%| O|  |TAMS 0x0000000083000000, 0x0000000083000000| Untracked 
|  48|0x0000000083000000, 0x0000000083100000, 0x0000000083100000|100%| O|  |TAMS 0x0000000083100000, 0x0000000083100000| Untracked 
|  49|0x0000000083100000, 0x0000000083200000, 0x0000000083200000|100%| O|  |TAMS 0x0000000083200000, 0x0000000083200000| Untracked 
|  50|0x0000000083200000, 0x0000000083200000, 0x0000000083300000|  0%| F|  |TAMS 0x0000000083200000, 0x0000000083200000| Untracked 
|  51|0x0000000083300000, 0x0000000083400000, 0x0000000083400000|100%| O|  |TAMS 0x0000000083300000, 0x0000000083400000| Untracked 
|  52|0x0000000083400000, 0x0000000083500000, 0x0000000083500000|100%| O|  |TAMS 0x0000000083500000, 0x0000000083500000| Untracked 
|  53|0x0000000083500000, 0x0000000083600000, 0x0000000083600000|100%| O|  |TAMS 0x0000000083500000, 0x0000000083600000| Untracked 
|  54|0x0000000083600000, 0x0000000083700000, 0x0000000083700000|100%| O|  |TAMS 0x0000000083700000, 0x0000000083700000| Untracked 
|  55|0x0000000083700000, 0x0000000083800000, 0x0000000083800000|100%| O|  |TAMS 0x0000000083800000, 0x0000000083800000| Untracked 
|  56|0x0000000083800000, 0x0000000083900000, 0x0000000083900000|100%| O|  |TAMS 0x0000000083900000, 0x0000000083900000| Untracked 
|  57|0x0000000083900000, 0x0000000083a00000, 0x0000000083a00000|100%| O|  |TAMS 0x0000000083a00000, 0x0000000083a00000| Untracked 
|  58|0x0000000083a00000, 0x0000000083b00000, 0x0000000083b00000|100%|HS|  |TAMS 0x0000000083b00000, 0x0000000083b00000| Complete 
|  59|0x0000000083b00000, 0x0000000083c00000, 0x0000000083c00000|100%|HS|  |TAMS 0x0000000083c00000, 0x0000000083c00000| Complete 
|  60|0x0000000083c00000, 0x0000000083c00000, 0x0000000083d00000|  0%| F|  |TAMS 0x0000000083c00000, 0x0000000083c00000| Untracked 
|  61|0x0000000083d00000, 0x0000000083e00000, 0x0000000083e00000|100%| O|  |TAMS 0x0000000083e00000, 0x0000000083e00000| Untracked 
|  62|0x0000000083e00000, 0x0000000083f00000, 0x0000000083f00000|100%| O|  |TAMS 0x0000000083e00000, 0x0000000083f00000| Untracked 
|  63|0x0000000083f00000, 0x0000000084000000, 0x0000000084000000|100%| O|  |TAMS 0x0000000084000000, 0x0000000084000000| Untracked 
|  64|0x0000000084000000, 0x0000000084100000, 0x0000000084100000|100%| O|  |TAMS 0x0000000084100000, 0x0000000084100000| Untracked 
|  65|0x0000000084100000, 0x0000000084200000, 0x0000000084200000|100%|HS|  |TAMS 0x0000000084200000, 0x0000000084200000| Complete 
|  66|0x0000000084200000, 0x0000000084300000, 0x0000000084300000|100%|HC|  |TAMS 0x0000000084300000, 0x0000000084300000| Complete 
|  67|0x0000000084300000, 0x0000000084400000, 0x0000000084400000|100%| O|  |TAMS 0x0000000084400000, 0x0000000084400000| Untracked 
|  68|0x0000000084400000, 0x0000000084500000, 0x0000000084500000|100%| O|  |TAMS 0x0000000084400000, 0x0000000084500000| Untracked 
|  69|0x0000000084500000, 0x0000000084600000, 0x0000000084600000|100%| O|  |TAMS 0x0000000084500000, 0x0000000084600000| Untracked 
|  70|0x0000000084600000, 0x0000000084700000, 0x0000000084700000|100%| O|  |TAMS 0x0000000084600000, 0x0000000084700000| Untracked 
|  71|0x0000000084700000, 0x0000000084800000, 0x0000000084800000|100%| O|  |TAMS 0x0000000084700000, 0x0000000084800000| Untracked 
|  72|0x0000000084800000, 0x0000000084900000, 0x0000000084900000|100%| O|  |TAMS 0x0000000084900000, 0x0000000084900000| Untracked 
|  73|0x0000000084900000, 0x0000000084936000, 0x0000000084a00000| 21%| O|  |TAMS 0x0000000084900000, 0x0000000084936000| Untracked 
|  74|0x0000000084a00000, 0x0000000084a00000, 0x0000000084b00000|  0%| F|  |TAMS 0x0000000084a00000, 0x0000000084a00000| Untracked 
|  75|0x0000000084b00000, 0x0000000084c00000, 0x0000000084c00000|100%| O|  |TAMS 0x0000000084c00000, 0x0000000084c00000| Untracked 
|  76|0x0000000084c00000, 0x0000000084c00000, 0x0000000084d00000|  0%| F|  |TAMS 0x0000000084c00000, 0x0000000084c00000| Untracked 
|  77|0x0000000084d00000, 0x0000000084e00000, 0x0000000084e00000|100%| O|  |TAMS 0x0000000084e00000, 0x0000000084e00000| Untracked 
|  78|0x0000000084e00000, 0x0000000084f00000, 0x0000000084f00000|100%| O|  |TAMS 0x0000000084f00000, 0x0000000084f00000| Untracked 
|  79|0x0000000084f00000, 0x0000000084f00000, 0x0000000085000000|  0%| F|  |TAMS 0x0000000084f00000, 0x0000000084f00000| Untracked 
|  80|0x0000000085000000, 0x0000000085000000, 0x0000000085100000|  0%| F|  |TAMS 0x0000000085000000, 0x0000000085000000| Untracked 
|  81|0x0000000085100000, 0x0000000085100000, 0x0000000085200000|  0%| F|  |TAMS 0x0000000085100000, 0x0000000085100000| Untracked 
|  82|0x0000000085200000, 0x0000000085200000, 0x0000000085300000|  0%| F|  |TAMS 0x0000000085200000, 0x0000000085200000| Untracked 
|  83|0x0000000085300000, 0x0000000085400000, 0x0000000085400000|100%| O|  |TAMS 0x0000000085400000, 0x0000000085400000| Untracked 
|  84|0x0000000085400000, 0x0000000085500000, 0x0000000085500000|100%| O|  |TAMS 0x0000000085500000, 0x0000000085500000| Untracked 
|  85|0x0000000085500000, 0x0000000085600000, 0x0000000085600000|100%| O|  |TAMS 0x0000000085600000, 0x0000000085600000| Untracked 
|  86|0x0000000085600000, 0x0000000085700000, 0x0000000085700000|100%| O|  |TAMS 0x0000000085700000, 0x0000000085700000| Untracked 
|  87|0x0000000085700000, 0x0000000085700000, 0x0000000085800000|  0%| F|  |TAMS 0x0000000085700000, 0x0000000085700000| Untracked 
|  88|0x0000000085800000, 0x0000000085800000, 0x0000000085900000|  0%| F|  |TAMS 0x0000000085800000, 0x0000000085800000| Untracked 
|  89|0x0000000085900000, 0x0000000085900000, 0x0000000085a00000|  0%| F|  |TAMS 0x0000000085900000, 0x0000000085900000| Untracked 
|  90|0x0000000085a00000, 0x0000000085b00000, 0x0000000085b00000|100%| O|  |TAMS 0x0000000085b00000, 0x0000000085b00000| Untracked 
|  91|0x0000000085b00000, 0x0000000085b00000, 0x0000000085c00000|  0%| F|  |TAMS 0x0000000085b00000, 0x0000000085b00000| Untracked 
|  92|0x0000000085c00000, 0x0000000085d00000, 0x0000000085d00000|100%| O|  |TAMS 0x0000000085d00000, 0x0000000085d00000| Untracked 
|  93|0x0000000085d00000, 0x0000000085e00000, 0x0000000085e00000|100%| O|  |TAMS 0x0000000085e00000, 0x0000000085e00000| Untracked 
|  94|0x0000000085e00000, 0x0000000085f00000, 0x0000000085f00000|100%| O|  |TAMS 0x0000000085f00000, 0x0000000085f00000| Untracked 
|  95|0x0000000085f00000, 0x0000000086000000, 0x0000000086000000|100%| O|  |TAMS 0x0000000086000000, 0x0000000086000000| Untracked 
|  96|0x0000000086000000, 0x0000000086000000, 0x0000000086100000|  0%| F|  |TAMS 0x0000000086000000, 0x0000000086000000| Untracked 
|  97|0x0000000086100000, 0x0000000086100000, 0x0000000086200000|  0%| F|  |TAMS 0x0000000086100000, 0x0000000086100000| Untracked 
|  98|0x0000000086200000, 0x0000000086300000, 0x0000000086300000|100%| O|  |TAMS 0x0000000086300000, 0x0000000086300000| Untracked 
|  99|0x0000000086300000, 0x0000000086400000, 0x0000000086400000|100%| O|  |TAMS 0x0000000086400000, 0x0000000086400000| Untracked 
| 100|0x0000000086400000, 0x0000000086500000, 0x0000000086500000|100%| O|  |TAMS 0x0000000086500000, 0x0000000086500000| Untracked 
| 101|0x0000000086500000, 0x0000000086600000, 0x0000000086600000|100%| O|  |TAMS 0x0000000086600000, 0x0000000086600000| Untracked 
| 102|0x0000000086600000, 0x0000000086700000, 0x0000000086700000|100%| O|  |TAMS 0x0000000086700000, 0x0000000086700000| Untracked 
| 103|0x0000000086700000, 0x0000000086800000, 0x0000000086800000|100%| O|  |TAMS 0x0000000086800000, 0x0000000086800000| Untracked 
| 104|0x0000000086800000, 0x0000000086800000, 0x0000000086900000|  0%| F|  |TAMS 0x0000000086800000, 0x0000000086800000| Untracked 
| 105|0x0000000086900000, 0x0000000086900000, 0x0000000086a00000|  0%| F|  |TAMS 0x0000000086900000, 0x0000000086900000| Untracked 
| 106|0x0000000086a00000, 0x0000000086b00000, 0x0000000086b00000|100%| O|  |TAMS 0x0000000086b00000, 0x0000000086b00000| Untracked 
| 107|0x0000000086b00000, 0x0000000086b00000, 0x0000000086c00000|  0%| F|  |TAMS 0x0000000086b00000, 0x0000000086b00000| Untracked 
| 108|0x0000000086c00000, 0x0000000086c00000, 0x0000000086d00000|  0%| F|  |TAMS 0x0000000086c00000, 0x0000000086c00000| Untracked 
| 109|0x0000000086d00000, 0x0000000086d00000, 0x0000000086e00000|  0%| F|  |TAMS 0x0000000086d00000, 0x0000000086d00000| Untracked 
| 110|0x0000000086e00000, 0x0000000086e00000, 0x0000000086f00000|  0%| F|  |TAMS 0x0000000086e00000, 0x0000000086e00000| Untracked 
| 111|0x0000000086f00000, 0x0000000086f00000, 0x0000000087000000|  0%| F|  |TAMS 0x0000000086f00000, 0x0000000086f00000| Untracked 
| 112|0x0000000087000000, 0x0000000087000000, 0x0000000087100000|  0%| F|  |TAMS 0x0000000087000000, 0x0000000087000000| Untracked 
| 113|0x0000000087100000, 0x0000000087100000, 0x0000000087200000|  0%| F|  |TAMS 0x0000000087100000, 0x0000000087100000| Untracked 
| 114|0x0000000087200000, 0x0000000087200000, 0x0000000087300000|  0%| F|  |TAMS 0x0000000087200000, 0x0000000087200000| Untracked 
| 115|0x0000000087300000, 0x0000000087300000, 0x0000000087400000|  0%| F|  |TAMS 0x0000000087300000, 0x0000000087300000| Untracked 
| 116|0x0000000087400000, 0x0000000087400000, 0x0000000087500000|  0%| F|  |TAMS 0x0000000087400000, 0x0000000087400000| Untracked 
| 117|0x0000000087500000, 0x0000000087500000, 0x0000000087600000|  0%| F|  |TAMS 0x0000000087500000, 0x0000000087500000| Untracked 
| 118|0x0000000087600000, 0x0000000087700000, 0x0000000087700000|100%| O|  |TAMS 0x0000000087700000, 0x0000000087700000| Untracked 
| 119|0x0000000087700000, 0x0000000087800000, 0x0000000087800000|100%| O|  |TAMS 0x0000000087800000, 0x0000000087800000| Untracked 
| 120|0x0000000087800000, 0x0000000087900000, 0x0000000087900000|100%| O|  |TAMS 0x0000000087900000, 0x0000000087900000| Untracked 
| 121|0x0000000087900000, 0x0000000087a00000, 0x0000000087a00000|100%| O|  |TAMS 0x0000000087a00000, 0x0000000087a00000| Untracked 
| 122|0x0000000087a00000, 0x0000000087b00000, 0x0000000087b00000|100%| O|  |TAMS 0x0000000087b00000, 0x0000000087b00000| Untracked 
| 123|0x0000000087b00000, 0x0000000087c00000, 0x0000000087c00000|100%| O|  |TAMS 0x0000000087c00000, 0x0000000087c00000| Untracked 
| 124|0x0000000087c00000, 0x0000000087d00000, 0x0000000087d00000|100%| O|  |TAMS 0x0000000087d00000, 0x0000000087d00000| Untracked 
| 125|0x0000000087d00000, 0x0000000087e00000, 0x0000000087e00000|100%| O|  |TAMS 0x0000000087e00000, 0x0000000087e00000| Untracked 
| 126|0x0000000087e00000, 0x0000000087f00000, 0x0000000087f00000|100%| O|  |TAMS 0x0000000087f00000, 0x0000000087f00000| Untracked 
| 127|0x0000000087f00000, 0x0000000088000000, 0x0000000088000000|100%| O|  |TAMS 0x0000000088000000, 0x0000000088000000| Untracked 
| 128|0x0000000088000000, 0x0000000088100000, 0x0000000088100000|100%| O|  |TAMS 0x0000000088100000, 0x0000000088100000| Untracked 
| 129|0x0000000088100000, 0x0000000088200000, 0x0000000088200000|100%| O|  |TAMS 0x0000000088200000, 0x0000000088200000| Untracked 
| 130|0x0000000088200000, 0x0000000088300000, 0x0000000088300000|100%| O|  |TAMS 0x0000000088300000, 0x0000000088300000| Untracked 
| 131|0x0000000088300000, 0x0000000088400000, 0x0000000088400000|100%| O|  |TAMS 0x0000000088400000, 0x0000000088400000| Untracked 
| 132|0x0000000088400000, 0x0000000088500000, 0x0000000088500000|100%| O|  |TAMS 0x0000000088500000, 0x0000000088500000| Untracked 
| 133|0x0000000088500000, 0x0000000088600000, 0x0000000088600000|100%| O|  |TAMS 0x0000000088600000, 0x0000000088600000| Untracked 
| 134|0x0000000088600000, 0x0000000088700000, 0x0000000088700000|100%| O|  |TAMS 0x0000000088700000, 0x0000000088700000| Untracked 
| 135|0x0000000088700000, 0x0000000088800000, 0x0000000088800000|100%| O|  |TAMS 0x0000000088800000, 0x0000000088800000| Untracked 
| 136|0x0000000088800000, 0x0000000088900000, 0x0000000088900000|100%| O|  |TAMS 0x0000000088900000, 0x0000000088900000| Untracked 
| 137|0x0000000088900000, 0x0000000088a00000, 0x0000000088a00000|100%| O|  |TAMS 0x00000000889b3e08, 0x0000000088a00000| Untracked 
| 138|0x0000000088a00000, 0x0000000088a00000, 0x0000000088b00000|  0%| F|  |TAMS 0x0000000088a00000, 0x0000000088a00000| Untracked 
| 139|0x0000000088b00000, 0x0000000088b00000, 0x0000000088c00000|  0%| F|  |TAMS 0x0000000088b00000, 0x0000000088b00000| Untracked 
| 140|0x0000000088c00000, 0x0000000088c5c440, 0x0000000088d00000| 36%| S|CS|TAMS 0x0000000088c00000, 0x0000000088c00000| Complete 
| 141|0x0000000088d00000, 0x0000000088e00000, 0x0000000088e00000|100%| S|CS|TAMS 0x0000000088d00000, 0x0000000088d00000| Complete 
| 142|0x0000000088e00000, 0x0000000088f00000, 0x0000000088f00000|100%| S|CS|TAMS 0x0000000088e00000, 0x0000000088e00000| Complete 
| 143|0x0000000088f00000, 0x0000000089000000, 0x0000000089000000|100%| S|CS|TAMS 0x0000000088f00000, 0x0000000088f00000| Complete 
| 144|0x0000000089000000, 0x0000000089100000, 0x0000000089100000|100%| S|CS|TAMS 0x0000000089000000, 0x0000000089000000| Complete 
| 145|0x0000000089100000, 0x0000000089200000, 0x0000000089200000|100%| S|CS|TAMS 0x0000000089100000, 0x0000000089100000| Complete 
| 146|0x0000000089200000, 0x0000000089300000, 0x0000000089300000|100%| S|CS|TAMS 0x0000000089200000, 0x0000000089200000| Complete 
| 147|0x0000000089300000, 0x0000000089400000, 0x0000000089400000|100%| S|CS|TAMS 0x0000000089300000, 0x0000000089300000| Complete 
| 148|0x0000000089400000, 0x0000000089500000, 0x0000000089500000|100%| S|CS|TAMS 0x0000000089400000, 0x0000000089400000| Complete 
| 149|0x0000000089500000, 0x0000000089500000, 0x0000000089600000|  0%| F|  |TAMS 0x0000000089500000, 0x0000000089500000| Untracked 
| 150|0x0000000089600000, 0x0000000089600000, 0x0000000089700000|  0%| F|  |TAMS 0x0000000089600000, 0x0000000089600000| Untracked 
| 151|0x0000000089700000, 0x0000000089700000, 0x0000000089800000|  0%| F|  |TAMS 0x0000000089700000, 0x0000000089700000| Untracked 
| 152|0x0000000089800000, 0x0000000089800000, 0x0000000089900000|  0%| F|  |TAMS 0x0000000089800000, 0x0000000089800000| Untracked 
| 153|0x0000000089900000, 0x0000000089900000, 0x0000000089a00000|  0%| F|  |TAMS 0x0000000089900000, 0x0000000089900000| Untracked 
| 154|0x0000000089a00000, 0x0000000089a00000, 0x0000000089b00000|  0%| F|  |TAMS 0x0000000089a00000, 0x0000000089a00000| Untracked 
| 155|0x0000000089b00000, 0x0000000089b00000, 0x0000000089c00000|  0%| F|  |TAMS 0x0000000089b00000, 0x0000000089b00000| Untracked 
| 156|0x0000000089c00000, 0x0000000089c00000, 0x0000000089d00000|  0%| F|  |TAMS 0x0000000089c00000, 0x0000000089c00000| Untracked 
| 157|0x0000000089d00000, 0x0000000089d00000, 0x0000000089e00000|  0%| F|  |TAMS 0x0000000089d00000, 0x0000000089d00000| Untracked 
| 158|0x0000000089e00000, 0x0000000089e00000, 0x0000000089f00000|  0%| F|  |TAMS 0x0000000089e00000, 0x0000000089e00000| Untracked 
| 159|0x0000000089f00000, 0x0000000089f00000, 0x000000008a000000|  0%| F|  |TAMS 0x0000000089f00000, 0x0000000089f00000| Untracked 
| 160|0x000000008a000000, 0x000000008a000000, 0x000000008a100000|  0%| F|  |TAMS 0x000000008a000000, 0x000000008a000000| Untracked 
| 161|0x000000008a100000, 0x000000008a100000, 0x000000008a200000|  0%| F|  |TAMS 0x000000008a100000, 0x000000008a100000| Untracked 
| 162|0x000000008a200000, 0x000000008a200000, 0x000000008a300000|  0%| F|  |TAMS 0x000000008a200000, 0x000000008a200000| Untracked 
| 163|0x000000008a300000, 0x000000008a300000, 0x000000008a400000|  0%| F|  |TAMS 0x000000008a300000, 0x000000008a300000| Untracked 
| 164|0x000000008a400000, 0x000000008a400000, 0x000000008a500000|  0%| F|  |TAMS 0x000000008a400000, 0x000000008a400000| Untracked 
| 165|0x000000008a500000, 0x000000008a500000, 0x000000008a600000|  0%| F|  |TAMS 0x000000008a500000, 0x000000008a500000| Untracked 
| 166|0x000000008a600000, 0x000000008a600000, 0x000000008a700000|  0%| F|  |TAMS 0x000000008a600000, 0x000000008a600000| Untracked 
| 167|0x000000008a700000, 0x000000008a700000, 0x000000008a800000|  0%| F|  |TAMS 0x000000008a700000, 0x000000008a700000| Untracked 
| 168|0x000000008a800000, 0x000000008a800000, 0x000000008a900000|  0%| F|  |TAMS 0x000000008a800000, 0x000000008a800000| Untracked 
| 169|0x000000008a900000, 0x000000008a900000, 0x000000008aa00000|  0%| F|  |TAMS 0x000000008a900000, 0x000000008a900000| Untracked 
| 170|0x000000008aa00000, 0x000000008aa00000, 0x000000008ab00000|  0%| F|  |TAMS 0x000000008aa00000, 0x000000008aa00000| Untracked 
| 171|0x000000008ab00000, 0x000000008ab00000, 0x000000008ac00000|  0%| F|  |TAMS 0x000000008ab00000, 0x000000008ab00000| Untracked 
| 172|0x000000008ac00000, 0x000000008ac00000, 0x000000008ad00000|  0%| F|  |TAMS 0x000000008ac00000, 0x000000008ac00000| Untracked 
| 173|0x000000008ad00000, 0x000000008ad00000, 0x000000008ae00000|  0%| F|  |TAMS 0x000000008ad00000, 0x000000008ad00000| Untracked 
| 174|0x000000008ae00000, 0x000000008ae00000, 0x000000008af00000|  0%| F|  |TAMS 0x000000008ae00000, 0x000000008ae00000| Untracked 
| 175|0x000000008af00000, 0x000000008af00000, 0x000000008b000000|  0%| F|  |TAMS 0x000000008af00000, 0x000000008af00000| Untracked 
| 176|0x000000008b000000, 0x000000008b000000, 0x000000008b100000|  0%| F|  |TAMS 0x000000008b000000, 0x000000008b000000| Untracked 
| 177|0x000000008b100000, 0x000000008b100000, 0x000000008b200000|  0%| F|  |TAMS 0x000000008b100000, 0x000000008b100000| Untracked 
| 178|0x000000008b200000, 0x000000008b200000, 0x000000008b300000|  0%| F|  |TAMS 0x000000008b200000, 0x000000008b200000| Untracked 
| 179|0x000000008b300000, 0x000000008b300000, 0x000000008b400000|  0%| F|  |TAMS 0x000000008b300000, 0x000000008b300000| Untracked 
| 180|0x000000008b400000, 0x000000008b400000, 0x000000008b500000|  0%| F|  |TAMS 0x000000008b400000, 0x000000008b400000| Untracked 
| 181|0x000000008b500000, 0x000000008b500000, 0x000000008b600000|  0%| F|  |TAMS 0x000000008b500000, 0x000000008b500000| Untracked 
| 182|0x000000008b600000, 0x000000008b600000, 0x000000008b700000|  0%| F|  |TAMS 0x000000008b600000, 0x000000008b600000| Untracked 
| 183|0x000000008b700000, 0x000000008b700000, 0x000000008b800000|  0%| F|  |TAMS 0x000000008b700000, 0x000000008b700000| Untracked 
| 184|0x000000008b800000, 0x000000008b800000, 0x000000008b900000|  0%| F|  |TAMS 0x000000008b800000, 0x000000008b800000| Untracked 
| 185|0x000000008b900000, 0x000000008b900000, 0x000000008ba00000|  0%| F|  |TAMS 0x000000008b900000, 0x000000008b900000| Untracked 
| 186|0x000000008ba00000, 0x000000008ba00000, 0x000000008bb00000|  0%| F|  |TAMS 0x000000008ba00000, 0x000000008ba00000| Untracked 
| 187|0x000000008bb00000, 0x000000008bb00000, 0x000000008bc00000|  0%| F|  |TAMS 0x000000008bb00000, 0x000000008bb00000| Untracked 
| 188|0x000000008bc00000, 0x000000008bc00000, 0x000000008bd00000|  0%| F|  |TAMS 0x000000008bc00000, 0x000000008bc00000| Untracked 
| 189|0x000000008bd00000, 0x000000008bd00000, 0x000000008be00000|  0%| F|  |TAMS 0x000000008bd00000, 0x000000008bd00000| Untracked 
| 190|0x000000008be00000, 0x000000008be00000, 0x000000008bf00000|  0%| F|  |TAMS 0x000000008be00000, 0x000000008be00000| Untracked 
| 191|0x000000008bf00000, 0x000000008bf00000, 0x000000008c000000|  0%| F|  |TAMS 0x000000008bf00000, 0x000000008bf00000| Untracked 
| 192|0x000000008c000000, 0x000000008c000000, 0x000000008c100000|  0%| F|  |TAMS 0x000000008c000000, 0x000000008c000000| Untracked 
| 193|0x000000008c100000, 0x000000008c100000, 0x000000008c200000|  0%| F|  |TAMS 0x000000008c100000, 0x000000008c100000| Untracked 
| 194|0x000000008c200000, 0x000000008c200000, 0x000000008c300000|  0%| F|  |TAMS 0x000000008c200000, 0x000000008c200000| Untracked 
| 195|0x000000008c300000, 0x000000008c300000, 0x000000008c400000|  0%| F|  |TAMS 0x000000008c300000, 0x000000008c300000| Untracked 
| 196|0x000000008c400000, 0x000000008c400000, 0x000000008c500000|  0%| F|  |TAMS 0x000000008c400000, 0x000000008c400000| Untracked 
| 197|0x000000008c500000, 0x000000008c500000, 0x000000008c600000|  0%| F|  |TAMS 0x000000008c500000, 0x000000008c500000| Untracked 
| 198|0x000000008c600000, 0x000000008c600000, 0x000000008c700000|  0%| F|  |TAMS 0x000000008c600000, 0x000000008c600000| Untracked 
| 199|0x000000008c700000, 0x000000008c700000, 0x000000008c800000|  0%| F|  |TAMS 0x000000008c700000, 0x000000008c700000| Untracked 
| 200|0x000000008c800000, 0x000000008c800000, 0x000000008c900000|  0%| F|  |TAMS 0x000000008c800000, 0x000000008c800000| Untracked 
| 201|0x000000008c900000, 0x000000008c900000, 0x000000008ca00000|  0%| F|  |TAMS 0x000000008c900000, 0x000000008c900000| Untracked 
| 202|0x000000008ca00000, 0x000000008ca00000, 0x000000008cb00000|  0%| F|  |TAMS 0x000000008ca00000, 0x000000008ca00000| Untracked 
| 203|0x000000008cb00000, 0x000000008cb00000, 0x000000008cc00000|  0%| F|  |TAMS 0x000000008cb00000, 0x000000008cb00000| Untracked 
| 204|0x000000008cc00000, 0x000000008cc00000, 0x000000008cd00000|  0%| F|  |TAMS 0x000000008cc00000, 0x000000008cc00000| Untracked 
| 205|0x000000008cd00000, 0x000000008cd00000, 0x000000008ce00000|  0%| F|  |TAMS 0x000000008cd00000, 0x000000008cd00000| Untracked 
| 206|0x000000008ce00000, 0x000000008ce00000, 0x000000008cf00000|  0%| F|  |TAMS 0x000000008ce00000, 0x000000008ce00000| Untracked 
| 207|0x000000008cf00000, 0x000000008cf00000, 0x000000008d000000|  0%| F|  |TAMS 0x000000008cf00000, 0x000000008cf00000| Untracked 
| 208|0x000000008d000000, 0x000000008d000000, 0x000000008d100000|  0%| F|  |TAMS 0x000000008d000000, 0x000000008d000000| Untracked 
| 209|0x000000008d100000, 0x000000008d100000, 0x000000008d200000|  0%| F|  |TAMS 0x000000008d100000, 0x000000008d100000| Untracked 
| 210|0x000000008d200000, 0x000000008d200000, 0x000000008d300000|  0%| F|  |TAMS 0x000000008d200000, 0x000000008d200000| Untracked 
| 211|0x000000008d300000, 0x000000008d300000, 0x000000008d400000|  0%| F|  |TAMS 0x000000008d300000, 0x000000008d300000| Untracked 
| 212|0x000000008d400000, 0x000000008d400000, 0x000000008d500000|  0%| F|  |TAMS 0x000000008d400000, 0x000000008d400000| Untracked 
| 213|0x000000008d500000, 0x000000008d500000, 0x000000008d600000|  0%| F|  |TAMS 0x000000008d500000, 0x000000008d500000| Untracked 
| 214|0x000000008d600000, 0x000000008d600000, 0x000000008d700000|  0%| F|  |TAMS 0x000000008d600000, 0x000000008d600000| Untracked 
| 215|0x000000008d700000, 0x000000008d700000, 0x000000008d800000|  0%| F|  |TAMS 0x000000008d700000, 0x000000008d700000| Untracked 
| 216|0x000000008d800000, 0x000000008d800000, 0x000000008d900000|  0%| F|  |TAMS 0x000000008d800000, 0x000000008d800000| Untracked 
| 217|0x000000008d900000, 0x000000008d900000, 0x000000008da00000|  0%| F|  |TAMS 0x000000008d900000, 0x000000008d900000| Untracked 
| 218|0x000000008da00000, 0x000000008da00000, 0x000000008db00000|  0%| F|  |TAMS 0x000000008da00000, 0x000000008da00000| Untracked 
| 219|0x000000008db00000, 0x000000008db00000, 0x000000008dc00000|  0%| F|  |TAMS 0x000000008db00000, 0x000000008db00000| Untracked 
| 220|0x000000008dc00000, 0x000000008dc00000, 0x000000008dd00000|  0%| F|  |TAMS 0x000000008dc00000, 0x000000008dc00000| Untracked 
| 221|0x000000008dd00000, 0x000000008dd00000, 0x000000008de00000|  0%| F|  |TAMS 0x000000008dd00000, 0x000000008dd00000| Untracked 
| 222|0x000000008de00000, 0x000000008de00000, 0x000000008df00000|  0%| F|  |TAMS 0x000000008de00000, 0x000000008de00000| Untracked 
| 223|0x000000008df00000, 0x000000008df00000, 0x000000008e000000|  0%| F|  |TAMS 0x000000008df00000, 0x000000008df00000| Untracked 
| 224|0x000000008e000000, 0x000000008e000000, 0x000000008e100000|  0%| F|  |TAMS 0x000000008e000000, 0x000000008e000000| Untracked 
| 225|0x000000008e100000, 0x000000008e100000, 0x000000008e200000|  0%| F|  |TAMS 0x000000008e100000, 0x000000008e100000| Untracked 
| 226|0x000000008e200000, 0x000000008e200000, 0x000000008e300000|  0%| F|  |TAMS 0x000000008e200000, 0x000000008e200000| Untracked 
| 227|0x000000008e300000, 0x000000008e300000, 0x000000008e400000|  0%| F|  |TAMS 0x000000008e300000, 0x000000008e300000| Untracked 
| 228|0x000000008e400000, 0x000000008e400000, 0x000000008e500000|  0%| F|  |TAMS 0x000000008e400000, 0x000000008e400000| Untracked 
| 229|0x000000008e500000, 0x000000008e500000, 0x000000008e600000|  0%| F|  |TAMS 0x000000008e500000, 0x000000008e500000| Untracked 
| 230|0x000000008e600000, 0x000000008e600000, 0x000000008e700000|  0%| F|  |TAMS 0x000000008e600000, 0x000000008e600000| Untracked 
| 231|0x000000008e700000, 0x000000008e700000, 0x000000008e800000|  0%| F|  |TAMS 0x000000008e700000, 0x000000008e700000| Untracked 
| 232|0x000000008e800000, 0x000000008e800000, 0x000000008e900000|  0%| F|  |TAMS 0x000000008e800000, 0x000000008e800000| Untracked 
| 233|0x000000008e900000, 0x000000008e900000, 0x000000008ea00000|  0%| F|  |TAMS 0x000000008e900000, 0x000000008e900000| Untracked 
| 234|0x000000008ea00000, 0x000000008ea00000, 0x000000008eb00000|  0%| F|  |TAMS 0x000000008ea00000, 0x000000008ea00000| Untracked 
| 235|0x000000008eb00000, 0x000000008eb00000, 0x000000008ec00000|  0%| F|  |TAMS 0x000000008eb00000, 0x000000008eb00000| Untracked 
| 236|0x000000008ec00000, 0x000000008ec00000, 0x000000008ed00000|  0%| F|  |TAMS 0x000000008ec00000, 0x000000008ec00000| Untracked 
| 237|0x000000008ed00000, 0x000000008ed00000, 0x000000008ee00000|  0%| F|  |TAMS 0x000000008ed00000, 0x000000008ed00000| Untracked 
| 238|0x000000008ee00000, 0x000000008ee00000, 0x000000008ef00000|  0%| F|  |TAMS 0x000000008ee00000, 0x000000008ee00000| Untracked 
| 239|0x000000008ef00000, 0x000000008ef00000, 0x000000008f000000|  0%| F|  |TAMS 0x000000008ef00000, 0x000000008ef00000| Untracked 
| 240|0x000000008f000000, 0x000000008f000000, 0x000000008f100000|  0%| F|  |TAMS 0x000000008f000000, 0x000000008f000000| Untracked 
| 241|0x000000008f100000, 0x000000008f100000, 0x000000008f200000|  0%| F|  |TAMS 0x000000008f100000, 0x000000008f100000| Untracked 
| 242|0x000000008f200000, 0x000000008f200000, 0x000000008f300000|  0%| F|  |TAMS 0x000000008f200000, 0x000000008f200000| Untracked 
| 243|0x000000008f300000, 0x000000008f300000, 0x000000008f400000|  0%| F|  |TAMS 0x000000008f300000, 0x000000008f300000| Untracked 
| 244|0x000000008f400000, 0x000000008f400000, 0x000000008f500000|  0%| F|  |TAMS 0x000000008f400000, 0x000000008f400000| Untracked 
| 245|0x000000008f500000, 0x000000008f500000, 0x000000008f600000|  0%| F|  |TAMS 0x000000008f500000, 0x000000008f500000| Untracked 
| 246|0x000000008f600000, 0x000000008f600000, 0x000000008f700000|  0%| F|  |TAMS 0x000000008f600000, 0x000000008f600000| Untracked 
| 247|0x000000008f700000, 0x000000008f700000, 0x000000008f800000|  0%| F|  |TAMS 0x000000008f700000, 0x000000008f700000| Untracked 
| 248|0x000000008f800000, 0x000000008f800000, 0x000000008f900000|  0%| F|  |TAMS 0x000000008f800000, 0x000000008f800000| Untracked 
| 249|0x000000008f900000, 0x000000008f900000, 0x000000008fa00000|  0%| F|  |TAMS 0x000000008f900000, 0x000000008f900000| Untracked 

Card table byte_map: [0x000001db7aca0000,0x000001db7b0a0000] _byte_map_base: 0x000001db7a8a0000

Marking Bits (Prev, Next): (CMBitMap*) 0x000001db7a5080f0, (CMBitMap*) 0x000001db7a508130
 Prev Bits: [0x000001db7b4a0000, 0x000001db7d4a0000)
 Next Bits: [0x000001db7d4a0000, 0x000001db7f4a0000)

Polling page: 0x000001db78470000

Metaspace:

Usage:
  Non-class:     82.41 MB used.
      Class:     12.56 MB used.
       Both:     94.97 MB used.

Virtual space:
  Non-class space:      128.00 MB reserved,      83.94 MB ( 66%) committed,  2 nodes.
      Class space:      412.00 MB reserved,      13.94 MB (  3%) committed,  1 nodes.
             Both:      540.00 MB reserved,      97.88 MB ( 18%) committed. 

Chunk freelists:
   Non-Class:  4.44 MB
       Class:  2.95 MB
        Both:  7.39 MB

MaxMetaspaceSize: 512.00 MB
CompressedClassSpaceSize: 412.00 MB
Initial GC threshold: 21.00 MB
Current GC threshold: 162.81 MB
CDS: on
MetaspaceReclaimPolicy: balanced
 - commit_granule_bytes: 65536.
 - commit_granule_words: 8192.
 - virtual_space_node_default_size: 8388608.
 - enlarge_chunks_in_place: 1.
 - new_chunks_are_fully_committed: 0.
 - uncommit_free_chunks: 1.
 - use_allocation_guard: 0.


Internal statistics:

num_allocs_failed_limit: 9.
num_arena_births: 3858.
num_arena_deaths: 2124.
num_vsnodes_births: 3.
num_vsnodes_deaths: 0.
num_space_committed: 1566.
num_space_uncommitted: 0.
num_chunks_returned_to_freelist: 2403.
num_chunks_taken_from_freelist: 8474.
num_chunk_merges: 899.
num_chunk_splits: 5266.
num_chunks_enlarged: 3291.
num_inconsistent_stats: 0.

CodeHeap 'non-profiled nmethods': size=120000Kb used=10067Kb max_used=10439Kb free=109932Kb
 bounds [0x000001db0f330000, 0x000001db0fd70000, 0x000001db16860000]
CodeHeap 'profiled nmethods': size=120000Kb used=29216Kb max_used=30642Kb free=90783Kb
 bounds [0x000001db07e00000, 0x000001db09bf0000, 0x000001db0f330000]
CodeHeap 'non-nmethods': size=5760Kb used=2474Kb max_used=2540Kb free=3285Kb
 bounds [0x000001db07860000, 0x000001db07af0000, 0x000001db07e00000]
 total_blobs=16164 nmethods=15169 adapters=907
 compilation: enabled
              stopped_count=0, restarted_count=0
 full_count=0

Compilation events (20 events):
Event: 2503.453 Thread 0x000001db7febb810 18204   !   3       org.gradle.internal.dispatch.ProxyDispatchAdapter::<init> (152 bytes)
Event: 2503.457 Thread 0x000001db7febb810 nmethod 18204 0x000001db08768710 code [0x000001db08768a60, 0x000001db0876a5b8]
Event: 2503.460 Thread 0x000001db7febb810 18205       3       com.google.common.base.CharMatcher$Negated::matches (17 bytes)
Event: 2503.460 Thread 0x000001db7febb810 nmethod 18205 0x000001db07fa8890 code [0x000001db07fa8a40, 0x000001db07fa8c68]
Event: 2503.460 Thread 0x000001db7febb810 18206       3       org.gradle.api.internal.artifacts.DefaultArtifactRepositoryContainer$RepositoryNamer::determineName (9 bytes)
Event: 2503.461 Thread 0x000001db7febb810 nmethod 18206 0x000001db08119190 code [0x000001db08119340, 0x000001db08119688]
Event: 2503.461 Thread 0x000001db7febb810 18207       3       org.gradle.api.internal.artifacts.DefaultArtifactRepositoryContainer$RepositoryNamer::determineName (7 bytes)
Event: 2503.461 Thread 0x000001db7febb810 nmethod 18207 0x000001db0814b090 code [0x000001db0814b240, 0x000001db0814b408]
Event: 2503.468 Thread 0x000001db7febb810 18208       3       com.google.common.cache.LocalCache::<init> (464 bytes)
Event: 2503.477 Thread 0x000001db7febb810 nmethod 18208 0x000001db0813fe90 code [0x000001db081404c0, 0x000001db08144e68]
Event: 2503.485 Thread 0x000001db7febb810 18209       3       java.util.concurrent.AbstractExecutorService::<init> (5 bytes)
Event: 2503.485 Thread 0x000001db7febb810 nmethod 18209 0x000001db07fa6210 code [0x000001db07fa63a0, 0x000001db07fa64f8]
Event: 2503.487 Thread 0x000001db7feb2f10 nmethod 18203 0x000001db0f79f690 code [0x000001db0f79f8c0, 0x000001db0f7a06c8]
Event: 2503.494 Thread 0x000001db7feb2f10 18210       4       org.gradle.api.internal.artifacts.ivyservice.resolveengine.graph.builder.ComponentState::getMetadata (9 bytes)
Event: 2503.519 Thread 0x000001db7feb2f10 nmethod 18210 0x000001db0f9d9710 code [0x000001db0f9d9920, 0x000001db0f9da2e0]
Event: 2503.520 Thread 0x000001db7febb810 18211       3       org.gradle.api.internal.artifacts.ivyservice.resolveengine.excludes.simple.DefaultModuleIdSetExclude::equals (43 bytes)
Event: 2503.520 Thread 0x000001db7febb810 nmethod 18211 0x000001db07e1f790 code [0x000001db07e1f960, 0x000001db07e1fda8]
Event: 2503.547 Thread 0x000001db7feb2f10 18212       4       org.gradle.internal.component.external.model.maven.DefaultMavenModuleResolveMetadata::contextualize (21 bytes)
Event: 2503.565 Thread 0x000001db7feb2f10 nmethod 18212 0x000001db0f970a10 code [0x000001db0f970bc0, 0x000001db0f971218]
Event: 2503.578 Thread 0x000001db7feb2f10 18213       4       org.gradle.cache.internal.filelock.LockStateAccess::writeState (90 bytes)

GC Heap History (20 events):
Event: 39.211 GC heap after
{Heap after GC invocations=57 (full 0):
 garbage-first heap   total 245760K, used 108894K [0x0000000080000000, 0x0000000100000000)
  region size 1024K, 2 young (2048K), 2 survivors (2048K)
 Metaspace       used 94099K, committed 96064K, reserved 552960K
  class space    used 12943K, committed 13952K, reserved 421888K
}
Event: 39.379 GC heap before
{Heap before GC invocations=57 (full 0):
 garbage-first heap   total 245760K, used 133470K [0x0000000080000000, 0x0000000100000000)
  region size 1024K, 28 young (28672K), 2 survivors (2048K)
 Metaspace       used 94239K, committed 96192K, reserved 552960K
  class space    used 12954K, committed 13952K, reserved 421888K
}
Event: 39.382 GC heap after
{Heap after GC invocations=58 (full 0):
 garbage-first heap   total 245760K, used 109375K [0x0000000080000000, 0x0000000100000000)
  region size 1024K, 2 young (2048K), 2 survivors (2048K)
 Metaspace       used 94239K, committed 96192K, reserved 552960K
  class space    used 12954K, committed 13952K, reserved 421888K
}
Event: 2081.380 GC heap before
{Heap before GC invocations=59 (full 0):
 garbage-first heap   total 245760K, used 203583K [0x0000000080000000, 0x0000000100000000)
  region size 1024K, 91 young (93184K), 2 survivors (2048K)
 Metaspace       used 97351K, committed 99328K, reserved 552960K
  class space    used 13272K, committed 14272K, reserved 421888K
}
Event: 2081.470 GC heap after
{Heap after GC invocations=60 (full 0):
 garbage-first heap   total 245760K, used 113703K [0x0000000080000000, 0x0000000100000000)
  region size 1024K, 6 young (6144K), 6 survivors (6144K)
 Metaspace       used 97351K, committed 99328K, reserved 552960K
  class space    used 13272K, committed 14272K, reserved 421888K
}
Event: 2081.502 GC heap before
{Heap before GC invocations=60 (full 0):
 garbage-first heap   total 245760K, used 119847K [0x0000000080000000, 0x0000000100000000)
  region size 1024K, 12 young (12288K), 6 survivors (6144K)
 Metaspace       used 97351K, committed 99328K, reserved 552960K
  class space    used 13272K, committed 14272K, reserved 421888K
}
Event: 2081.560 GC heap after
{Heap after GC invocations=61 (full 0):
 garbage-first heap   total 245760K, used 113580K [0x0000000080000000, 0x0000000100000000)
  region size 1024K, 1 young (1024K), 1 survivors (1024K)
 Metaspace       used 97351K, committed 99328K, reserved 552960K
  class space    used 13272K, committed 14272K, reserved 421888K
}
Event: 2098.178 GC heap before
{Heap before GC invocations=61 (full 0):
 garbage-first heap   total 245760K, used 200620K [0x0000000080000000, 0x0000000100000000)
  region size 1024K, 87 young (89088K), 1 survivors (1024K)
 Metaspace       used 98058K, committed 100032K, reserved 552960K
  class space    used 13279K, committed 14272K, reserved 421888K
}
Event: 2098.197 GC heap after
{Heap after GC invocations=62 (full 0):
 garbage-first heap   total 245760K, used 121540K [0x0000000080000000, 0x0000000100000000)
  region size 1024K, 9 young (9216K), 9 survivors (9216K)
 Metaspace       used 98058K, committed 100032K, reserved 552960K
  class space    used 13279K, committed 14272K, reserved 421888K
}
Event: 2203.431 GC heap before
{Heap before GC invocations=63 (full 0):
 garbage-first heap   total 245760K, used 200388K [0x0000000080000000, 0x0000000100000000)
  region size 1024K, 87 young (89088K), 9 survivors (9216K)
 Metaspace       used 96556K, committed 100096K, reserved 552960K
  class space    used 12862K, committed 14272K, reserved 421888K
}
Event: 2203.460 GC heap after
{Heap after GC invocations=64 (full 0):
 garbage-first heap   total 245760K, used 128798K [0x0000000080000000, 0x0000000100000000)
  region size 1024K, 8 young (8192K), 8 survivors (8192K)
 Metaspace       used 96556K, committed 100096K, reserved 552960K
  class space    used 12862K, committed 14272K, reserved 421888K
}
Event: 2203.560 GC heap before
{Heap before GC invocations=64 (full 0):
 garbage-first heap   total 245760K, used 132894K [0x0000000080000000, 0x0000000100000000)
  region size 1024K, 12 young (12288K), 8 survivors (8192K)
 Metaspace       used 96571K, committed 100096K, reserved 552960K
  class space    used 12862K, committed 14272K, reserved 421888K
}
Event: 2203.609 GC heap after
{Heap after GC invocations=65 (full 0):
 garbage-first heap   total 245760K, used 118836K [0x0000000080000000, 0x0000000100000000)
  region size 1024K, 2 young (2048K), 2 survivors (2048K)
 Metaspace       used 96571K, committed 100096K, reserved 552960K
  class space    used 12862K, committed 14272K, reserved 421888K
}
Event: 2229.394 GC heap before
{Heap before GC invocations=65 (full 0):
 garbage-first heap   total 245760K, used 198708K [0x0000000080000000, 0x0000000100000000)
  region size 1024K, 81 young (82944K), 2 survivors (2048K)
 Metaspace       used 96807K, committed 100160K, reserved 552960K
  class space    used 12865K, committed 14272K, reserved 421888K
}
Event: 2229.405 GC heap after
{Heap after GC invocations=66 (full 0):
 garbage-first heap   total 245760K, used 123331K [0x0000000080000000, 0x0000000100000000)
  region size 1024K, 6 young (6144K), 6 survivors (6144K)
 Metaspace       used 96807K, committed 100160K, reserved 552960K
  class space    used 12865K, committed 14272K, reserved 421888K
}
Event: 2386.464 GC heap before
{Heap before GC invocations=67 (full 0):
 garbage-first heap   total 245760K, used 199107K [0x0000000080000000, 0x0000000100000000)
  region size 1024K, 82 young (83968K), 6 survivors (6144K)
 Metaspace       used 96983K, committed 100160K, reserved 552960K
  class space    used 12858K, committed 14272K, reserved 421888K
}
Event: 2386.470 GC heap after
{Heap after GC invocations=68 (full 0):
 garbage-first heap   total 245760K, used 121097K [0x0000000080000000, 0x0000000100000000)
  region size 1024K, 4 young (4096K), 4 survivors (4096K)
 Metaspace       used 96983K, committed 100160K, reserved 552960K
  class space    used 12858K, committed 14272K, reserved 421888K
}
Event: 2386.612 GC heap before
{Heap before GC invocations=68 (full 0):
 garbage-first heap   total 245760K, used 129289K [0x0000000080000000, 0x0000000100000000)
  region size 1024K, 12 young (12288K), 4 survivors (4096K)
 Metaspace       used 97035K, committed 100160K, reserved 552960K
  class space    used 12858K, committed 14272K, reserved 421888K
}
Event: 2386.634 GC heap after
{Heap after GC invocations=69 (full 0):
 garbage-first heap   total 245760K, used 110582K [0x0000000080000000, 0x0000000100000000)
  region size 1024K, 2 young (2048K), 2 survivors (2048K)
 Metaspace       used 97035K, committed 100160K, reserved 552960K
  class space    used 12858K, committed 14272K, reserved 421888K
}
Event: 2503.593 GC heap before
{Heap before GC invocations=69 (full 0):
 garbage-first heap   total 245760K, used 200694K [0x0000000080000000, 0x0000000100000000)
  region size 1024K, 91 young (93184K), 2 survivors (2048K)
 Metaspace       used 97249K, committed 100224K, reserved 552960K
  class space    used 12859K, committed 14272K, reserved 421888K
}

Deoptimization events (20 events):
Event: 2386.899 Thread 0x000001db1ed19360 Uncommon trap: trap_request=0xffffff45 fr.pc=0x000001db0f5122dc relative=0x00000000000004bc
Event: 2386.899 Thread 0x000001db1ed19360 Uncommon trap: reason=unstable_if action=reinterpret pc=0x000001db0f5122dc method=java.util.concurrent.ConcurrentLinkedQueue.poll()Ljava/lang/Object; @ 24 c2
Event: 2386.899 Thread 0x000001db1ed19360 DEOPT PACKING pc=0x000001db0f5122dc sp=0x00000085a9efe920
Event: 2386.899 Thread 0x000001db1ed19360 DEOPT UNPACKING pc=0x000001db078b5c23 sp=0x00000085a9efe8d8 mode 2
Event: 2386.901 Thread 0x000001db1d6cd5e0 Uncommon trap: trap_request=0xffffff45 fr.pc=0x000001db0f67875c relative=0x000000000000023c
Event: 2386.901 Thread 0x000001db1d6cd5e0 Uncommon trap: reason=unstable_if action=reinterpret pc=0x000001db0f67875c method=java.util.concurrent.ConcurrentLinkedQueue.updateHead(Ljava/util/concurrent/ConcurrentLinkedQueue$Node;Ljava/util/concurrent/ConcurrentLinkedQueue$Node;)V @ 14 c2
Event: 2386.901 Thread 0x000001db1d6cd5e0 DEOPT PACKING pc=0x000001db0f67875c sp=0x00000085ac8fe9c0
Event: 2386.901 Thread 0x000001db1d6cd5e0 DEOPT UNPACKING pc=0x000001db078b5c23 sp=0x00000085ac8fe980 mode 2
Event: 2390.768 Thread 0x000001db1ce99bf0 DEOPT PACKING pc=0x000001db088e1c6d sp=0x00000085a86f9320
Event: 2390.768 Thread 0x000001db1ce99bf0 DEOPT UNPACKING pc=0x000001db078b6763 sp=0x00000085a86f8810 mode 0
Event: 2390.942 Thread 0x000001db1ce99bf0 DEOPT PACKING pc=0x000001db09053ceb sp=0x00000085a86fa3a0
Event: 2390.943 Thread 0x000001db1ce99bf0 DEOPT UNPACKING pc=0x000001db078b6763 sp=0x00000085a86f9908 mode 0
Event: 2390.965 Thread 0x000001db1ce99bf0 DEOPT PACKING pc=0x000001db09053ceb sp=0x00000085a86fa6a0
Event: 2390.965 Thread 0x000001db1ce99bf0 DEOPT UNPACKING pc=0x000001db078b6763 sp=0x00000085a86f9c08 mode 0
Event: 2391.142 Thread 0x000001db27bca710 DEOPT PACKING pc=0x000001db090aa85b sp=0x00000085accfc8e0
Event: 2391.142 Thread 0x000001db27bca710 DEOPT UNPACKING pc=0x000001db078b6763 sp=0x00000085accfbe00 mode 0
Event: 2391.199 Thread 0x000001db27bca710 Uncommon trap: trap_request=0xffffff45 fr.pc=0x000001db0f952050 relative=0x0000000000000270
Event: 2391.199 Thread 0x000001db27bca710 Uncommon trap: reason=unstable_if action=reinterpret pc=0x000001db0f952050 method=org.gradle.api.internal.changedetection.state.CachingFileHasher.snapshot(Ljava/io/File;JJ)Lorg/gradle/api/internal/changedetection/state/CachingFileHasher$FileInfo; @ 59 c2
Event: 2391.199 Thread 0x000001db27bca710 DEOPT PACKING pc=0x000001db0f952050 sp=0x00000085accfb260
Event: 2391.199 Thread 0x000001db27bca710 DEOPT UNPACKING pc=0x000001db078b5c23 sp=0x00000085accfb1f8 mode 2

Classes loaded (20 events):
Event: 39.715 Loading class java/nio/BufferOverflowException
Event: 39.715 Loading class java/nio/BufferOverflowException done
Event: 39.718 Loading class sun/nio/ch/ServerSocketChannelImpl$DefaultOptionsHolder
Event: 39.718 Loading class sun/nio/ch/ServerSocketChannelImpl$DefaultOptionsHolder done
Event: 39.719 Loading class java/nio/channels/AsynchronousCloseException
Event: 39.719 Loading class java/nio/channels/AsynchronousCloseException done
Event: 48.268 Loading class java/time/Instant$1
Event: 48.268 Loading class java/time/Instant$1 done
Event: 48.290 Loading class java/lang/Math$RandomNumberGeneratorHolder
Event: 48.290 Loading class java/lang/Math$RandomNumberGeneratorHolder done
Event: 48.532 Loading class java/util/Locale$1
Event: 48.532 Loading class java/util/Locale$1 done
Event: 1832.688 Loading class java/lang/Throwable$WrappedPrintWriter
Event: 1832.689 Loading class java/lang/Throwable$PrintStreamOrWriter
Event: 1832.690 Loading class java/lang/Throwable$PrintStreamOrWriter done
Event: 1832.690 Loading class java/lang/Throwable$WrappedPrintWriter done
Event: 2144.655 Loading class sun/net/ConnectionResetException
Event: 2144.656 Loading class sun/net/ConnectionResetException done
Event: 2144.661 Loading class sun/net/util/SocketExceptions
Event: 2144.662 Loading class sun/net/util/SocketExceptions done

Classes unloaded (20 events):
Event: 2098.600 Thread 0x000001db7a5265d0 Unloading class 0x0000000800c24800 'java/lang/invoke/LambdaForm$MH+0x0000000800c24800'
Event: 2098.600 Thread 0x000001db7a5265d0 Unloading class 0x0000000800c14800 'java/lang/invoke/LambdaForm$MH+0x0000000800c14800'
Event: 2229.574 Thread 0x000001db7a5265d0 Unloading class 0x000000080143b400 'java/lang/invoke/LambdaForm$MH+0x000000080143b400'
Event: 2229.574 Thread 0x000001db7a5265d0 Unloading class 0x00000008011e0c00 'java/lang/invoke/LambdaForm$MH+0x00000008011e0c00'
Event: 2229.574 Thread 0x000001db7a5265d0 Unloading class 0x00000008011e0800 'java/lang/invoke/LambdaForm$MH+0x00000008011e0800'
Event: 2229.574 Thread 0x000001db7a5265d0 Unloading class 0x0000000800f9c000 'java/lang/invoke/LambdaForm$MH+0x0000000800f9c000'
Event: 2229.574 Thread 0x000001db7a5265d0 Unloading class 0x0000000800ee9800 'java/lang/invoke/LambdaForm$MH+0x0000000800ee9800'
Event: 2229.574 Thread 0x000001db7a5265d0 Unloading class 0x0000000800ee9400 'java/lang/invoke/LambdaForm$MH+0x0000000800ee9400'
Event: 2229.574 Thread 0x000001db7a5265d0 Unloading class 0x0000000800edd800 'java/lang/invoke/LambdaForm$MH+0x0000000800edd800'
Event: 2229.574 Thread 0x000001db7a5265d0 Unloading class 0x0000000800edd400 'java/lang/invoke/LambdaForm$MH+0x0000000800edd400'
Event: 2229.574 Thread 0x000001db7a5265d0 Unloading class 0x0000000800ed1c00 'java/lang/invoke/LambdaForm$MH+0x0000000800ed1c00'
Event: 2229.574 Thread 0x000001db7a5265d0 Unloading class 0x0000000800ed1800 'java/lang/invoke/LambdaForm$MH+0x0000000800ed1800'
Event: 2229.574 Thread 0x000001db7a5265d0 Unloading class 0x0000000800ecac00 'java/lang/invoke/LambdaForm$MH+0x0000000800ecac00'
Event: 2229.574 Thread 0x000001db7a5265d0 Unloading class 0x0000000800ec8000 'java/lang/invoke/LambdaForm$MH+0x0000000800ec8000'
Event: 2229.574 Thread 0x000001db7a5265d0 Unloading class 0x0000000800ec1c00 'java/lang/invoke/LambdaForm$MH+0x0000000800ec1c00'
Event: 2229.574 Thread 0x000001db7a5265d0 Unloading class 0x0000000800eb1400 'java/lang/invoke/LambdaForm$MH+0x0000000800eb1400'
Event: 2229.574 Thread 0x000001db7a5265d0 Unloading class 0x0000000800eb1000 'java/lang/invoke/LambdaForm$MH+0x0000000800eb1000'
Event: 2229.574 Thread 0x000001db7a5265d0 Unloading class 0x0000000800eb0400 'java/lang/invoke/LambdaForm$MH+0x0000000800eb0400'
Event: 2229.574 Thread 0x000001db7a5265d0 Unloading class 0x0000000800eb0000 'java/lang/invoke/LambdaForm$MH+0x0000000800eb0000'
Event: 2229.574 Thread 0x000001db7a5265d0 Unloading class 0x0000000800dc8000 'java/lang/invoke/LambdaForm$MH+0x0000000800dc8000'

Classes redefined (0 events):
No events

Internal exceptions (20 events):
Event: 2203.009 Thread 0x000001db27d42d10 Exception <a 'java/lang/NoClassDefFoundError'{0x000000008ac4cee8}: org/jetbrains/kotlin/gradle/plugin/KotlinBasePluginWrapper> (0x000000008ac4cee8) 
thrown [t:\workspace\open\src\hotspot\share\oops\constantPool.cpp, line 836]
Event: 2203.069 Thread 0x000001db27d42d10 Exception <a 'sun/nio/fs/WindowsException'{0x000000008abecab8}> (0x000000008abecab8) 
thrown [t:\workspace\open\src\hotspot\share\prims\jni.cpp, line 516]
Event: 2203.089 Thread 0x000001db27d42d10 Exception <a 'sun/nio/fs/WindowsException'{0x000000008aa8c8f0}> (0x000000008aa8c8f0) 
thrown [t:\workspace\open\src\hotspot\share\prims\jni.cpp, line 516]
Event: 2203.089 Thread 0x000001db27d42d10 Exception <a 'sun/nio/fs/WindowsException'{0x000000008aa8dc68}> (0x000000008aa8dc68) 
thrown [t:\workspace\open\src\hotspot\share\prims\jni.cpp, line 516]
Event: 2203.089 Thread 0x000001db27d42d10 Exception <a 'sun/nio/fs/WindowsException'{0x000000008aa8f030}> (0x000000008aa8f030) 
thrown [t:\workspace\open\src\hotspot\share\prims\jni.cpp, line 516]
Event: 2203.090 Thread 0x000001db27d42d10 Exception <a 'sun/nio/fs/WindowsException'{0x000000008aa903f8}> (0x000000008aa903f8) 
thrown [t:\workspace\open\src\hotspot\share\prims\jni.cpp, line 516]
Event: 2229.490 Thread 0x000001db27d42d10 Exception <a 'sun/nio/fs/WindowsException'{0x000000008ecca9a8}> (0x000000008ecca9a8) 
thrown [t:\workspace\open\src\hotspot\share\prims\jni.cpp, line 516]
Event: 2237.121 Thread 0x000001db27d42d10 Exception <a 'java/lang/NoClassDefFoundError'{0x000000008e8c9948}: org/jetbrains/kotlin/gradle/plugin/KotlinBasePluginWrapper> (0x000000008e8c9948) 
thrown [t:\workspace\open\src\hotspot\share\oops\constantPool.cpp, line 836]
Event: 2237.162 Thread 0x000001db27d42d10 Exception <a 'sun/nio/fs/WindowsException'{0x000000008e665738}> (0x000000008e665738) 
thrown [t:\workspace\open\src\hotspot\share\prims\jni.cpp, line 516]
Event: 2237.174 Thread 0x000001db27d42d10 Exception <a 'sun/nio/fs/WindowsException'{0x000000008e6fc698}> (0x000000008e6fc698) 
thrown [t:\workspace\open\src\hotspot\share\prims\jni.cpp, line 516]
Event: 2237.174 Thread 0x000001db27d42d10 Exception <a 'sun/nio/fs/WindowsException'{0x000000008e6fda10}> (0x000000008e6fda10) 
thrown [t:\workspace\open\src\hotspot\share\prims\jni.cpp, line 516]
Event: 2237.174 Thread 0x000001db27d42d10 Exception <a 'sun/nio/fs/WindowsException'{0x000000008e6fedd8}> (0x000000008e6fedd8) 
thrown [t:\workspace\open\src\hotspot\share\prims\jni.cpp, line 516]
Event: 2237.174 Thread 0x000001db27d42d10 Exception <a 'sun/nio/fs/WindowsException'{0x000000008e500488}> (0x000000008e500488) 
thrown [t:\workspace\open\src\hotspot\share\prims\jni.cpp, line 516]
Event: 2386.943 Thread 0x000001db1ce99bf0 Exception <a 'sun/nio/fs/WindowsException'{0x000000008dbdf088}> (0x000000008dbdf088) 
thrown [t:\workspace\open\src\hotspot\share\prims\jni.cpp, line 516]
Event: 2390.737 Thread 0x000001db1ce99bf0 Exception <a 'java/lang/NoClassDefFoundError'{0x000000008d7d5e40}: org/jetbrains/kotlin/gradle/plugin/KotlinBasePluginWrapper> (0x000000008d7d5e40) 
thrown [t:\workspace\open\src\hotspot\share\oops\constantPool.cpp, line 836]
Event: 2390.762 Thread 0x000001db1ce99bf0 Exception <a 'sun/nio/fs/WindowsException'{0x000000008d565968}> (0x000000008d565968) 
thrown [t:\workspace\open\src\hotspot\share\prims\jni.cpp, line 516]
Event: 2390.773 Thread 0x000001db1ce99bf0 Exception <a 'sun/nio/fs/WindowsException'{0x000000008d404408}> (0x000000008d404408) 
thrown [t:\workspace\open\src\hotspot\share\prims\jni.cpp, line 516]
Event: 2390.773 Thread 0x000001db1ce99bf0 Exception <a 'sun/nio/fs/WindowsException'{0x000000008d405780}> (0x000000008d405780) 
thrown [t:\workspace\open\src\hotspot\share\prims\jni.cpp, line 516]
Event: 2390.773 Thread 0x000001db1ce99bf0 Exception <a 'sun/nio/fs/WindowsException'{0x000000008d406b48}> (0x000000008d406b48) 
thrown [t:\workspace\open\src\hotspot\share\prims\jni.cpp, line 516]
Event: 2390.773 Thread 0x000001db1ce99bf0 Exception <a 'sun/nio/fs/WindowsException'{0x000000008d407f10}> (0x000000008d407f10) 
thrown [t:\workspace\open\src\hotspot\share\prims\jni.cpp, line 516]

VM Operations (20 events):
Event: 2386.635 Executing VM operation: G1CollectForAllocation done
Event: 2387.639 Executing VM operation: Cleanup
Event: 2387.639 Executing VM operation: Cleanup done
Event: 2391.408 Executing VM operation: HandshakeAllThreads
Event: 2391.409 Executing VM operation: HandshakeAllThreads done
Event: 2391.409 Executing VM operation: Cleanup
Event: 2391.409 Executing VM operation: Cleanup done
Event: 2391.485 Executing VM operation: HandshakeAllThreads
Event: 2391.485 Executing VM operation: HandshakeAllThreads done
Event: 2392.485 Executing VM operation: Cleanup
Event: 2392.486 Executing VM operation: Cleanup done
Event: 2395.494 Executing VM operation: Cleanup
Event: 2395.494 Executing VM operation: Cleanup done
Event: 2440.873 Executing VM operation: Cleanup
Event: 2440.873 Executing VM operation: Cleanup done
Event: 2444.904 Executing VM operation: Cleanup
Event: 2444.904 Executing VM operation: Cleanup done
Event: 2477.144 Executing VM operation: Cleanup
Event: 2477.160 Executing VM operation: Cleanup done
Event: 2503.592 Executing VM operation: G1CollectForAllocation

Events (20 events):
Event: 2503.557 Thread 0x000001db21fa6be0 Thread added: 0x000001db21fa6be0
Event: 2503.557 Thread 0x000001db21fa70b0 Thread added: 0x000001db21fa70b0
Event: 2503.558 Thread 0x000001db21fa7a50 Thread added: 0x000001db21fa7a50
Event: 2503.558 Thread 0x000001db21fa7f20 Thread added: 0x000001db21fa7f20
Event: 2503.559 Thread 0x000001db21ad3700 Thread added: 0x000001db21ad3700
Event: 2503.559 Thread 0x000001db21ad1ef0 Thread added: 0x000001db21ad1ef0
Event: 2503.559 Thread 0x000001db21ad3230 Thread added: 0x000001db21ad3230
Event: 2503.560 Thread 0x000001db21bdec90 Thread added: 0x000001db21bdec90
Event: 2503.560 Thread 0x000001db21bdfb00 Thread added: 0x000001db21bdfb00
Event: 2503.561 Thread 0x000001db21bde7c0 Thread added: 0x000001db21bde7c0
Event: 2503.561 Thread 0x000001db21bdf160 Thread added: 0x000001db21bdf160
Event: 2503.561 Thread 0x000001db21bdf630 Thread added: 0x000001db21bdf630
Event: 2503.562 Thread 0x000001db21bdffd0 Thread added: 0x000001db21bdffd0
Event: 2503.562 Thread 0x000001db22776960 Thread added: 0x000001db22776960
Event: 2503.563 Thread 0x000001db22777ca0 Thread added: 0x000001db22777ca0
Event: 2503.563 Thread 0x000001db22777300 Thread added: 0x000001db22777300
Event: 2503.563 Thread 0x000001db22775af0 Thread added: 0x000001db22775af0
Event: 2503.564 Thread 0x000001db22774c80 Thread added: 0x000001db22774c80
Event: 2503.564 Thread 0x000001db227777d0 Thread added: 0x000001db227777d0
Event: 2503.564 Thread 0x000001db21bad6d0 Thread added: 0x000001db21bad6d0


Dynamic libraries:
0x00007ff789480000 - 0x00007ff78948e000 	C:\Users\carol\.jdks\openjdk-18\bin\java.exe
0x00007ffea60b0000 - 0x00007ffea62a8000 	C:\Windows\SYSTEM32\ntdll.dll
0x00007ffea4fe0000 - 0x00007ffea509f000 	C:\Windows\System32\KERNEL32.DLL
0x00007ffea3920000 - 0x00007ffea3bfa000 	C:\Windows\System32\KERNELBASE.dll
0x00007ffea37f0000 - 0x00007ffea38f0000 	C:\Windows\System32\ucrtbase.dll
0x00007ffe747c0000 - 0x00007ffe747d7000 	C:\Users\carol\.jdks\openjdk-18\bin\jli.dll
0x00007ffe73410000 - 0x00007ffe7342a000 	C:\Users\carol\.jdks\openjdk-18\bin\VCRUNTIME140.dll
0x00007ffea5b70000 - 0x00007ffea5d0d000 	C:\Windows\System32\USER32.dll
0x00007ffea38f0000 - 0x00007ffea3912000 	C:\Windows\System32\win32u.dll
0x00007ffe8ecc0000 - 0x00007ffe8ef5a000 	C:\Windows\WinSxS\amd64_microsoft.windows.common-controls_6595b64144ccf1df_6.0.19041.1110_none_60b5254171f9507e\COMCTL32.dll
0x00007ffea58b0000 - 0x00007ffea58db000 	C:\Windows\System32\GDI32.dll
0x00007ffea4880000 - 0x00007ffea491e000 	C:\Windows\System32\msvcrt.dll
0x00007ffea3d60000 - 0x00007ffea3e70000 	C:\Windows\System32\gdi32full.dll
0x00007ffea3e70000 - 0x00007ffea3f0d000 	C:\Windows\System32\msvcp_win.dll
0x00007ffea5a90000 - 0x00007ffea5ac0000 	C:\Windows\System32\IMM32.DLL
0x00007ffe80fb0000 - 0x00007ffe80fbc000 	C:\Users\carol\.jdks\openjdk-18\bin\vcruntime140_1.dll
0x00007ffe611b0000 - 0x00007ffe6123d000 	C:\Users\carol\.jdks\openjdk-18\bin\msvcp140.dll
0x00007ffdfc8b0000 - 0x00007ffdfd4c1000 	C:\Users\carol\.jdks\openjdk-18\bin\server\jvm.dll
0x00007ffea5ac0000 - 0x00007ffea5b6e000 	C:\Windows\System32\ADVAPI32.dll
0x00007ffea5940000 - 0x00007ffea59dc000 	C:\Windows\System32\sechost.dll
0x00007ffea4eb0000 - 0x00007ffea4fd6000 	C:\Windows\System32\RPCRT4.dll
0x00007ffea4c80000 - 0x00007ffea4c88000 	C:\Windows\System32\PSAPI.DLL
0x00007ffe9d090000 - 0x00007ffe9d09a000 	C:\Windows\SYSTEM32\VERSION.dll
0x00007ffe8f120000 - 0x00007ffe8f147000 	C:\Windows\SYSTEM32\WINMM.dll
0x00007ffe86e90000 - 0x00007ffe86e99000 	C:\Windows\SYSTEM32\WSOCK32.dll
0x00007ffea5100000 - 0x00007ffea516b000 	C:\Windows\System32\WS2_32.dll
0x00007ffea1620000 - 0x00007ffea1632000 	C:\Windows\SYSTEM32\kernel.appcore.dll
0x00007ffe796c0000 - 0x00007ffe796ca000 	C:\Users\carol\.jdks\openjdk-18\bin\jimage.dll
0x00007ffe90cf0000 - 0x00007ffe90ed4000 	C:\Windows\SYSTEM32\DBGHELP.DLL
0x00007ffe856a0000 - 0x00007ffe856d4000 	C:\Windows\SYSTEM32\dbgcore.DLL
0x00007ffea3f10000 - 0x00007ffea3f92000 	C:\Windows\System32\bcryptPrimitives.dll
0x00007ffe696e0000 - 0x00007ffe69705000 	C:\Users\carol\.jdks\openjdk-18\bin\java.dll
0x00007ffe601f0000 - 0x00007ffe602c6000 	C:\Users\carol\.jdks\openjdk-18\bin\jsvml.dll
0x00007ffea4110000 - 0x00007ffea4854000 	C:\Windows\System32\SHELL32.dll
0x00007ffea1840000 - 0x00007ffea1fd3000 	C:\Windows\SYSTEM32\windows.storage.dll
0x00007ffea4920000 - 0x00007ffea4c74000 	C:\Windows\System32\combase.dll
0x00007ffea3220000 - 0x00007ffea324e000 	C:\Windows\SYSTEM32\Wldp.dll
0x00007ffea59e0000 - 0x00007ffea5a8d000 	C:\Windows\System32\SHCORE.dll
0x00007ffea4d10000 - 0x00007ffea4d65000 	C:\Windows\System32\shlwapi.dll
0x00007ffea3700000 - 0x00007ffea371f000 	C:\Windows\SYSTEM32\profapi.dll
0x00007ffe69df0000 - 0x00007ffe69e03000 	C:\Users\carol\.jdks\openjdk-18\bin\net.dll
0x00007ffe9e8d0000 - 0x00007ffe9e9da000 	C:\Windows\SYSTEM32\WINHTTP.dll
0x00007ffea2f80000 - 0x00007ffea2fea000 	C:\Windows\system32\mswsock.dll
0x00007ffe696c0000 - 0x00007ffe696d6000 	C:\Users\carol\.jdks\openjdk-18\bin\nio.dll
0x00007ffe68280000 - 0x00007ffe68298000 	C:\Users\carol\.jdks\openjdk-18\bin\zip.dll
0x00007ffe7b170000 - 0x00007ffe7b180000 	C:\Users\carol\.jdks\openjdk-18\bin\verify.dll
0x00007ffe7b140000 - 0x00007ffe7b167000 	C:\Users\carol\.gradle\native\e1d6ef7f7dcc3fd88c89a11ec53ec762bb8ba0a96d01ffa2cd45eb1d1d8dd5c5\windows-amd64\native-platform.dll
0x00007ffe5d2f0000 - 0x00007ffe5d434000 	C:\Users\carol\.gradle\native\0d407fdbe67a94daf76414ababcb853783967236a71b16ec16e742cd7a986fd3\windows-amd64\native-platform-file-events.dll
0x00007ffe7b120000 - 0x00007ffe7b129000 	C:\Users\carol\.jdks\openjdk-18\bin\management.dll
0x00007ffe7b110000 - 0x00007ffe7b11b000 	C:\Users\carol\.jdks\openjdk-18\bin\management_ext.dll
0x00007ffea3170000 - 0x00007ffea3188000 	C:\Windows\SYSTEM32\CRYPTSP.dll
0x00007ffea2800000 - 0x00007ffea2834000 	C:\Windows\system32\rsaenh.dll
0x00007ffea37c0000 - 0x00007ffea37e7000 	C:\Windows\System32\bcrypt.dll
0x00007ffea36c0000 - 0x00007ffea36ee000 	C:\Windows\SYSTEM32\USERENV.dll
0x00007ffea3190000 - 0x00007ffea319c000 	C:\Windows\SYSTEM32\CRYPTBASE.dll
0x00007ffea2c20000 - 0x00007ffea2c5c000 	C:\Windows\SYSTEM32\IPHLPAPI.DLL
0x00007ffea5e20000 - 0x00007ffea5e28000 	C:\Windows\System32\NSI.dll
0x00007ffe9d140000 - 0x00007ffe9d157000 	C:\Windows\SYSTEM32\dhcpcsvc6.DLL
0x00007ffe9d100000 - 0x00007ffe9d11d000 	C:\Windows\SYSTEM32\dhcpcsvc.DLL
0x00007ffea2c70000 - 0x00007ffea2d3b000 	C:\Windows\SYSTEM32\DNSAPI.dll
0x00007ffe7b100000 - 0x00007ffe7b10e000 	C:\Users\carol\.jdks\openjdk-18\bin\sunmscapi.dll
0x00007ffea3c00000 - 0x00007ffea3d56000 	C:\Windows\System32\CRYPT32.dll
0x00007ffea3290000 - 0x00007ffea32b8000 	C:\Windows\SYSTEM32\ncrypt.dll
0x00007ffea3250000 - 0x00007ffea328b000 	C:\Windows\SYSTEM32\NTASN1.dll
0x00007ffe9d070000 - 0x00007ffe9d07a000 	C:\Windows\System32\rasadhlp.dll
0x00007ffe99bd0000 - 0x00007ffe99c50000 	C:\Windows\System32\fwpuclnt.dll

dbghelp: loaded successfully - version: 4.0.5 - missing functions: none
symbol engine: initialized successfully - sym options: 0x614 - pdb path: .;C:\Users\carol\.jdks\openjdk-18\bin;C:\Windows\SYSTEM32;C:\Windows\WinSxS\amd64_microsoft.windows.common-controls_6595b64144ccf1df_6.0.19041.1110_none_60b5254171f9507e;C:\Users\carol\.jdks\openjdk-18\bin\server;C:\Users\carol\.gradle\native\e1d6ef7f7dcc3fd88c89a11ec53ec762bb8ba0a96d01ffa2cd45eb1d1d8dd5c5\windows-amd64;C:\Users\carol\.gradle\native\0d407fdbe67a94daf76414ababcb853783967236a71b16ec16e742cd7a986fd3\windows-amd64

VM Arguments:
jvm_args: -XX:MaxMetaspaceSize=512m --add-opens=java.base/java.util=ALL-UNNAMED --add-opens=java.base/java.lang=ALL-UNNAMED --add-opens=java.base/java.lang.invoke=ALL-UNNAMED --add-opens=java.base/java.util=ALL-UNNAMED --add-opens=java.prefs/java.util.prefs=ALL-UNNAMED --add-opens=java.prefs/java.util.prefs=ALL-UNNAMED --add-opens=java.base/java.nio.charset=ALL-UNNAMED --add-opens=java.base/java.net=ALL-UNNAMED --add-opens=java.base/java.util.concurrent.atomic=ALL-UNNAMED -Xmx2048m -Dfile.encoding=UTF-8 -Duser.country=GB -Duser.language=en -Duser.variant 
java_command: org.gradle.launcher.daemon.bootstrap.GradleDaemon 7.5.1
java_class_path (initial): C:\Users\carol\.gradle\wrapper\dists\gradle-7.5.1-all\1ehga6e77gqps5uk2kc5kf1vc\gradle-7.5.1\lib\gradle-launcher-7.5.1.jar
Launcher Type: SUN_STANDARD

[Global flags]
     intx CICompilerCount                          = 4                                         {product} {ergonomic}
   size_t CompressedClassSpaceSize                 = 432013312                                 {product} {ergonomic}
     uint ConcGCThreads                            = 2                                         {product} {ergonomic}
     uint G1ConcRefinementThreads                  = 8                                         {product} {ergonomic}
   size_t G1HeapRegionSize                         = 1048576                                   {product} {ergonomic}
    uintx GCDrainStackTargetSize                   = 64                                        {product} {ergonomic}
   size_t InitialHeapSize                          = 262144000                                 {product} {ergonomic}
   size_t MarkStackSize                            = 4194304                                   {product} {ergonomic}
   size_t MaxHeapSize                              = 2147483648                                {product} {command line}
   size_t MaxMetaspaceSize                         = 536870912                                 {product} {command line}
   size_t MaxNewSize                               = 1287651328                                {product} {ergonomic}
   size_t MinHeapDeltaBytes                        = 1048576                                   {product} {ergonomic}
   size_t MinHeapSize                              = 8388608                                   {product} {ergonomic}
    uintx NonNMethodCodeHeapSize                   = 5839372                                {pd product} {ergonomic}
    uintx NonProfiledCodeHeapSize                  = 122909434                              {pd product} {ergonomic}
    uintx ProfiledCodeHeapSize                     = 122909434                              {pd product} {ergonomic}
    uintx ReservedCodeCacheSize                    = 251658240                              {pd product} {ergonomic}
     bool SegmentedCodeCache                       = true                                      {product} {ergonomic}
   size_t SoftMaxHeapSize                          = 2147483648                             {manageable} {ergonomic}
     bool UseCompressedClassPointers               = true                           {product lp64_product} {ergonomic}
     bool UseCompressedOops                        = true                           {product lp64_product} {ergonomic}
     bool UseG1GC                                  = true                                      {product} {ergonomic}
     bool UseLargePagesIndividualAllocation        = false                                  {pd product} {ergonomic}

Logging:
Log output configuration:
 #0: stdout all=warning uptime,level,tags foldmultilines=false
 #1: stderr all=off uptime,level,tags foldmultilines=false

Environment Variables:
JAVA_HOME=C:\Users\carol\.jdks\openjdk-18
CLASSPATH=C:\Users\carol\Documents\6Semester\mobileApp\AwesomeProject\android\\gradle\wrapper\gradle-wrapper.jar
PATH=C:\Users\carol\Documents\6Semester\mobileApp\AwesomeProject\android\node_modules\.bin;C:\Users\carol\Documents\6Semester\mobileApp\AwesomeProject\node_modules\.bin;C:\Users\carol\Documents\6Semester\mobileApp\node_modules\.bin;C:\Users\carol\Documents\6Semester\node_modules\.bin;C:\Users\carol\Documents\node_modules\.bin;C:\Users\carol\node_modules\.bin;C:\Users\node_modules\.bin;C:\node_modules\.bin;C:\Program Files\nodejs;C:\Users\carol\Documents\6Semester\mobileApp\AwesomeProject\node_modules\.bin;C:\Users\carol\Documents\6Semester\mobileApp\AwesomeProject\node_modules\.bin;C:\Users\carol\Documents\6Semester\mobileApp\node_modules\.bin;C:\Users\carol\Documents\6Semester\node_modules\.bin;C:\Users\carol\Documents\node_modules\.bin;C:\Users\carol\node_modules\.bin;C:\Users\node_modules\.bin;C:\node_modules\.bin;C:\Program Files\nodejs\node_modules\npm\node_modules\@npmcli\run-script\lib\node-gyp-bin;C:\Program Files\Microsoft\jdk-11.0.18.10-hotspot\bin;C:\Users\carol\maven\apache-maven-3.8.5;C:\Program Files\dotnet\;C:\Windows\System32\OpenSSH\;C:\Program Files\Go\bin;C:\ProgramData\chocolatey\bin;C:\Program Files\nodejs\;C:\Program Files\Docker\Docker\resources\bin;C:\Users\carol\AppData\Local\Microsoft\WindowsApps;C:\Users\carol\maven\apache-maven-3.8.5\bin;C:\Program Files\JetBrains\CLion 2022.1.1\bin;;C:\Users\carol\.dotnet\tools;C:\Windows\System32\OpenSSH\;C:\Windows\System32;C:Windows;C:\Program Files\Git\bin;C:\Users\carol\go\bin;C:\Users\carol\.jdks\openjdk-18\bin;C:\Program Files\JetBrains\GoLand 2022.3.4\bin;;C:\Users\carol\AppData\Roaming\npm;C:\Users\carol\AppData\Local\Android\Sdk\platform-tools;;C:\Users\carol\Documents\6Semester\mobileApp\AwesomeProject\node_modules\.bin
USERNAME=carol
OS=Windows_NT
PROCESSOR_IDENTIFIER=Intel64 Family 6 Model 126 Stepping 5, GenuineIntel



---------------  S Y S T E M  ---------------

OS:
 Windows 10 , 64 bit Build 19041 (10.0.19041.2788)
OS uptime: 3 days 1:08 hours
Hyper-V role detected

CPU: total 8 (initial active 8) (4 cores per cpu, 2 threads per core) family 6 model 126 stepping 5 microcode 0xb0, cx8, cmov, fxsr, ht, mmx, 3dnowpref, sse, sse2, sse3, ssse3, sse4.1, sse4.2, popcnt, lzcnt, tsc, tscinvbit, avx, avx2, aes, erms, clmul, bmi1, bmi2, adx, avx512f, avx512dq, avx512cd, avx512bw, avx512vl, sha, fma, vzeroupper, avx512_vpopcntdq, avx512_vpclmulqdq, avx512_vaes, avx512_vnni, clflush, clflushopt, avx512_vbmi2, avx512_vbmi, hv

Memory: 4k page, system-wide physical 15970M (478M free)
TotalPageFile size 16994M (AvailPageFile size 254M)
current process WorkingSet (physical memory assigned to process): 464M, peak: 501M
current process commit charge ("private bytes"): 582M, peak: 1052M

vm_info: OpenJDK 64-Bit Server VM (18+36-2087) for windows-amd64 JRE (18+36-2087), built on Feb 15 2022 09:37:35 by "mach5one" with MS VC++ 16.8 / 16.9 (VS2019)

END.
